# zsim stats
===
root: # Stats
 contention: # Contention simulation stats
  domain-0: # Domain stats
   time: 35832425603 # Weave simulation time
 time: # Simulator time breakdown
  init: 1031731228
  bound: 422896094892
  weave: 46599102096
  ff: 0
 trigger: 20000 # Reason for this stats dump
 phase: 177354 # Simulated phases
 core: # Core stats
  core-0: # Core stats
   cycles: 1773377386 # Simulated unhalted cycles
   cCycles: 293866454 # Cycles due to contention stalls
   instrs: 2138853348 # Simulated instructions
   uops: 2617930647 # Retired micro-ops
   bbls: 329829777 # Basic blocks
   approxInstrs: 564094 # Instrs with approx uop decoding
   mispredBranches: 1106106 # Mispredicted branches
  core-1: # Core stats
   cycles: 772357043 # Simulated unhalted cycles
   cCycles: 210501717 # Cycles due to contention stalls
   instrs: 408740340 # Simulated instructions
   uops: 384670760 # Retired micro-ops
   bbls: 26759624 # Basic blocks
   approxInstrs: 209 # Instrs with approx uop decoding
   mispredBranches: 904523 # Mispredicted branches
  core-2: # Core stats
   cycles: 772431701 # Simulated unhalted cycles
   cCycles: 210514074 # Cycles due to contention stalls
   instrs: 408733000 # Simulated instructions
   uops: 384664069 # Retired micro-ops
   bbls: 26758891 # Basic blocks
   approxInstrs: 192 # Instrs with approx uop decoding
   mispredBranches: 904991 # Mispredicted branches
  core-3: # Core stats
   cycles: 772421190 # Simulated unhalted cycles
   cCycles: 210491731 # Cycles due to contention stalls
   instrs: 408733546 # Simulated instructions
   uops: 384665663 # Retired micro-ops
   bbls: 26758990 # Basic blocks
   approxInstrs: 209 # Instrs with approx uop decoding
   mispredBranches: 905204 # Mispredicted branches
  core-4: # Core stats
   cycles: 772328874 # Simulated unhalted cycles
   cCycles: 210461593 # Cycles due to contention stalls
   instrs: 408748889 # Simulated instructions
   uops: 384679547 # Retired micro-ops
   bbls: 26759903 # Basic blocks
   approxInstrs: 192 # Instrs with approx uop decoding
   mispredBranches: 905275 # Mispredicted branches
  core-5: # Core stats
   cycles: 772600961 # Simulated unhalted cycles
   cCycles: 210547425 # Cycles due to contention stalls
   instrs: 408731282 # Simulated instructions
   uops: 384663817 # Retired micro-ops
   bbls: 26758689 # Basic blocks
   approxInstrs: 190 # Instrs with approx uop decoding
   mispredBranches: 906154 # Mispredicted branches
  core-6: # Core stats
   cycles: 772462896 # Simulated unhalted cycles
   cCycles: 210542337 # Cycles due to contention stalls
   instrs: 408737794 # Simulated instructions
   uops: 384667948 # Retired micro-ops
   bbls: 26759246 # Basic blocks
   approxInstrs: 192 # Instrs with approx uop decoding
   mispredBranches: 904801 # Mispredicted branches
  core-7: # Core stats
   cycles: 772382041 # Simulated unhalted cycles
   cCycles: 210490323 # Cycles due to contention stalls
   instrs: 408728850 # Simulated instructions
   uops: 384658704 # Retired micro-ops
   bbls: 26758710 # Basic blocks
   approxInstrs: 193 # Instrs with approx uop decoding
   mispredBranches: 904210 # Mispredicted branches
 l1i: # Cache stats
  l1i-0: # Filter cache stats
   fhGETS: 336968365 # Filtered GETS hits
   fhGETX: 0 # Filtered GETX hits
   hGETS: 1032 # GETS hits
   hGETX: 0 # GETX hits
   mGETS: 11731 # GETS misses
   mGETXIM: 0 # GETX I->M misses
   mGETXSM: 0 # GETX S->M misses (upgrade misses)
   PUTS: 0 # Clean evictions (from lower level)
   PUTX: 0 # Dirty evictions (from lower level)
   INV: 11522 # Invalidates (from upper level)
   INVX: 0 # Downgrades (from upper level)
   FWD: 0 # Forwards (from upper level)
   latGETnl: 794738 # GET request latency on next level
   latGETnet: 0 # GET request latency on network to next level
  l1i-1: # Filter cache stats
   fhGETS: 32006077 # Filtered GETS hits
   fhGETX: 0 # Filtered GETX hits
   hGETS: 458 # GETS hits
   hGETX: 0 # GETX hits
   mGETS: 198 # GETS misses
   mGETXIM: 0 # GETX I->M misses
   mGETXSM: 0 # GETX S->M misses (upgrade misses)
   PUTS: 0 # Clean evictions (from lower level)
   PUTX: 0 # Dirty evictions (from lower level)
   INV: 14 # Invalidates (from upper level)
   INVX: 0 # Downgrades (from upper level)
   FWD: 0 # Forwards (from upper level)
   latGETnl: 6399 # GET request latency on next level
   latGETnet: 0 # GET request latency on network to next level
  l1i-2: # Filter cache stats
   fhGETS: 32007777 # Filtered GETS hits
   fhGETX: 0 # Filtered GETX hits
   hGETS: 446 # GETS hits
   hGETX: 0 # GETX hits
   mGETS: 122 # GETS misses
   mGETXIM: 0 # GETX I->M misses
   mGETXSM: 0 # GETX S->M misses (upgrade misses)
   PUTS: 0 # Clean evictions (from lower level)
   PUTX: 0 # Dirty evictions (from lower level)
   INV: 0 # Invalidates (from upper level)
   INVX: 0 # Downgrades (from upper level)
   FWD: 0 # Forwards (from upper level)
   latGETnl: 3166 # GET request latency on next level
   latGETnet: 0 # GET request latency on network to next level
  l1i-3: # Filter cache stats
   fhGETS: 32008885 # Filtered GETS hits
   fhGETX: 0 # Filtered GETX hits
   hGETS: 421 # GETS hits
   hGETX: 0 # GETX hits
   mGETS: 188 # GETS misses
   mGETXIM: 0 # GETX I->M misses
   mGETXSM: 0 # GETX S->M misses (upgrade misses)
   PUTS: 0 # Clean evictions (from lower level)
   PUTX: 0 # Dirty evictions (from lower level)
   INV: 11 # Invalidates (from upper level)
   INVX: 0 # Downgrades (from upper level)
   FWD: 0 # Forwards (from upper level)
   latGETnl: 6529 # GET request latency on next level
   latGETnet: 0 # GET request latency on network to next level
  l1i-4: # Filter cache stats
   fhGETS: 32010252 # Filtered GETS hits
   fhGETX: 0 # Filtered GETX hits
   hGETS: 435 # GETS hits
   hGETX: 0 # GETX hits
   mGETS: 123 # GETS misses
   mGETXIM: 0 # GETX I->M misses
   mGETXSM: 0 # GETX S->M misses (upgrade misses)
   PUTS: 0 # Clean evictions (from lower level)
   PUTX: 0 # Dirty evictions (from lower level)
   INV: 1 # Invalidates (from upper level)
   INVX: 0 # Downgrades (from upper level)
   FWD: 0 # Forwards (from upper level)
   latGETnl: 3459 # GET request latency on next level
   latGETnet: 0 # GET request latency on network to next level
  l1i-5: # Filter cache stats
   fhGETS: 32013426 # Filtered GETS hits
   fhGETX: 0 # Filtered GETX hits
   hGETS: 422 # GETS hits
   hGETX: 0 # GETX hits
   mGETS: 115 # GETS misses
   mGETXIM: 0 # GETX I->M misses
   mGETXSM: 0 # GETX S->M misses (upgrade misses)
   PUTS: 0 # Clean evictions (from lower level)
   PUTX: 0 # Dirty evictions (from lower level)
   INV: 0 # Invalidates (from upper level)
   INVX: 0 # Downgrades (from upper level)
   FWD: 0 # Forwards (from upper level)
   latGETnl: 2825 # GET request latency on next level
   latGETnet: 0 # GET request latency on network to next level
  l1i-6: # Filter cache stats
   fhGETS: 32007196 # Filtered GETS hits
   fhGETX: 0 # Filtered GETX hits
   hGETS: 439 # GETS hits
   hGETX: 0 # GETX hits
   mGETS: 127 # GETS misses
   mGETXIM: 0 # GETX I->M misses
   mGETXSM: 0 # GETX S->M misses (upgrade misses)
   PUTS: 0 # Clean evictions (from lower level)
   PUTX: 0 # Dirty evictions (from lower level)
   INV: 2 # Invalidates (from upper level)
   INVX: 0 # Downgrades (from upper level)
   FWD: 0 # Forwards (from upper level)
   latGETnl: 3236 # GET request latency on next level
   latGETnet: 0 # GET request latency on network to next level
  l1i-7: # Filter cache stats
   fhGETS: 32003634 # Filtered GETS hits
   fhGETX: 0 # Filtered GETX hits
   hGETS: 490 # GETS hits
   hGETX: 0 # GETX hits
   mGETS: 124 # GETS misses
   mGETXIM: 0 # GETX I->M misses
   mGETXSM: 0 # GETX S->M misses (upgrade misses)
   PUTS: 0 # Clean evictions (from lower level)
   PUTX: 0 # Dirty evictions (from lower level)
   INV: 2 # Invalidates (from upper level)
   INVX: 0 # Downgrades (from upper level)
   FWD: 0 # Forwards (from upper level)
   latGETnl: 3662 # GET request latency on next level
   latGETnet: 0 # GET request latency on network to next level
 l1d: # Cache stats
  l1d-0: # Filter cache stats
   fhGETS: 567796029 # Filtered GETS hits
   fhGETX: 273352979 # Filtered GETX hits
   hGETS: 4034639 # GETS hits
   hGETX: 3732442 # GETX hits
   mGETS: 8901375 # GETS misses
   mGETXIM: 1865385 # GETX I->M misses
   mGETXSM: 71390 # GETX S->M misses (upgrade misses)
   PUTS: 0 # Clean evictions (from lower level)
   PUTX: 0 # Dirty evictions (from lower level)
   INV: 392 # Invalidates (from upper level)
   INVX: 2064 # Downgrades (from upper level)
   FWD: 0 # Forwards (from upper level)
   latGETnl: 696370547 # GET request latency on next level
   latGETnet: 0 # GET request latency on network to next level
  l1d-1: # Filter cache stats
   fhGETS: 38890401 # Filtered GETS hits
   fhGETX: 357512 # Filtered GETX hits
   hGETS: 2758805 # GETS hits
   hGETX: 139418 # GETX hits
   mGETS: 6845897 # GETS misses
   mGETXIM: 62647 # GETX I->M misses
   mGETXSM: 497 # GETX S->M misses (upgrade misses)
   PUTS: 0 # Clean evictions (from lower level)
   PUTX: 0 # Dirty evictions (from lower level)
   INV: 1969 # Invalidates (from upper level)
   INVX: 3383 # Downgrades (from upper level)
   FWD: 0 # Forwards (from upper level)
   latGETnl: 469228341 # GET request latency on next level
   latGETnet: 0 # GET request latency on network to next level
  l1d-2: # Filter cache stats
   fhGETS: 38903678 # Filtered GETS hits
   fhGETX: 357597 # Filtered GETX hits
   hGETS: 2744349 # GETS hits
   hGETX: 139939 # GETX hits
   mGETS: 6845732 # GETS misses
   mGETXIM: 62632 # GETX I->M misses
   mGETXSM: 255 # GETX S->M misses (upgrade misses)
   PUTS: 0 # Clean evictions (from lower level)
   PUTX: 0 # Dirty evictions (from lower level)
   INV: 2012 # Invalidates (from upper level)
   INVX: 3425 # Downgrades (from upper level)
   FWD: 0 # Forwards (from upper level)
   latGETnl: 469230275 # GET request latency on next level
   latGETnet: 0 # GET request latency on network to next level
  l1d-3: # Filter cache stats
   fhGETS: 38900657 # Filtered GETS hits
   fhGETX: 358101 # Filtered GETX hits
   hGETS: 2747492 # GETS hits
   hGETX: 140388 # GETX hits
   mGETS: 6845790 # GETS misses
   mGETXIM: 62643 # GETX I->M misses
   mGETXSM: 196 # GETX S->M misses (upgrade misses)
   PUTS: 0 # Clean evictions (from lower level)
   PUTX: 0 # Dirty evictions (from lower level)
   INV: 2019 # Invalidates (from upper level)
   INVX: 3377 # Downgrades (from upper level)
   FWD: 0 # Forwards (from upper level)
   latGETnl: 469225869 # GET request latency on next level
   latGETnet: 0 # GET request latency on network to next level
  l1d-4: # Filter cache stats
   fhGETS: 38887862 # Filtered GETS hits
   fhGETX: 357717 # Filtered GETX hits
   hGETS: 2761694 # GETS hits
   hGETX: 140091 # GETX hits
   mGETS: 6846038 # GETS misses
   mGETXIM: 62632 # GETX I->M misses
   mGETXSM: 458 # GETX S->M misses (upgrade misses)
   PUTS: 0 # Clean evictions (from lower level)
   PUTX: 0 # Dirty evictions (from lower level)
   INV: 1957 # Invalidates (from upper level)
   INVX: 3410 # Downgrades (from upper level)
   FWD: 0 # Forwards (from upper level)
   latGETnl: 469219578 # GET request latency on next level
   latGETnet: 0 # GET request latency on network to next level
  l1d-5: # Filter cache stats
   fhGETS: 38917808 # Filtered GETS hits
   fhGETX: 358323 # Filtered GETX hits
   hGETS: 2729825 # GETS hits
   hGETX: 140572 # GETX hits
   mGETS: 6845762 # GETS misses
   mGETXIM: 62633 # GETX I->M misses
   mGETXSM: 226 # GETX S->M misses (upgrade misses)
   PUTS: 0 # Clean evictions (from lower level)
   PUTX: 0 # Dirty evictions (from lower level)
   INV: 1958 # Invalidates (from upper level)
   INVX: 3445 # Downgrades (from upper level)
   FWD: 0 # Forwards (from upper level)
   latGETnl: 469237932 # GET request latency on next level
   latGETnet: 0 # GET request latency on network to next level
  l1d-6: # Filter cache stats
   fhGETS: 38895031 # Filtered GETS hits
   fhGETX: 356959 # Filtered GETX hits
   hGETS: 2753487 # GETS hits
   hGETX: 139949 # GETX hits
   mGETS: 6845883 # GETS misses
   mGETXIM: 62633 # GETX I->M misses
   mGETXSM: 283 # GETX S->M misses (upgrade misses)
   PUTS: 0 # Clean evictions (from lower level)
   PUTX: 0 # Dirty evictions (from lower level)
   INV: 1986 # Invalidates (from upper level)
   INVX: 3280 # Downgrades (from upper level)
   FWD: 0 # Forwards (from upper level)
   latGETnl: 469225797 # GET request latency on next level
   latGETnet: 0 # GET request latency on network to next level
  l1d-7: # Filter cache stats
   fhGETS: 38911840 # Filtered GETS hits
   fhGETX: 356671 # Filtered GETX hits
   hGETS: 2735911 # GETS hits
   hGETX: 139410 # GETX hits
   mGETS: 6845682 # GETS misses
   mGETXIM: 62633 # GETX I->M misses
   mGETXSM: 293 # GETX S->M misses (upgrade misses)
   PUTS: 0 # Clean evictions (from lower level)
   PUTX: 0 # Dirty evictions (from lower level)
   INV: 1973 # Invalidates (from upper level)
   INVX: 2735 # Downgrades (from upper level)
   FWD: 0 # Forwards (from upper level)
   latGETnl: 469140457 # GET request latency on next level
   latGETnet: 0 # GET request latency on network to next level
 l2: # Cache stats
  l2-0: # Cache stats
   hGETS: 304300 # GETS hits
   hGETX: 4 # GETX hits
   mGETS: 8608806 # GETS misses
   mGETXIM: 1865381 # GETX I->M misses
   mGETXSM: 71390 # GETX S->M misses (upgrade misses)
   PUTS: 7209373 # Clean evictions (from lower level)
   PUTX: 3556537 # Dirty evictions (from lower level)
   INV: 6674745 # Invalidates (from upper level)
   INVX: 14233 # Downgrades (from upper level)
   FWD: 0 # Forwards (from upper level)
   latGETnl: 610366237 # GET request latency on next level
   latGETnet: 0 # GET request latency on network to next level
  l2-1: # Cache stats
   hGETS: 1581 # GETS hits
   hGETX: 0 # GETX hits
   mGETS: 6844514 # GETS misses
   mGETXIM: 62647 # GETX I->M misses
   mGETXSM: 497 # GETX S->M misses (upgrade misses)
   PUTS: 6715613 # Clean evictions (from lower level)
   PUTX: 190450 # Dirty evictions (from lower level)
   INV: 6627445 # Invalidates (from upper level)
   INVX: 23767 # Downgrades (from upper level)
   FWD: 0 # Forwards (from upper level)
   latGETnl: 413960828 # GET request latency on next level
   latGETnet: 0 # GET request latency on network to next level
  l2-2: # Cache stats
   hGETS: 1566 # GETS hits
   hGETX: 0 # GETX hits
   mGETS: 6844288 # GETS misses
   mGETXIM: 62632 # GETX I->M misses
   mGETXSM: 255 # GETX S->M misses (upgrade misses)
   PUTS: 6715268 # Clean evictions (from lower level)
   PUTX: 190572 # Dirty evictions (from lower level)
   INV: 6639735 # Invalidates (from upper level)
   INVX: 23751 # Downgrades (from upper level)
   FWD: 0 # Forwards (from upper level)
   latGETnl: 413963513 # GET request latency on next level
   latGETnet: 0 # GET request latency on network to next level
  l2-3: # Cache stats
   hGETS: 1420 # GETS hits
   hGETX: 0 # GETX hits
   mGETS: 6844558 # GETS misses
   mGETXIM: 62643 # GETX I->M misses
   mGETXSM: 196 # GETX S->M misses (upgrade misses)
   PUTS: 6714965 # Clean evictions (from lower level)
   PUTX: 190937 # Dirty evictions (from lower level)
   INV: 6615069 # Invalidates (from upper level)
   INVX: 23695 # Downgrades (from upper level)
   FWD: 0 # Forwards (from upper level)
   latGETnl: 413961862 # GET request latency on next level
   latGETnet: 0 # GET request latency on network to next level
  l2-4: # Cache stats
   hGETS: 1391 # GETS hits
   hGETX: 0 # GETX hits
   mGETS: 6844770 # GETS misses
   mGETXIM: 62632 # GETX I->M misses
   mGETXSM: 458 # GETX S->M misses (upgrade misses)
   PUTS: 6715429 # Clean evictions (from lower level)
   PUTX: 190772 # Dirty evictions (from lower level)
   INV: 6642789 # Invalidates (from upper level)
   INVX: 22963 # Downgrades (from upper level)
   FWD: 0 # Forwards (from upper level)
   latGETnl: 413949029 # GET request latency on next level
   latGETnet: 0 # GET request latency on network to next level
  l2-5: # Cache stats
   hGETS: 1420 # GETS hits
   hGETX: 0 # GETX hits
   mGETS: 6844457 # GETS misses
   mGETXIM: 62633 # GETX I->M misses
   mGETXSM: 226 # GETX S->M misses (upgrade misses)
   PUTS: 6714935 # Clean evictions (from lower level)
   PUTX: 190990 # Dirty evictions (from lower level)
   INV: 6644744 # Invalidates (from upper level)
   INVX: 23273 # Downgrades (from upper level)
   FWD: 0 # Forwards (from upper level)
   latGETnl: 413970869 # GET request latency on next level
   latGETnet: 0 # GET request latency on network to next level
  l2-6: # Cache stats
   hGETS: 1452 # GETS hits
   hGETX: 0 # GETX hits
   mGETS: 6844558 # GETS misses
   mGETXIM: 62633 # GETX I->M misses
   mGETXSM: 283 # GETX S->M misses (upgrade misses)
   PUTS: 6715552 # Clean evictions (from lower level)
   PUTX: 190466 # Dirty evictions (from lower level)
   INV: 6639057 # Invalidates (from upper level)
   INVX: 22257 # Downgrades (from upper level)
   FWD: 0 # Forwards (from upper level)
   latGETnl: 413957625 # GET request latency on next level
   latGETnet: 0 # GET request latency on network to next level
  l2-7: # Cache stats
   hGETS: 2207 # GETS hits
   hGETX: 0 # GETX hits
   mGETS: 6843599 # GETS misses
   mGETXIM: 62633 # GETX I->M misses
   mGETXSM: 293 # GETX S->M misses (upgrade misses)
   PUTS: 6715855 # Clean evictions (from lower level)
   PUTX: 189975 # Dirty evictions (from lower level)
   INV: 6632554 # Invalidates (from upper level)
   INVX: 21677 # Downgrades (from upper level)
   FWD: 0 # Forwards (from upper level)
   latGETnl: 413874263 # GET request latency on next level
   latGETnet: 0 # GET request latency on network to next level
 l3: # Cache stats
  l3-0: # Cache stats
   hGETS: 546902 # GETS hits
   hGETX: 74356 # GETX hits
   mGETS: 55972648 # GETS misses
   mGETXIM: 2303076 # GETX I->M misses
   mGETXSM: 0 # GETX S->M misses (upgrade misses)
   PUTS: 2580436 # Clean evictions (from lower level)
   PUTX: 3092992 # Dirty evictions (from lower level)
   INV: 0 # Invalidates (from upper level)
   INVX: 0 # Downgrades (from upper level)
   FWD: 0 # Forwards (from upper level)
   latGETnl: 2622407580 # GET request latency on next level
   latGETnet: 0 # GET request latency on network to next level
 mem: # Memory controller stats
  mem-0: # Memory controller stats
   rd: 31883717 # Read requests
   wr: 2111332 # Write requests
   rdlat: 2593026016 # Total latency experienced by read requests
   wrlat: 296089254 # Total latency experienced by write requests
   rdhits: 58362 # Read row hits
   wrhits: 23338 # Write row hits
   mlh: # latency histogram for memory requests
    0: 0
    1: 0
    2: 0
    3: 0
    4: 1
    5: 5
    6: 4246
    7: 25621899
    8: 3488158
    9: 670179
    10: 223233
    11: 207758
    12: 376630
    13: 290244
    14: 217054
    15: 215110
    16: 106987
    17: 25559
    18: 42928
    19: 20232
    20: 26403
    21: 25132
    22: 24681
    23: 25671
    24: 29628
    25: 31593
    26: 38453
    27: 36870
    28: 34474
    29: 30412
    30: 27085
    31: 20412
    32: 8120
    33: 3374
    34: 2677
    35: 2251
    36: 1902
    37: 1441
    38: 801
    39: 541
    40: 415
    41: 240
    42: 262
    43: 186
    44: 149
    45: 80
    46: 46
    47: 26
    48: 33
    49: 26
    50: 23
    51: 26
    52: 20
    53: 9
    54: 8
    55: 10
    56: 6
    57: 4
    58: 1
    59: 0
    60: 2
    61: 0
    62: 0
    63: 0
    64: 0
    65: 1
    66: 0
    67: 0
    68: 0
    69: 0
    70: 0
    71: 0
    72: 0
    73: 0
    74: 0
    75: 0
    76: 0
    77: 0
    78: 0
    79: 0
    80: 0
    81: 0
    82: 0
    83: 0
    84: 0
    85: 0
    86: 0
    87: 0
    88: 0
    89: 0
    90: 0
    91: 0
    92: 0
    93: 0
    94: 0
    95: 0
    96: 0
    97: 0
    98: 0
    99: 0
  mem-1: # Memory controller stats
   rd: 26391749 # Read requests
   wr: 2110811 # Write requests
   rdlat: 2093863293 # Total latency experienced by read requests
   wrlat: 262755875 # Total latency experienced by write requests
   rdhits: 46216 # Read row hits
   wrhits: 18241 # Write row hits
   mlh: # latency histogram for memory requests
    0: 0
    1: 0
    2: 0
    3: 0
    4: 0
    5: 2
    6: 2267
    7: 22468284
    8: 2705272
    9: 356386
    10: 68801
    11: 48659
    12: 50565
    13: 50689
    14: 57565
    15: 71663
    16: 34623
    17: 7474
    18: 30761
    19: 46471
    20: 137059
    21: 15335
    22: 20664
    23: 22721
    24: 25736
    25: 26335
    26: 31007
    27: 29754
    28: 26015
    29: 19064
    30: 16208
    31: 9729
    32: 4250
    33: 2152
    34: 608
    35: 441
    36: 409
    37: 274
    38: 209
    39: 149
    40: 196
    41: 1008
    42: 2321
    43: 244
    44: 161
    45: 40
    46: 24
    47: 15
    48: 13
    49: 8
    50: 7
    51: 11
    52: 8
    53: 20
    54: 4
    55: 10
    56: 54
    57: 3
    58: 1
    59: 0
    60: 0
    61: 0
    62: 0
    63: 0
    64: 0
    65: 0
    66: 0
    67: 0
    68: 0
    69: 0
    70: 0
    71: 0
    72: 0
    73: 0
    74: 0
    75: 0
    76: 0
    77: 0
    78: 0
    79: 0
    80: 0
    81: 0
    82: 0
    83: 0
    84: 0
    85: 0
    86: 0
    87: 0
    88: 0
    89: 0
    90: 0
    91: 0
    92: 0
    93: 0
    94: 0
    95: 0
    96: 0
    97: 0
    98: 0
    99: 0
 sched: # Scheduler stats
  thCr: 8 # Threads created
  thFn: 0 # Threads finished
  schedEvs: 8 # Schedule events
  waitEvs: 0 # Wait events
  handoffEvs: 0 # Handoff events
  sleepEvs: 0 # Sleep events
  idlePhases: 0 # Phases with no thread active
  idlePeriods: 0 # Periods with no thread active
  occHist: # Occupancy histogram
   0: 0
   1: 79775
   2: 0
   3: 0
   4: 0
   5: 0
   6: 0
   7: 1
   8: 97578
  rqSzHist: # Run queue size histogram
   0: 177354
   1: 0
   2: 0
   3: 0
   4: 0
   5: 0
   6: 0
   7: 0
   8: 0
   9: 0
   10: 0
   11: 0
   12: 0
   13: 0
   14: 0
   15: 0
   16: 0
 procCycles: # Per-process unhalted core cycles
  0: 7180362092
  1: 0
  2: 0
  3: 0
  4: 0
  5: 0
  6: 0
  7: 0
  8: 0
  9: 0
  10: 0
  11: 0
  12: 0
  13: 0
  14: 0
  15: 0
  16: 0
  17: 0
  18: 0
  19: 0
  20: 0
  21: 0
  22: 0
  23: 0
  24: 0
  25: 0
  26: 0
  27: 0
  28: 0
  29: 0
  30: 0
  31: 0
  32: 0
  33: 0
  34: 0
  35: 0
  36: 0
  37: 0
  38: 0
  39: 0
  40: 0
  41: 0
  42: 0
  43: 0
  44: 0
  45: 0
  46: 0
  47: 0
  48: 0
  49: 0
  50: 0
  51: 0
  52: 0
  53: 0
  54: 0
  55: 0
  56: 0
  57: 0
  58: 0
  59: 0
  60: 0
  61: 0
  62: 0
  63: 0
 procInstrs: # Per-process instructions
  0: 5000007049
  1: 0
  2: 0
  3: 0
  4: 0
  5: 0
  6: 0
  7: 0
  8: 0
  9: 0
  10: 0
  11: 0
  12: 0
  13: 0
  14: 0
  15: 0
  16: 0
  17: 0
  18: 0
  19: 0
  20: 0
  21: 0
  22: 0
  23: 0
  24: 0
  25: 0
  26: 0
  27: 0
  28: 0
  29: 0
  30: 0
  31: 0
  32: 0
  33: 0
  34: 0
  35: 0
  36: 0
  37: 0
  38: 0
  39: 0
  40: 0
  41: 0
  42: 0
  43: 0
  44: 0
  45: 0
  46: 0
  47: 0
  48: 0
  49: 0
  50: 0
  51: 0
  52: 0
  53: 0
  54: 0
  55: 0
  56: 0
  57: 0
  58: 0
  59: 0
  60: 0
  61: 0
  62: 0
  63: 0
 heartbeats: # Per-process heartbeats
  0: 0
  1: 0
  2: 0
  3: 0
  4: 0
  5: 0
  6: 0
  7: 0
  8: 0
  9: 0
  10: 0
  11: 0
  12: 0
  13: 0
  14: 0
  15: 0
  16: 0
  17: 0
  18: 0
  19: 0
  20: 0
  21: 0
  22: 0
  23: 0
  24: 0
  25: 0
  26: 0
  27: 0
  28: 0
  29: 0
  30: 0
  31: 0
  32: 0
  33: 0
  34: 0
  35: 0
  36: 0
  37: 0
  38: 0
  39: 0
  40: 0
  41: 0
  42: 0
  43: 0
  44: 0
  45: 0
  46: 0
  47: 0
  48: 0
  49: 0
  50: 0
  51: 0
  52: 0
  53: 0
  54: 0
  55: 0
  56: 0
  57: 0
  58: 0
  59: 0
  60: 0
  61: 0
  62: 0
  63: 0
===
