# zsim stats
===
root: # Stats
 contention: # Contention simulation stats
  domain-0: # Domain stats
   time: 7507592111 # Weave simulation time
 time: # Simulator time breakdown
  init: 11952042981
  bound: 88252492627
  weave: 10654645739
  ff: 0
 trigger: 20000 # Reason for this stats dump
 phase: 48895 # Simulated phases
 core: # Core stats
  core-0: # Core stats
   cycles: 488950789 # Simulated unhalted cycles
   cCycles: 40475039 # Cycles due to contention stalls
   instrs: 357172225 # Simulated instructions
  core-1: # Core stats
   cycles: 488883272 # Simulated unhalted cycles
   cCycles: 40473116 # Cycles due to contention stalls
   instrs: 357148611 # Simulated instructions
  core-2: # Core stats
   cycles: 488878317 # Simulated unhalted cycles
   cCycles: 40467516 # Cycles due to contention stalls
   instrs: 357151704 # Simulated instructions
  core-3: # Core stats
   cycles: 488872721 # Simulated unhalted cycles
   cCycles: 40474587 # Cycles due to contention stalls
   instrs: 357144526 # Simulated instructions
  core-4: # Core stats
   cycles: 488872665 # Simulated unhalted cycles
   cCycles: 40471087 # Cycles due to contention stalls
   instrs: 357147588 # Simulated instructions
  core-5: # Core stats
   cycles: 488872809 # Simulated unhalted cycles
   cCycles: 40463059 # Cycles due to contention stalls
   instrs: 357155423 # Simulated instructions
  core-6: # Core stats
   cycles: 488873064 # Simulated unhalted cycles
   cCycles: 40472525 # Cycles due to contention stalls
   instrs: 357146379 # Simulated instructions
  core-7: # Core stats
   cycles: 488872803 # Simulated unhalted cycles
   cCycles: 40479034 # Cycles due to contention stalls
   instrs: 357140422 # Simulated instructions
  core-8: # Core stats
   cycles: 488872953 # Simulated unhalted cycles
   cCycles: 40471907 # Cycles due to contention stalls
   instrs: 357146719 # Simulated instructions
  core-9: # Core stats
   cycles: 488872892 # Simulated unhalted cycles
   cCycles: 40471709 # Cycles due to contention stalls
   instrs: 357147206 # Simulated instructions
  core-10: # Core stats
   cycles: 488872738 # Simulated unhalted cycles
   cCycles: 40469957 # Cycles due to contention stalls
   instrs: 357149926 # Simulated instructions
  core-11: # Core stats
   cycles: 488872693 # Simulated unhalted cycles
   cCycles: 40471623 # Cycles due to contention stalls
   instrs: 357147088 # Simulated instructions
  core-12: # Core stats
   cycles: 488872679 # Simulated unhalted cycles
   cCycles: 40471545 # Cycles due to contention stalls
   instrs: 357146974 # Simulated instructions
  core-13: # Core stats
   cycles: 488872817 # Simulated unhalted cycles
   cCycles: 40472972 # Cycles due to contention stalls
   instrs: 357144950 # Simulated instructions
 l1i: # Cache stats
  l1i-0: # Filter cache stats
   fhGETS: 59197804 # Filtered GETS hits
   fhGETX: 0 # Filtered GETX hits
   hGETS: 589 # GETS hits
   hGETX: 0 # GETX hits
   mGETS: 180 # GETS misses
   mGETXIM: 0 # GETX I->M misses
   mGETXSM: 0 # GETX S->M misses (upgrade misses)
   PUTS: 0 # Clean evictions (from lower level)
   PUTX: 0 # Dirty evictions (from lower level)
   INV: 118 # Invalidates (from upper level)
   INVX: 0 # Downgrades (from upper level)
   FWD: 0 # Forwards (from upper level)
   latGETnl: 12984 # GET request latency on next level
   latGETnet: 0 # GET request latency on network to next level
  l1i-1: # Filter cache stats
   fhGETS: 59193964 # Filtered GETS hits
   fhGETX: 0 # Filtered GETX hits
   hGETS: 8 # GETS hits
   hGETX: 0 # GETX hits
   mGETS: 77 # GETS misses
   mGETXIM: 0 # GETX I->M misses
   mGETXSM: 0 # GETX S->M misses (upgrade misses)
   PUTS: 0 # Clean evictions (from lower level)
   PUTX: 0 # Dirty evictions (from lower level)
   INV: 3 # Invalidates (from upper level)
   INVX: 0 # Downgrades (from upper level)
   FWD: 0 # Forwards (from upper level)
   latGETnl: 2818 # GET request latency on next level
   latGETnet: 0 # GET request latency on network to next level
  l1i-2: # Filter cache stats
   fhGETS: 59194449 # Filtered GETS hits
   fhGETX: 0 # Filtered GETX hits
   hGETS: 0 # GETS hits
   hGETX: 0 # GETX hits
   mGETS: 73 # GETS misses
   mGETXIM: 0 # GETX I->M misses
   mGETXSM: 0 # GETX S->M misses (upgrade misses)
   PUTS: 0 # Clean evictions (from lower level)
   PUTX: 0 # Dirty evictions (from lower level)
   INV: 1 # Invalidates (from upper level)
   INVX: 0 # Downgrades (from upper level)
   FWD: 0 # Forwards (from upper level)
   latGETnl: 2234 # GET request latency on next level
   latGETnet: 0 # GET request latency on network to next level
  l1i-3: # Filter cache stats
   fhGETS: 59193336 # Filtered GETS hits
   fhGETX: 0 # Filtered GETX hits
   hGETS: 0 # GETS hits
   hGETX: 0 # GETX hits
   mGETS: 32 # GETS misses
   mGETXIM: 0 # GETX I->M misses
   mGETXSM: 0 # GETX S->M misses (upgrade misses)
   PUTS: 0 # Clean evictions (from lower level)
   PUTX: 0 # Dirty evictions (from lower level)
   INV: 0 # Invalidates (from upper level)
   INVX: 0 # Downgrades (from upper level)
   FWD: 0 # Forwards (from upper level)
   latGETnl: 832 # GET request latency on next level
   latGETnet: 0 # GET request latency on network to next level
  l1i-4: # Filter cache stats
   fhGETS: 59193875 # Filtered GETS hits
   fhGETX: 0 # Filtered GETX hits
   hGETS: 0 # GETS hits
   hGETX: 0 # GETX hits
   mGETS: 32 # GETS misses
   mGETXIM: 0 # GETX I->M misses
   mGETXSM: 0 # GETX S->M misses (upgrade misses)
   PUTS: 0 # Clean evictions (from lower level)
   PUTX: 0 # Dirty evictions (from lower level)
   INV: 0 # Invalidates (from upper level)
   INVX: 0 # Downgrades (from upper level)
   FWD: 0 # Forwards (from upper level)
   latGETnl: 832 # GET request latency on next level
   latGETnet: 0 # GET request latency on network to next level
  l1i-5: # Filter cache stats
   fhGETS: 59195091 # Filtered GETS hits
   fhGETX: 0 # Filtered GETX hits
   hGETS: 0 # GETS hits
   hGETX: 0 # GETX hits
   mGETS: 32 # GETS misses
   mGETXIM: 0 # GETX I->M misses
   mGETXSM: 0 # GETX S->M misses (upgrade misses)
   PUTS: 0 # Clean evictions (from lower level)
   PUTX: 0 # Dirty evictions (from lower level)
   INV: 0 # Invalidates (from upper level)
   INVX: 0 # Downgrades (from upper level)
   FWD: 0 # Forwards (from upper level)
   latGETnl: 832 # GET request latency on next level
   latGETnet: 0 # GET request latency on network to next level
  l1i-6: # Filter cache stats
   fhGETS: 59193603 # Filtered GETS hits
   fhGETX: 0 # Filtered GETX hits
   hGETS: 0 # GETS hits
   hGETX: 0 # GETX hits
   mGETS: 32 # GETS misses
   mGETXIM: 0 # GETX I->M misses
   mGETXSM: 0 # GETX S->M misses (upgrade misses)
   PUTS: 0 # Clean evictions (from lower level)
   PUTX: 0 # Dirty evictions (from lower level)
   INV: 0 # Invalidates (from upper level)
   INVX: 0 # Downgrades (from upper level)
   FWD: 0 # Forwards (from upper level)
   latGETnl: 832 # GET request latency on next level
   latGETnet: 0 # GET request latency on network to next level
  l1i-7: # Filter cache stats
   fhGETS: 59192695 # Filtered GETS hits
   fhGETX: 0 # Filtered GETX hits
   hGETS: 0 # GETS hits
   hGETX: 0 # GETX hits
   mGETS: 32 # GETS misses
   mGETXIM: 0 # GETX I->M misses
   mGETXSM: 0 # GETX S->M misses (upgrade misses)
   PUTS: 0 # Clean evictions (from lower level)
   PUTX: 0 # Dirty evictions (from lower level)
   INV: 0 # Invalidates (from upper level)
   INVX: 0 # Downgrades (from upper level)
   FWD: 0 # Forwards (from upper level)
   latGETnl: 832 # GET request latency on next level
   latGETnet: 0 # GET request latency on network to next level
  l1i-8: # Filter cache stats
   fhGETS: 59193696 # Filtered GETS hits
   fhGETX: 0 # Filtered GETX hits
   hGETS: 0 # GETS hits
   hGETX: 0 # GETX hits
   mGETS: 32 # GETS misses
   mGETXIM: 0 # GETX I->M misses
   mGETXSM: 0 # GETX S->M misses (upgrade misses)
   PUTS: 0 # Clean evictions (from lower level)
   PUTX: 0 # Dirty evictions (from lower level)
   INV: 0 # Invalidates (from upper level)
   INVX: 0 # Downgrades (from upper level)
   FWD: 0 # Forwards (from upper level)
   latGETnl: 832 # GET request latency on next level
   latGETnet: 0 # GET request latency on network to next level
  l1i-9: # Filter cache stats
   fhGETS: 59193765 # Filtered GETS hits
   fhGETX: 0 # Filtered GETX hits
   hGETS: 0 # GETS hits
   hGETX: 0 # GETX hits
   mGETS: 32 # GETS misses
   mGETXIM: 0 # GETX I->M misses
   mGETXSM: 0 # GETX S->M misses (upgrade misses)
   PUTS: 0 # Clean evictions (from lower level)
   PUTX: 0 # Dirty evictions (from lower level)
   INV: 0 # Invalidates (from upper level)
   INVX: 0 # Downgrades (from upper level)
   FWD: 0 # Forwards (from upper level)
   latGETnl: 832 # GET request latency on next level
   latGETnet: 0 # GET request latency on network to next level
  l1i-10: # Filter cache stats
   fhGETS: 59194196 # Filtered GETS hits
   fhGETX: 0 # Filtered GETX hits
   hGETS: 0 # GETS hits
   hGETX: 0 # GETX hits
   mGETS: 32 # GETS misses
   mGETXIM: 0 # GETX I->M misses
   mGETXSM: 0 # GETX S->M misses (upgrade misses)
   PUTS: 0 # Clean evictions (from lower level)
   PUTX: 0 # Dirty evictions (from lower level)
   INV: 0 # Invalidates (from upper level)
   INVX: 0 # Downgrades (from upper level)
   FWD: 0 # Forwards (from upper level)
   latGETnl: 832 # GET request latency on next level
   latGETnet: 0 # GET request latency on network to next level
  l1i-11: # Filter cache stats
   fhGETS: 59193761 # Filtered GETS hits
   fhGETX: 0 # Filtered GETX hits
   hGETS: 0 # GETS hits
   hGETX: 0 # GETX hits
   mGETS: 32 # GETS misses
   mGETXIM: 0 # GETX I->M misses
   mGETXSM: 0 # GETX S->M misses (upgrade misses)
   PUTS: 0 # Clean evictions (from lower level)
   PUTX: 0 # Dirty evictions (from lower level)
   INV: 0 # Invalidates (from upper level)
   INVX: 0 # Downgrades (from upper level)
   FWD: 0 # Forwards (from upper level)
   latGETnl: 832 # GET request latency on next level
   latGETnet: 0 # GET request latency on network to next level
  l1i-12: # Filter cache stats
   fhGETS: 59193755 # Filtered GETS hits
   fhGETX: 0 # Filtered GETX hits
   hGETS: 0 # GETS hits
   hGETX: 0 # GETX hits
   mGETS: 32 # GETS misses
   mGETXIM: 0 # GETX I->M misses
   mGETXSM: 0 # GETX S->M misses (upgrade misses)
   PUTS: 0 # Clean evictions (from lower level)
   PUTX: 0 # Dirty evictions (from lower level)
   INV: 0 # Invalidates (from upper level)
   INVX: 0 # Downgrades (from upper level)
   FWD: 0 # Forwards (from upper level)
   latGETnl: 832 # GET request latency on next level
   latGETnet: 0 # GET request latency on network to next level
  l1i-13: # Filter cache stats
   fhGETS: 59193334 # Filtered GETS hits
   fhGETX: 0 # Filtered GETX hits
   hGETS: 0 # GETS hits
   hGETX: 0 # GETX hits
   mGETS: 32 # GETS misses
   mGETXIM: 0 # GETX I->M misses
   mGETXSM: 0 # GETX S->M misses (upgrade misses)
   PUTS: 0 # Clean evictions (from lower level)
   PUTX: 0 # Dirty evictions (from lower level)
   INV: 0 # Invalidates (from upper level)
   INVX: 0 # Downgrades (from upper level)
   FWD: 0 # Forwards (from upper level)
   latGETnl: 832 # GET request latency on next level
   latGETnet: 0 # GET request latency on network to next level
 l1d: # Cache stats
  l1d-0: # Filter cache stats
   fhGETS: 109024397 # Filtered GETS hits
   fhGETX: 19420546 # Filtered GETX hits
   hGETS: 2119981 # GETS hits
   hGETX: 308628 # GETX hits
   mGETS: 1233290 # GETS misses
   mGETXIM: 410 # GETX I->M misses
   mGETXSM: 6 # GETX S->M misses (upgrade misses)
   PUTS: 0 # Clean evictions (from lower level)
   PUTX: 0 # Dirty evictions (from lower level)
   INV: 320 # Invalidates (from upper level)
   INVX: 131 # Downgrades (from upper level)
   FWD: 0 # Forwards (from upper level)
   latGETnl: 91290541 # GET request latency on next level
   latGETnet: 0 # GET request latency on network to next level
  l1d-1: # Filter cache stats
   fhGETS: 109018759 # Filtered GETS hits
   fhGETX: 19417710 # Filtered GETX hits
   hGETS: 2119571 # GETS hits
   hGETX: 308316 # GETX hits
   mGETS: 1233101 # GETS misses
   mGETXIM: 195 # GETX I->M misses
   mGETXSM: 8 # GETX S->M misses (upgrade misses)
   PUTS: 0 # Clean evictions (from lower level)
   PUTX: 0 # Dirty evictions (from lower level)
   INV: 266 # Invalidates (from upper level)
   INVX: 22 # Downgrades (from upper level)
   FWD: 0 # Forwards (from upper level)
   latGETnl: 91258727 # GET request latency on next level
   latGETnet: 0 # GET request latency on network to next level
  l1d-2: # Filter cache stats
   fhGETS: 109020045 # Filtered GETS hits
   fhGETX: 19417800 # Filtered GETX hits
   hGETS: 2119484 # GETS hits
   hGETX: 308356 # GETX hits
   mGETS: 1233111 # GETS misses
   mGETXIM: 162 # GETX I->M misses
   mGETXSM: 6 # GETX S->M misses (upgrade misses)
   PUTS: 0 # Clean evictions (from lower level)
   PUTX: 0 # Dirty evictions (from lower level)
   INV: 266 # Invalidates (from upper level)
   INVX: 5 # Downgrades (from upper level)
   FWD: 0 # Forwards (from upper level)
   latGETnl: 91256863 # GET request latency on next level
   latGETnet: 0 # GET request latency on network to next level
  l1d-3: # Filter cache stats
   fhGETS: 109019015 # Filtered GETS hits
   fhGETX: 19417396 # Filtered GETX hits
   hGETS: 2118259 # GETS hits
   hGETX: 308333 # GETX hits
   mGETS: 1233036 # GETS misses
   mGETXIM: 161 # GETX I->M misses
   mGETXSM: 4 # GETX S->M misses (upgrade misses)
   PUTS: 0 # Clean evictions (from lower level)
   PUTX: 0 # Dirty evictions (from lower level)
   INV: 265 # Invalidates (from upper level)
   INVX: 12 # Downgrades (from upper level)
   FWD: 0 # Forwards (from upper level)
   latGETnl: 91252776 # GET request latency on next level
   latGETnet: 0 # GET request latency on network to next level
  l1d-4: # Filter cache stats
   fhGETS: 109019635 # Filtered GETS hits
   fhGETX: 19417622 # Filtered GETX hits
   hGETS: 2118579 # GETS hits
   hGETX: 308294 # GETX hits
   mGETS: 1233048 # GETS misses
   mGETXIM: 159 # GETX I->M misses
   mGETXSM: 4 # GETX S->M misses (upgrade misses)
   PUTS: 0 # Clean evictions (from lower level)
   PUTX: 0 # Dirty evictions (from lower level)
   INV: 265 # Invalidates (from upper level)
   INVX: 2 # Downgrades (from upper level)
   FWD: 0 # Forwards (from upper level)
   latGETnl: 91253158 # GET request latency on next level
   latGETnet: 0 # GET request latency on network to next level
  l1d-5: # Filter cache stats
   fhGETS: 109021402 # Filtered GETS hits
   fhGETX: 19417990 # Filtered GETX hits
   hGETS: 2119249 # GETS hits
   hGETX: 308300 # GETX hits
   mGETS: 1233037 # GETS misses
   mGETXIM: 170 # GETX I->M misses
   mGETXSM: 4 # GETX S->M misses (upgrade misses)
   PUTS: 0 # Clean evictions (from lower level)
   PUTX: 0 # Dirty evictions (from lower level)
   INV: 265 # Invalidates (from upper level)
   INVX: 12 # Downgrades (from upper level)
   FWD: 0 # Forwards (from upper level)
   latGETnl: 91253495 # GET request latency on next level
   latGETnet: 0 # GET request latency on network to next level
  l1d-6: # Filter cache stats
   fhGETS: 109018591 # Filtered GETS hits
   fhGETX: 19417665 # Filtered GETX hits
   hGETS: 2119313 # GETS hits
   hGETX: 308153 # GETX hits
   mGETS: 1233055 # GETS misses
   mGETXIM: 152 # GETX I->M misses
   mGETXSM: 4 # GETX S->M misses (upgrade misses)
   PUTS: 0 # Clean evictions (from lower level)
   PUTX: 0 # Dirty evictions (from lower level)
   INV: 265 # Invalidates (from upper level)
   INVX: 7 # Downgrades (from upper level)
   FWD: 0 # Forwards (from upper level)
   latGETnl: 91253328 # GET request latency on next level
   latGETnet: 0 # GET request latency on network to next level
  l1d-7: # Filter cache stats
   fhGETS: 109016886 # Filtered GETS hits
   fhGETX: 19417136 # Filtered GETX hits
   hGETS: 2119072 # GETS hits
   hGETX: 308374 # GETX hits
   mGETS: 1233026 # GETS misses
   mGETXIM: 170 # GETX I->M misses
   mGETXSM: 4 # GETX S->M misses (upgrade misses)
   PUTS: 0 # Clean evictions (from lower level)
   PUTX: 0 # Dirty evictions (from lower level)
   INV: 274 # Invalidates (from upper level)
   INVX: 4 # Downgrades (from upper level)
   FWD: 0 # Forwards (from upper level)
   latGETnl: 91252515 # GET request latency on next level
   latGETnet: 0 # GET request latency on network to next level
  l1d-8: # Filter cache stats
   fhGETS: 109019414 # Filtered GETS hits
   fhGETX: 19417541 # Filtered GETX hits
   hGETS: 2118443 # GETS hits
   hGETX: 308289 # GETX hits
   mGETS: 1233037 # GETS misses
   mGETXIM: 170 # GETX I->M misses
   mGETXSM: 4 # GETX S->M misses (upgrade misses)
   PUTS: 0 # Clean evictions (from lower level)
   PUTX: 0 # Dirty evictions (from lower level)
   INV: 264 # Invalidates (from upper level)
   INVX: 11 # Downgrades (from upper level)
   FWD: 0 # Forwards (from upper level)
   latGETnl: 91253495 # GET request latency on next level
   latGETnet: 0 # GET request latency on network to next level
  l1d-9: # Filter cache stats
   fhGETS: 109019061 # Filtered GETS hits
   fhGETX: 19417526 # Filtered GETX hits
   hGETS: 2119189 # GETS hits
   hGETX: 308337 # GETX hits
   mGETS: 1233035 # GETS misses
   mGETXIM: 172 # GETX I->M misses
   mGETXSM: 4 # GETX S->M misses (upgrade misses)
   PUTS: 0 # Clean evictions (from lower level)
   PUTX: 0 # Dirty evictions (from lower level)
   INV: 265 # Invalidates (from upper level)
   INVX: 2 # Downgrades (from upper level)
   FWD: 0 # Forwards (from upper level)
   latGETnl: 91253145 # GET request latency on next level
   latGETnet: 0 # GET request latency on network to next level
  l1d-10: # Filter cache stats
   fhGETS: 109019746 # Filtered GETS hits
   fhGETX: 19417663 # Filtered GETX hits
   hGETS: 2119149 # GETS hits
   hGETX: 308337 # GETX hits
   mGETS: 1233022 # GETS misses
   mGETXIM: 165 # GETX I->M misses
   mGETXSM: 4 # GETX S->M misses (upgrade misses)
   PUTS: 0 # Clean evictions (from lower level)
   PUTX: 0 # Dirty evictions (from lower level)
   INV: 265 # Invalidates (from upper level)
   INVX: 12 # Downgrades (from upper level)
   FWD: 0 # Forwards (from upper level)
   latGETnl: 91252023 # GET request latency on next level
   latGETnet: 0 # GET request latency on network to next level
  l1d-11: # Filter cache stats
   fhGETS: 109018133 # Filtered GETS hits
   fhGETX: 19417535 # Filtered GETX hits
   hGETS: 2119911 # GETS hits
   hGETX: 308327 # GETX hits
   mGETS: 1233039 # GETS misses
   mGETXIM: 168 # GETX I->M misses
   mGETXSM: 4 # GETX S->M misses (upgrade misses)
   PUTS: 0 # Clean evictions (from lower level)
   PUTX: 0 # Dirty evictions (from lower level)
   INV: 265 # Invalidates (from upper level)
   INVX: 2 # Downgrades (from upper level)
   FWD: 0 # Forwards (from upper level)
   latGETnl: 91253150 # GET request latency on next level
   latGETnet: 0 # GET request latency on network to next level
  l1d-12: # Filter cache stats
   fhGETS: 109020074 # Filtered GETS hits
   fhGETX: 19417570 # Filtered GETX hits
   hGETS: 2117991 # GETS hits
   hGETX: 308294 # GETX hits
   mGETS: 1233041 # GETS misses
   mGETXIM: 166 # GETX I->M misses
   mGETXSM: 4 # GETX S->M misses (upgrade misses)
   PUTS: 0 # Clean evictions (from lower level)
   PUTX: 0 # Dirty evictions (from lower level)
   INV: 265 # Invalidates (from upper level)
   INVX: 7 # Downgrades (from upper level)
   FWD: 0 # Forwards (from upper level)
   latGETnl: 91253328 # GET request latency on next level
   latGETnet: 0 # GET request latency on network to next level
  l1d-13: # Filter cache stats
   fhGETS: 109018765 # Filtered GETS hits
   fhGETX: 19417457 # Filtered GETX hits
   hGETS: 2118681 # GETS hits
   hGETX: 308249 # GETX hits
   mGETS: 1233028 # GETS misses
   mGETXIM: 169 # GETX I->M misses
   mGETXSM: 4 # GETX S->M misses (upgrade misses)
   PUTS: 0 # Clean evictions (from lower level)
   PUTX: 0 # Dirty evictions (from lower level)
   INV: 265 # Invalidates (from upper level)
   INVX: 7 # Downgrades (from upper level)
   FWD: 0 # Forwards (from upper level)
   latGETnl: 91254063 # GET request latency on next level
   latGETnet: 0 # GET request latency on network to next level
 l2: # Cache stats
  l2-0: # Cache stats
   hGETS: 39 # GETS hits
   hGETX: 6 # GETX hits
   mGETS: 1233431 # GETS misses
   mGETXIM: 404 # GETX I->M misses
   mGETXSM: 6 # GETX S->M misses (upgrade misses)
   PUTS: 1232668 # Clean evictions (from lower level)
   PUTX: 200 # Dirty evictions (from lower level)
   INV: 1224266 # Invalidates (from upper level)
   INVX: 151 # Downgrades (from upper level)
   FWD: 0 # Forwards (from upper level)
   latGETnl: 80198551 # GET request latency on next level
   latGETnet: 0 # GET request latency on network to next level
  l2-1: # Cache stats
   hGETS: 40 # GETS hits
   hGETX: 0 # GETX hits
   mGETS: 1233138 # GETS misses
   mGETXIM: 195 # GETX I->M misses
   mGETXSM: 8 # GETX S->M misses (upgrade misses)
   PUTS: 1232500 # Clean evictions (from lower level)
   PUTX: 18 # Dirty evictions (from lower level)
   INV: 1223954 # Invalidates (from upper level)
   INVX: 22 # Downgrades (from upper level)
   FWD: 0 # Forwards (from upper level)
   latGETnl: 80161116 # GET request latency on next level
   latGETnet: 0 # GET request latency on network to next level
  l2-2: # Cache stats
   hGETS: 40 # GETS hits
   hGETX: 0 # GETX hits
   mGETS: 1233144 # GETS misses
   mGETXIM: 162 # GETX I->M misses
   mGETXSM: 6 # GETX S->M misses (upgrade misses)
   PUTS: 1232476 # Clean evictions (from lower level)
   PUTX: 19 # Dirty evictions (from lower level)
   INV: 1223848 # Invalidates (from upper level)
   INVX: 5 # Downgrades (from upper level)
   FWD: 0 # Forwards (from upper level)
   latGETnl: 80158929 # GET request latency on next level
   latGETnet: 0 # GET request latency on network to next level
  l2-3: # Cache stats
   hGETS: 40 # GETS hits
   hGETX: 0 # GETX hits
   mGETS: 1233028 # GETS misses
   mGETXIM: 161 # GETX I->M misses
   mGETXSM: 4 # GETX S->M misses (upgrade misses)
   PUTS: 1232414 # Clean evictions (from lower level)
   PUTX: 6 # Dirty evictions (from lower level)
   INV: 1223757 # Invalidates (from upper level)
   INVX: 12 # Downgrades (from upper level)
   FWD: 0 # Forwards (from upper level)
   latGETnl: 80154511 # GET request latency on next level
   latGETnet: 0 # GET request latency on network to next level
  l2-4: # Cache stats
   hGETS: 40 # GETS hits
   hGETX: 0 # GETX hits
   mGETS: 1233040 # GETS misses
   mGETXIM: 159 # GETX I->M misses
   mGETXSM: 4 # GETX S->M misses (upgrade misses)
   PUTS: 1232424 # Clean evictions (from lower level)
   PUTX: 6 # Dirty evictions (from lower level)
   INV: 1223738 # Invalidates (from upper level)
   INVX: 2 # Downgrades (from upper level)
   FWD: 0 # Forwards (from upper level)
   latGETnl: 80154803 # GET request latency on next level
   latGETnet: 0 # GET request latency on network to next level
  l2-5: # Cache stats
   hGETS: 40 # GETS hits
   hGETX: 0 # GETX hits
   mGETS: 1233029 # GETS misses
   mGETXIM: 170 # GETX I->M misses
   mGETXSM: 4 # GETX S->M misses (upgrade misses)
   PUTS: 1232424 # Clean evictions (from lower level)
   PUTX: 6 # Dirty evictions (from lower level)
   INV: 1223720 # Invalidates (from upper level)
   INVX: 12 # Downgrades (from upper level)
   FWD: 0 # Forwards (from upper level)
   latGETnl: 80155140 # GET request latency on next level
   latGETnet: 0 # GET request latency on network to next level
  l2-6: # Cache stats
   hGETS: 40 # GETS hits
   hGETX: 0 # GETX hits
   mGETS: 1233047 # GETS misses
   mGETXIM: 152 # GETX I->M misses
   mGETXSM: 4 # GETX S->M misses (upgrade misses)
   PUTS: 1232424 # Clean evictions (from lower level)
   PUTX: 6 # Dirty evictions (from lower level)
   INV: 1223690 # Invalidates (from upper level)
   INVX: 7 # Downgrades (from upper level)
   FWD: 0 # Forwards (from upper level)
   latGETnl: 80154973 # GET request latency on next level
   latGETnet: 0 # GET request latency on network to next level
  l2-7: # Cache stats
   hGETS: 40 # GETS hits
   hGETX: 0 # GETX hits
   mGETS: 1233018 # GETS misses
   mGETXIM: 170 # GETX I->M misses
   mGETXSM: 4 # GETX S->M misses (upgrade misses)
   PUTS: 1232404 # Clean evictions (from lower level)
   PUTX: 6 # Dirty evictions (from lower level)
   INV: 1223842 # Invalidates (from upper level)
   INVX: 4 # Downgrades (from upper level)
   FWD: 0 # Forwards (from upper level)
   latGETnl: 80154259 # GET request latency on next level
   latGETnet: 0 # GET request latency on network to next level
  l2-8: # Cache stats
   hGETS: 40 # GETS hits
   hGETX: 0 # GETX hits
   mGETS: 1233029 # GETS misses
   mGETXIM: 170 # GETX I->M misses
   mGETXSM: 4 # GETX S->M misses (upgrade misses)
   PUTS: 1232424 # Clean evictions (from lower level)
   PUTX: 7 # Dirty evictions (from lower level)
   INV: 1223927 # Invalidates (from upper level)
   INVX: 11 # Downgrades (from upper level)
   FWD: 0 # Forwards (from upper level)
   latGETnl: 80155140 # GET request latency on next level
   latGETnet: 0 # GET request latency on network to next level
  l2-9: # Cache stats
   hGETS: 40 # GETS hits
   hGETX: 0 # GETX hits
   mGETS: 1233027 # GETS misses
   mGETXIM: 172 # GETX I->M misses
   mGETXSM: 4 # GETX S->M misses (upgrade misses)
   PUTS: 1232424 # Clean evictions (from lower level)
   PUTX: 6 # Dirty evictions (from lower level)
   INV: 1223827 # Invalidates (from upper level)
   INVX: 2 # Downgrades (from upper level)
   FWD: 0 # Forwards (from upper level)
   latGETnl: 80154790 # GET request latency on next level
   latGETnet: 0 # GET request latency on network to next level
  l2-10: # Cache stats
   hGETS: 40 # GETS hits
   hGETX: 0 # GETX hits
   mGETS: 1233014 # GETS misses
   mGETXIM: 165 # GETX I->M misses
   mGETXSM: 4 # GETX S->M misses (upgrade misses)
   PUTS: 1232404 # Clean evictions (from lower level)
   PUTX: 6 # Dirty evictions (from lower level)
   INV: 1223878 # Invalidates (from upper level)
   INVX: 12 # Downgrades (from upper level)
   FWD: 0 # Forwards (from upper level)
   latGETnl: 80153848 # GET request latency on next level
   latGETnet: 0 # GET request latency on network to next level
  l2-11: # Cache stats
   hGETS: 40 # GETS hits
   hGETX: 0 # GETX hits
   mGETS: 1233031 # GETS misses
   mGETXIM: 168 # GETX I->M misses
   mGETXSM: 4 # GETX S->M misses (upgrade misses)
   PUTS: 1232424 # Clean evictions (from lower level)
   PUTX: 6 # Dirty evictions (from lower level)
   INV: 1223763 # Invalidates (from upper level)
   INVX: 2 # Downgrades (from upper level)
   FWD: 0 # Forwards (from upper level)
   latGETnl: 80154795 # GET request latency on next level
   latGETnet: 0 # GET request latency on network to next level
  l2-12: # Cache stats
   hGETS: 40 # GETS hits
   hGETX: 0 # GETX hits
   mGETS: 1233033 # GETS misses
   mGETXIM: 166 # GETX I->M misses
   mGETXSM: 4 # GETX S->M misses (upgrade misses)
   PUTS: 1232424 # Clean evictions (from lower level)
   PUTX: 6 # Dirty evictions (from lower level)
   INV: 1223523 # Invalidates (from upper level)
   INVX: 7 # Downgrades (from upper level)
   FWD: 0 # Forwards (from upper level)
   latGETnl: 80154973 # GET request latency on next level
   latGETnet: 0 # GET request latency on network to next level
  l2-13: # Cache stats
   hGETS: 20 # GETS hits
   hGETX: 0 # GETX hits
   mGETS: 1233040 # GETS misses
   mGETXIM: 169 # GETX I->M misses
   mGETXSM: 4 # GETX S->M misses (upgrade misses)
   PUTS: 1232414 # Clean evictions (from lower level)
   PUTX: 6 # Dirty evictions (from lower level)
   INV: 1223886 # Invalidates (from upper level)
   INVX: 7 # Downgrades (from upper level)
   FWD: 0 # Forwards (from upper level)
   latGETnl: 80155798 # GET request latency on next level
   latGETnet: 0 # GET request latency on network to next level
 l3: # Cache stats
  l3-0: # Cache stats
   hGETS: 1014 # GETS hits
   hGETX: 90 # GETX hits
   mGETS: 17262035 # GETS misses
   mGETXIM: 2557 # GETX I->M misses
   mGETXSM: 0 # GETX S->M misses (upgrade misses)
   PUTS: 0 # Clean evictions (from lower level)
   PUTX: 0 # Dirty evictions (from lower level)
   INV: 0 # Invalidates (from upper level)
   INVX: 0 # Downgrades (from upper level)
   FWD: 0 # Forwards (from upper level)
   latGETnl: 828700416 # GET request latency on next level
   latGETnet: 0 # GET request latency on network to next level
 mem: # Memory controller stats
  mem-0: # Memory controller stats
   rd: 8632250 # Read requests
   wr: 1990 # Write requests
   rdlat: 697662029 # Total latency experienced by read requests
   wrlat: 305382 # Total latency experienced by write requests
   rdhits: 0 # Read row hits
   wrhits: 0 # Write row hits
   mlh: # latency histogram for memory requests
    0: 0
    1: 0
    2: 0
    3: 0
    4: 0
    5: 0
    6: 0
    7: 7110477
    8: 1346075
    9: 73034
    10: 4621
    11: 4514
    12: 5369
    13: 3176
    14: 1960
    15: 2873
    16: 2316
    17: 815
    18: 896
    19: 952
    20: 990
    21: 1059
    22: 4601
    23: 12013
    24: 5886
    25: 12845
    26: 8958
    27: 8344
    28: 9370
    29: 4951
    30: 2744
    31: 2763
    32: 523
    33: 74
    34: 15
    35: 16
    36: 14
    37: 2
    38: 2
    39: 2
    40: 0
    41: 0
    42: 0
    43: 0
    44: 0
    45: 0
    46: 0
    47: 0
    48: 0
    49: 0
    50: 0
    51: 0
    52: 0
    53: 0
    54: 0
    55: 0
    56: 0
    57: 0
    58: 0
    59: 0
    60: 0
    61: 0
    62: 0
    63: 0
    64: 0
    65: 0
    66: 0
    67: 0
    68: 0
    69: 0
    70: 0
    71: 0
    72: 0
    73: 0
    74: 0
    75: 0
    76: 0
    77: 0
    78: 0
    79: 0
    80: 0
    81: 0
    82: 0
    83: 0
    84: 0
    85: 0
    86: 0
    87: 0
    88: 0
    89: 0
    90: 0
    91: 0
    92: 0
    93: 0
    94: 0
    95: 0
    96: 0
    97: 0
    98: 0
    99: 0
  mem-1: # Memory controller stats
   rd: 8632309 # Read requests
   wr: 1981 # Write requests
   rdlat: 697642541 # Total latency experienced by read requests
   wrlat: 300714 # Total latency experienced by write requests
   rdhits: 0 # Read row hits
   wrhits: 0 # Write row hits
   mlh: # latency histogram for memory requests
    0: 0
    1: 0
    2: 0
    3: 0
    4: 0
    5: 0
    6: 0
    7: 7110857
    8: 1346063
    9: 72667
    10: 4761
    11: 4604
    12: 5350
    13: 3110
    14: 1877
    15: 2907
    16: 2320
    17: 891
    18: 845
    19: 973
    20: 1039
    21: 1123
    22: 4735
    23: 11753
    24: 5828
    25: 13021
    26: 8736
    27: 8427
    28: 9492
    29: 4901
    30: 2749
    31: 2597
    32: 528
    33: 96
    34: 20
    35: 13
    36: 10
    37: 10
    38: 5
    39: 0
    40: 1
    41: 0
    42: 0
    43: 0
    44: 0
    45: 0
    46: 0
    47: 0
    48: 0
    49: 0
    50: 0
    51: 0
    52: 0
    53: 0
    54: 0
    55: 0
    56: 0
    57: 0
    58: 0
    59: 0
    60: 0
    61: 0
    62: 0
    63: 0
    64: 0
    65: 0
    66: 0
    67: 0
    68: 0
    69: 0
    70: 0
    71: 0
    72: 0
    73: 0
    74: 0
    75: 0
    76: 0
    77: 0
    78: 0
    79: 0
    80: 0
    81: 0
    82: 0
    83: 0
    84: 0
    85: 0
    86: 0
    87: 0
    88: 0
    89: 0
    90: 0
    91: 0
    92: 0
    93: 0
    94: 0
    95: 0
    96: 0
    97: 0
    98: 0
    99: 0
 sched: # Scheduler stats
  thCr: 14 # Threads created
  thFn: 0 # Threads finished
  schedEvs: 14 # Schedule events
  waitEvs: 0 # Wait events
  handoffEvs: 0 # Handoff events
  sleepEvs: 0 # Sleep events
  idlePhases: 0 # Phases with no thread active
  idlePeriods: 0 # Periods with no thread active
  occHist: # Occupancy histogram
   0: 0
   1: 4
   2: 0
   3: 0
   4: 1
   5: 0
   6: 0
   7: 1
   8: 0
   9: 0
   10: 0
   11: 1
   12: 0
   13: 0
   14: 48888
  rqSzHist: # Run queue size histogram
   0: 48895
   1: 0
   2: 0
   3: 0
   4: 0
   5: 0
   6: 0
   7: 0
   8: 0
   9: 0
   10: 0
   11: 0
   12: 0
   13: 0
   14: 0
   15: 0
   16: 0
 procCycles: # Per-process unhalted core cycles
  0: 6844313212
  1: 0
  2: 0
  3: 0
  4: 0
  5: 0
  6: 0
  7: 0
  8: 0
  9: 0
  10: 0
  11: 0
  12: 0
  13: 0
  14: 0
  15: 0
  16: 0
  17: 0
  18: 0
  19: 0
  20: 0
  21: 0
  22: 0
  23: 0
  24: 0
  25: 0
  26: 0
  27: 0
  28: 0
  29: 0
  30: 0
  31: 0
  32: 0
  33: 0
  34: 0
  35: 0
  36: 0
  37: 0
  38: 0
  39: 0
  40: 0
  41: 0
  42: 0
  43: 0
  44: 0
  45: 0
  46: 0
  47: 0
  48: 0
  49: 0
  50: 0
  51: 0
  52: 0
  53: 0
  54: 0
  55: 0
  56: 0
  57: 0
  58: 0
  59: 0
  60: 0
  61: 0
  62: 0
  63: 0
 procInstrs: # Per-process instructions
  0: 5000089741
  1: 0
  2: 0
  3: 0
  4: 0
  5: 0
  6: 0
  7: 0
  8: 0
  9: 0
  10: 0
  11: 0
  12: 0
  13: 0
  14: 0
  15: 0
  16: 0
  17: 0
  18: 0
  19: 0
  20: 0
  21: 0
  22: 0
  23: 0
  24: 0
  25: 0
  26: 0
  27: 0
  28: 0
  29: 0
  30: 0
  31: 0
  32: 0
  33: 0
  34: 0
  35: 0
  36: 0
  37: 0
  38: 0
  39: 0
  40: 0
  41: 0
  42: 0
  43: 0
  44: 0
  45: 0
  46: 0
  47: 0
  48: 0
  49: 0
  50: 0
  51: 0
  52: 0
  53: 0
  54: 0
  55: 0
  56: 0
  57: 0
  58: 0
  59: 0
  60: 0
  61: 0
  62: 0
  63: 0
 heartbeats: # Per-process heartbeats
  0: 0
  1: 0
  2: 0
  3: 0
  4: 0
  5: 0
  6: 0
  7: 0
  8: 0
  9: 0
  10: 0
  11: 0
  12: 0
  13: 0
  14: 0
  15: 0
  16: 0
  17: 0
  18: 0
  19: 0
  20: 0
  21: 0
  22: 0
  23: 0
  24: 0
  25: 0
  26: 0
  27: 0
  28: 0
  29: 0
  30: 0
  31: 0
  32: 0
  33: 0
  34: 0
  35: 0
  36: 0
  37: 0
  38: 0
  39: 0
  40: 0
  41: 0
  42: 0
  43: 0
  44: 0
  45: 0
  46: 0
  47: 0
  48: 0
  49: 0
  50: 0
  51: 0
  52: 0
  53: 0
  54: 0
  55: 0
  56: 0
  57: 0
  58: 0
  59: 0
  60: 0
  61: 0
  62: 0
  63: 0
===
