# zsim stats
===
root: # Stats
 contention: # Contention simulation stats
  domain-0: # Domain stats
   time: 36596968558 # Weave simulation time
 time: # Simulator time breakdown
  init: 1036417424
  bound: 378400995997
  weave: 62244509893
  ff: 0
 trigger: 20000 # Reason for this stats dump
 phase: 727984 # Simulated phases
 core: # Core stats
  core-0: # Core stats
   cycles: 7279842528 # Simulated unhalted cycles
   cCycles: 1630095954 # Cycles due to contention stalls
   instrs: 5000004990 # Simulated instructions
   uops: 5310551318 # Retired micro-ops
   bbls: 517127954 # Basic blocks
   approxInstrs: 563986 # Instrs with approx uop decoding
   mispredBranches: 7371959 # Mispredicted branches
 l1i: # Cache stats
  l1i-0: # Filter cache stats
   fhGETS: 560686201 # Filtered GETS hits
   fhGETX: 0 # Filtered GETX hits
   hGETS: 597 # GETS hits
   hGETX: 0 # GETX hits
   mGETS: 464 # GETS misses
   mGETXIM: 0 # GETX I->M misses
   mGETXSM: 0 # GETX S->M misses (upgrade misses)
   PUTS: 0 # Clean evictions (from lower level)
   PUTX: 0 # Dirty evictions (from lower level)
   INV: 0 # Invalidates (from upper level)
   INVX: 0 # Downgrades (from upper level)
   FWD: 0 # Forwards (from upper level)
   latGETnl: 33872 # GET request latency on next level
   latGETnet: 0 # GET request latency on network to next level
 l1d: # Cache stats
  l1d-0: # Filter cache stats
   fhGETS: 840092980 # Filtered GETS hits
   fhGETX: 275841870 # Filtered GETX hits
   hGETS: 23267965 # GETS hits
   hGETX: 4783409 # GETX hits
   mGETS: 56817521 # GETS misses
   mGETXIM: 2302746 # GETX I->M misses
   mGETXSM: 0 # GETX S->M misses (upgrade misses)
   PUTS: 0 # Clean evictions (from lower level)
   PUTX: 0 # Dirty evictions (from lower level)
   INV: 0 # Invalidates (from upper level)
   INVX: 0 # Downgrades (from upper level)
   FWD: 0 # Forwards (from upper level)
   latGETnl: 4210435026 # GET request latency on next level
   latGETnet: 0 # GET request latency on network to next level
 l2: # Cache stats
  l2-0: # Cache stats
   hGETS: 319774 # GETS hits
   hGETX: 3 # GETX hits
   mGETS: 56498211 # GETS misses
   mGETXIM: 2302743 # GETX I->M misses
   mGETXSM: 0 # GETX S->M misses (upgrade misses)
   PUTS: 54230038 # Clean evictions (from lower level)
   PUTX: 4889775 # Dirty evictions (from lower level)
   INV: 0 # Invalidates (from upper level)
   INVX: 0 # Downgrades (from upper level)
   FWD: 0 # Forwards (from upper level)
   latGETnl: 3737503050 # GET request latency on next level
   latGETnet: 0 # GET request latency on network to next level
 l3: # Cache stats
  l3-0: # Cache stats
   hGETS: 1750728 # GETS hits
   hGETX: 10917 # GETX hits
   mGETS: 54747483 # GETS misses
   mGETXIM: 2291826 # GETX I->M misses
   mGETXSM: 0 # GETX S->M misses (upgrade misses)
   PUTS: 54197493 # Clean evictions (from lower level)
   PUTX: 4595269 # Dirty evictions (from lower level)
   INV: 0 # Invalidates (from upper level)
   INVX: 0 # Downgrades (from upper level)
   FWD: 0 # Forwards (from upper level)
   latGETnl: 2737886832 # GET request latency on next level
   latGETnet: 0 # GET request latency on network to next level
 mem: # Memory controller stats
  mem-0: # Memory controller stats
   rd: 31095042 # Read requests
   wr: 1854408 # Write requests
   rdlat: 2524396557 # Total latency experienced by read requests
   wrlat: 283069142 # Total latency experienced by write requests
   rdhits: 642 # Read row hits
   wrhits: 26788 # Write row hits
   mlh: # latency histogram for memory requests
    0: 0
    1: 0
    2: 0
    3: 0
    4: 0
    5: 0
    6: 81
    7: 24327397
    8: 5808714
    9: 19154
    10: 8270
    11: 12579
    12: 16806
    13: 490557
    14: 76168
    15: 5436
    16: 11826
    17: 23153
    18: 20574
    19: 24124
    20: 25885
    21: 25304
    22: 26912
    23: 24039
    24: 23263
    25: 23526
    26: 23636
    27: 23688
    28: 26554
    29: 14393
    30: 6104
    31: 1807
    32: 1486
    33: 1353
    34: 970
    35: 216
    36: 104
    37: 90
    38: 87
    39: 57
    40: 40
    41: 29
    42: 25
    43: 32
    44: 26
    45: 34
    46: 41
    47: 35
    48: 17
    49: 36
    50: 51
    51: 34
    52: 42
    53: 60
    54: 86
    55: 41
    56: 28
    57: 25
    58: 13
    59: 7
    60: 4
    61: 6
    62: 6
    63: 2
    64: 2
    65: 1
    66: 1
    67: 2
    68: 1
    69: 1
    70: 1
    71: 0
    72: 0
    73: 0
    74: 0
    75: 0
    76: 0
    77: 0
    78: 0
    79: 0
    80: 0
    81: 0
    82: 0
    83: 0
    84: 0
    85: 0
    86: 0
    87: 0
    88: 0
    89: 0
    90: 0
    91: 0
    92: 0
    93: 0
    94: 0
    95: 0
    96: 0
    97: 0
    98: 0
    99: 0
  mem-1: # Memory controller stats
   rd: 25944238 # Read requests
   wr: 1853330 # Write requests
   rdlat: 2073802945 # Total latency experienced by read requests
   wrlat: 277692292 # Total latency experienced by write requests
   rdhits: 483 # Read row hits
   wrhits: 24750 # Write row hits
   mlh: # latency histogram for memory requests
    0: 0
    1: 0
    2: 0
    3: 0
    4: 0
    5: 0
    6: 0
    7: 21252969
    8: 4394602
    9: 11544
    10: 4313
    11: 5608
    12: 2553
    13: 1985
    14: 1699
    15: 1207
    16: 7556
    17: 20541
    18: 18458
    19: 20253
    20: 21713
    21: 21084
    22: 19985
    23: 20066
    24: 19511
    25: 19968
    26: 20247
    27: 20650
    28: 24066
    29: 7903
    30: 2675
    31: 739
    32: 588
    33: 361
    34: 170
    35: 140
    36: 99
    37: 90
    38: 73
    39: 62
    40: 38
    41: 38
    42: 24
    43: 38
    44: 31
    45: 24
    46: 58
    47: 49
    48: 30
    49: 46
    50: 51
    51: 30
    52: 52
    53: 37
    54: 69
    55: 50
    56: 16
    57: 23
    58: 17
    59: 11
    60: 2
    61: 5
    62: 3
    63: 5
    64: 5
    65: 1
    66: 1
    67: 1
    68: 1
    69: 2
    70: 1
    71: 1
    72: 0
    73: 0
    74: 0
    75: 0
    76: 0
    77: 0
    78: 0
    79: 0
    80: 0
    81: 0
    82: 0
    83: 0
    84: 0
    85: 0
    86: 0
    87: 0
    88: 0
    89: 0
    90: 0
    91: 0
    92: 0
    93: 0
    94: 0
    95: 0
    96: 0
    97: 0
    98: 0
    99: 0
 sched: # Scheduler stats
  thCr: 1 # Threads created
  thFn: 0 # Threads finished
  schedEvs: 1 # Schedule events
  waitEvs: 0 # Wait events
  handoffEvs: 0 # Handoff events
  sleepEvs: 0 # Sleep events
  idlePhases: 0 # Phases with no thread active
  idlePeriods: 0 # Periods with no thread active
  occHist: # Occupancy histogram
   0: 0
   1: 727984
  rqSzHist: # Run queue size histogram
   0: 727984
   1: 0
   2: 0
   3: 0
   4: 0
   5: 0
   6: 0
   7: 0
   8: 0
   9: 0
   10: 0
   11: 0
   12: 0
   13: 0
   14: 0
   15: 0
   16: 0
 procCycles: # Per-process unhalted core cycles
  0: 7279842528
  1: 0
  2: 0
  3: 0
  4: 0
  5: 0
  6: 0
  7: 0
  8: 0
  9: 0
  10: 0
  11: 0
  12: 0
  13: 0
  14: 0
  15: 0
  16: 0
  17: 0
  18: 0
  19: 0
  20: 0
  21: 0
  22: 0
  23: 0
  24: 0
  25: 0
  26: 0
  27: 0
  28: 0
  29: 0
  30: 0
  31: 0
  32: 0
  33: 0
  34: 0
  35: 0
  36: 0
  37: 0
  38: 0
  39: 0
  40: 0
  41: 0
  42: 0
  43: 0
  44: 0
  45: 0
  46: 0
  47: 0
  48: 0
  49: 0
  50: 0
  51: 0
  52: 0
  53: 0
  54: 0
  55: 0
  56: 0
  57: 0
  58: 0
  59: 0
  60: 0
  61: 0
  62: 0
  63: 0
 procInstrs: # Per-process instructions
  0: 5000004990
  1: 0
  2: 0
  3: 0
  4: 0
  5: 0
  6: 0
  7: 0
  8: 0
  9: 0
  10: 0
  11: 0
  12: 0
  13: 0
  14: 0
  15: 0
  16: 0
  17: 0
  18: 0
  19: 0
  20: 0
  21: 0
  22: 0
  23: 0
  24: 0
  25: 0
  26: 0
  27: 0
  28: 0
  29: 0
  30: 0
  31: 0
  32: 0
  33: 0
  34: 0
  35: 0
  36: 0
  37: 0
  38: 0
  39: 0
  40: 0
  41: 0
  42: 0
  43: 0
  44: 0
  45: 0
  46: 0
  47: 0
  48: 0
  49: 0
  50: 0
  51: 0
  52: 0
  53: 0
  54: 0
  55: 0
  56: 0
  57: 0
  58: 0
  59: 0
  60: 0
  61: 0
  62: 0
  63: 0
 heartbeats: # Per-process heartbeats
  0: 0
  1: 0
  2: 0
  3: 0
  4: 0
  5: 0
  6: 0
  7: 0
  8: 0
  9: 0
  10: 0
  11: 0
  12: 0
  13: 0
  14: 0
  15: 0
  16: 0
  17: 0
  18: 0
  19: 0
  20: 0
  21: 0
  22: 0
  23: 0
  24: 0
  25: 0
  26: 0
  27: 0
  28: 0
  29: 0
  30: 0
  31: 0
  32: 0
  33: 0
  34: 0
  35: 0
  36: 0
  37: 0
  38: 0
  39: 0
  40: 0
  41: 0
  42: 0
  43: 0
  44: 0
  45: 0
  46: 0
  47: 0
  48: 0
  49: 0
  50: 0
  51: 0
  52: 0
  53: 0
  54: 0
  55: 0
  56: 0
  57: 0
  58: 0
  59: 0
  60: 0
  61: 0
  62: 0
  63: 0
===
