# zsim stats
===
root: # Stats
 contention: # Contention simulation stats
  domain-0: # Domain stats
   time: 12364557006 # Weave simulation time
 time: # Simulator time breakdown
  init: 11514902567
  bound: 491785532188
  weave: 21490344635
  ff: 0
 trigger: 20000 # Reason for this stats dump
 phase: 96425 # Simulated phases
 core: # Core stats
  core-0: # Core stats
   cycles: 964251626 # Simulated unhalted cycles
   cCycles: 126458971 # Cycles due to contention stalls
   instrs: 1001825084 # Simulated instructions
   uops: 1198976208 # Retired micro-ops
   bbls: 129125441 # Basic blocks
   approxInstrs: 19997170 # Instrs with approx uop decoding
   mispredBranches: 1162420 # Mispredicted branches
  core-1: # Core stats
   cycles: 964229995 # Simulated unhalted cycles
   cCycles: 128134901 # Cycles due to contention stalls
   instrs: 999812600 # Simulated instructions
   uops: 1196567744 # Retired micro-ops
   bbls: 128865644 # Basic blocks
   approxInstrs: 19957110 # Instrs with approx uop decoding
   mispredBranches: 1159925 # Mispredicted branches
  core-2: # Core stats
   cycles: 964221819 # Simulated unhalted cycles
   cCycles: 129121899 # Cycles due to contention stalls
   instrs: 998631823 # Simulated instructions
   uops: 1195154716 # Retired micro-ops
   bbls: 128713391 # Basic blocks
   approxInstrs: 19933569 # Instrs with approx uop decoding
   mispredBranches: 1158499 # Mispredicted branches
  core-3: # Core stats
   cycles: 964222186 # Simulated unhalted cycles
   cCycles: 128692407 # Cycles due to contention stalls
   instrs: 999145913 # Simulated instructions
   uops: 1195769989 # Retired micro-ops
   bbls: 128779650 # Basic blocks
   approxInstrs: 19943848 # Instrs with approx uop decoding
   mispredBranches: 1159090 # Mispredicted branches
  core-4: # Core stats
   cycles: 964222450 # Simulated unhalted cycles
   cCycles: 127476724 # Cycles due to contention stalls
   instrs: 1000593784 # Simulated instructions
   uops: 1197502786 # Retired micro-ops
   bbls: 128966261 # Basic blocks
   approxInstrs: 19972746 # Instrs with approx uop decoding
   mispredBranches: 1160767 # Mispredicted branches
 l1i: # Cache stats
  l1i-0: # Filter cache stats
   fhGETS: 171854462 # Filtered GETS hits
   fhGETX: 0 # Filtered GETX hits
   hGETS: 377 # GETS hits
   hGETX: 0 # GETX hits
   mGETS: 257 # GETS misses
   mGETXIM: 0 # GETX I->M misses
   mGETXSM: 0 # GETX S->M misses (upgrade misses)
   PUTS: 0 # Clean evictions (from lower level)
   PUTX: 0 # Dirty evictions (from lower level)
   INV: 0 # Invalidates (from upper level)
   INVX: 0 # Downgrades (from upper level)
   FWD: 0 # Forwards (from upper level)
   latGETnl: 18024 # GET request latency on next level
   latGETnet: 0 # GET request latency on network to next level
  l1i-1: # Filter cache stats
   fhGETS: 171508949 # Filtered GETS hits
   fhGETX: 0 # Filtered GETX hits
   hGETS: 46 # GETS hits
   hGETX: 0 # GETX hits
   mGETS: 114 # GETS misses
   mGETXIM: 0 # GETX I->M misses
   mGETXSM: 0 # GETX S->M misses (upgrade misses)
   PUTS: 0 # Clean evictions (from lower level)
   PUTX: 0 # Dirty evictions (from lower level)
   INV: 0 # Invalidates (from upper level)
   INVX: 0 # Downgrades (from upper level)
   FWD: 0 # Forwards (from upper level)
   latGETnl: 4290 # GET request latency on next level
   latGETnet: 0 # GET request latency on network to next level
  l1i-2: # Filter cache stats
   fhGETS: 171306266 # Filtered GETS hits
   fhGETX: 0 # Filtered GETX hits
   hGETS: 0 # GETS hits
   hGETX: 0 # GETX hits
   mGETS: 44 # GETS misses
   mGETXIM: 0 # GETX I->M misses
   mGETXSM: 0 # GETX S->M misses (upgrade misses)
   PUTS: 0 # Clean evictions (from lower level)
   PUTX: 0 # Dirty evictions (from lower level)
   INV: 0 # Invalidates (from upper level)
   INVX: 0 # Downgrades (from upper level)
   FWD: 0 # Forwards (from upper level)
   latGETnl: 1148 # GET request latency on next level
   latGETnet: 0 # GET request latency on network to next level
  l1i-3: # Filter cache stats
   fhGETS: 171394424 # Filtered GETS hits
   fhGETX: 0 # Filtered GETX hits
   hGETS: 0 # GETS hits
   hGETX: 0 # GETX hits
   mGETS: 44 # GETS misses
   mGETXIM: 0 # GETX I->M misses
   mGETXSM: 0 # GETX S->M misses (upgrade misses)
   PUTS: 0 # Clean evictions (from lower level)
   PUTX: 0 # Dirty evictions (from lower level)
   INV: 0 # Invalidates (from upper level)
   INVX: 0 # Downgrades (from upper level)
   FWD: 0 # Forwards (from upper level)
   latGETnl: 1196 # GET request latency on next level
   latGETnet: 0 # GET request latency on network to next level
  l1i-4: # Filter cache stats
   fhGETS: 171642777 # Filtered GETS hits
   fhGETX: 0 # Filtered GETX hits
   hGETS: 0 # GETS hits
   hGETX: 0 # GETX hits
   mGETS: 45 # GETS misses
   mGETXIM: 0 # GETX I->M misses
   mGETXSM: 0 # GETX S->M misses (upgrade misses)
   PUTS: 0 # Clean evictions (from lower level)
   PUTX: 0 # Dirty evictions (from lower level)
   INV: 0 # Invalidates (from upper level)
   INVX: 0 # Downgrades (from upper level)
   FWD: 0 # Forwards (from upper level)
   latGETnl: 1173 # GET request latency on next level
   latGETnet: 0 # GET request latency on network to next level
 l1d: # Cache stats
  l1d-0: # Filter cache stats
   fhGETS: 306211729 # Filtered GETS hits
   fhGETX: 54901458 # Filtered GETX hits
   hGETS: 5538840 # GETS hits
   hGETX: 432421 # GETX hits
   mGETS: 3458522 # GETS misses
   mGETXIM: 101 # GETX I->M misses
   mGETXSM: 2 # GETX S->M misses (upgrade misses)
   PUTS: 0 # Clean evictions (from lower level)
   PUTX: 0 # Dirty evictions (from lower level)
   INV: 16 # Invalidates (from upper level)
   INVX: 95 # Downgrades (from upper level)
   FWD: 0 # Forwards (from upper level)
   latGETnl: 252478591 # GET request latency on next level
   latGETnet: 0 # GET request latency on network to next level
  l1d-1: # Filter cache stats
   fhGETS: 305193416 # Filtered GETS hits
   fhGETX: 54359059 # Filtered GETX hits
   hGETS: 5931470 # GETS hits
   hGETX: 862893 # GETX hits
   mGETS: 3451482 # GETS misses
   mGETXIM: 19 # GETX I->M misses
   mGETXSM: 8 # GETX S->M misses (upgrade misses)
   PUTS: 0 # Clean evictions (from lower level)
   PUTX: 0 # Dirty evictions (from lower level)
   INV: 4 # Invalidates (from upper level)
   INVX: 17 # Downgrades (from upper level)
   FWD: 0 # Forwards (from upper level)
   latGETnl: 251956421 # GET request latency on next level
   latGETnet: 0 # GET request latency on network to next level
  l1d-2: # Filter cache stats
   fhGETS: 304832672 # Filtered GETS hits
   fhGETX: 54294738 # Filtered GETX hits
   hGETS: 5924917 # GETS hits
   hGETX: 861856 # GETX hits
   mGETS: 3447319 # GETS misses
   mGETXIM: 6 # GETX I->M misses
   mGETXSM: 4 # GETX S->M misses (upgrade misses)
   PUTS: 0 # Clean evictions (from lower level)
   PUTX: 0 # Dirty evictions (from lower level)
   INV: 3 # Invalidates (from upper level)
   INVX: 2 # Downgrades (from upper level)
   FWD: 0 # Forwards (from upper level)
   latGETnl: 251653593 # GET request latency on next level
   latGETnet: 0 # GET request latency on network to next level
  l1d-3: # Filter cache stats
   fhGETS: 304989232 # Filtered GETS hits
   fhGETX: 54322685 # Filtered GETX hits
   hGETS: 5928353 # GETS hits
   hGETX: 862304 # GETX hits
   mGETS: 3449089 # GETS misses
   mGETXIM: 6 # GETX I->M misses
   mGETXSM: 4 # GETX S->M misses (upgrade misses)
   PUTS: 0 # Clean evictions (from lower level)
   PUTX: 0 # Dirty evictions (from lower level)
   INV: 3 # Invalidates (from upper level)
   INVX: 2 # Downgrades (from upper level)
   FWD: 0 # Forwards (from upper level)
   latGETnl: 251782727 # GET request latency on next level
   latGETnet: 0 # GET request latency on network to next level
  l1d-4: # Filter cache stats
   fhGETS: 305431169 # Filtered GETS hits
   fhGETX: 54401434 # Filtered GETX hits
   hGETS: 5936957 # GETS hits
   hGETX: 863520 # GETX hits
   mGETS: 3454089 # GETS misses
   mGETXIM: 6 # GETX I->M misses
   mGETXSM: 4 # GETX S->M misses (upgrade misses)
   PUTS: 0 # Clean evictions (from lower level)
   PUTX: 0 # Dirty evictions (from lower level)
   INV: 2 # Invalidates (from upper level)
   INVX: 1 # Downgrades (from upper level)
   FWD: 0 # Forwards (from upper level)
   latGETnl: 252147703 # GET request latency on next level
   latGETnet: 0 # GET request latency on network to next level
 l2: # Cache stats
  l2-0: # Cache stats
   hGETS: 9 # GETS hits
   hGETX: 2 # GETX hits
   mGETS: 3458770 # GETS misses
   mGETXIM: 99 # GETX I->M misses
   mGETXSM: 2 # GETX S->M misses (upgrade misses)
   PUTS: 3458004 # Clean evictions (from lower level)
   PUTX: 94 # Dirty evictions (from lower level)
   INV: 22 # Invalidates (from upper level)
   INVX: 107 # Downgrades (from upper level)
   FWD: 0 # Forwards (from upper level)
   latGETnl: 224825559 # GET request latency on next level
   latGETnet: 0 # GET request latency on network to next level
  l2-1: # Cache stats
   hGETS: 0 # GETS hits
   hGETX: 0 # GETX hits
   mGETS: 3451596 # GETS misses
   mGETXIM: 19 # GETX I->M misses
   mGETXSM: 8 # GETX S->M misses (upgrade misses)
   PUTS: 3450965 # Clean evictions (from lower level)
   PUTX: 20 # Dirty evictions (from lower level)
   INV: 4 # Invalidates (from upper level)
   INVX: 17 # Downgrades (from upper level)
   FWD: 0 # Forwards (from upper level)
   latGETnl: 224347727 # GET request latency on next level
   latGETnet: 0 # GET request latency on network to next level
  l2-2: # Cache stats
   hGETS: 0 # GETS hits
   hGETX: 0 # GETX hits
   mGETS: 3447363 # GETS misses
   mGETXIM: 6 # GETX I->M misses
   mGETXSM: 4 # GETX S->M misses (upgrade misses)
   PUTS: 3446804 # Clean evictions (from lower level)
   PUTX: 6 # Dirty evictions (from lower level)
   INV: 3 # Invalidates (from upper level)
   INVX: 2 # Downgrades (from upper level)
   FWD: 0 # Forwards (from upper level)
   latGETnl: 224075757 # GET request latency on next level
   latGETnet: 0 # GET request latency on network to next level
  l2-3: # Cache stats
   hGETS: 0 # GETS hits
   hGETX: 0 # GETX hits
   mGETS: 3449133 # GETS misses
   mGETXIM: 6 # GETX I->M misses
   mGETXSM: 4 # GETX S->M misses (upgrade misses)
   PUTS: 3448574 # Clean evictions (from lower level)
   PUTX: 6 # Dirty evictions (from lower level)
   INV: 3 # Invalidates (from upper level)
   INVX: 2 # Downgrades (from upper level)
   FWD: 0 # Forwards (from upper level)
   latGETnl: 224190779 # GET request latency on next level
   latGETnet: 0 # GET request latency on network to next level
  l2-4: # Cache stats
   hGETS: 0 # GETS hits
   hGETX: 0 # GETX hits
   mGETS: 3454134 # GETS misses
   mGETXIM: 6 # GETX I->M misses
   mGETXSM: 4 # GETX S->M misses (upgrade misses)
   PUTS: 3453574 # Clean evictions (from lower level)
   PUTX: 7 # Dirty evictions (from lower level)
   INV: 2 # Invalidates (from upper level)
   INVX: 1 # Downgrades (from upper level)
   FWD: 0 # Forwards (from upper level)
   latGETnl: 224515724 # GET request latency on next level
   latGETnet: 0 # GET request latency on network to next level
 l3: # Cache stats
  l3-0: # Cache stats
   hGETS: 413 # GETS hits
   hGETX: 31 # GETX hits
   mGETS: 17260583 # GETS misses
   mGETXIM: 127 # GETX I->M misses
   mGETXSM: 0 # GETX S->M misses (upgrade misses)
   PUTS: 17220015 # Clean evictions (from lower level)
   PUTX: 123 # Dirty evictions (from lower level)
   INV: 0 # Invalidates (from upper level)
   INVX: 0 # Downgrades (from upper level)
   FWD: 0 # Forwards (from upper level)
   latGETnl: 828514080 # GET request latency on next level
   latGETnet: 0 # GET request latency on network to next level
 mem: # Memory controller stats
  mem-0: # Memory controller stats
   rd: 8630345 # Read requests
   wr: 70 # Write requests
   rdlat: 1268990978 # Total latency experienced by read requests
   wrlat: 28222 # Total latency experienced by write requests
   rdhits: 101 # Read row hits
   wrhits: 0 # Write row hits
   mlh: # latency histogram for memory requests
    0: 0
    1: 0
    2: 0
    3: 0
    4: 0
    5: 0
    6: 4
    7: 1363674
    8: 1237250
    9: 833318
    10: 425383
    11: 217140
    12: 94020
    13: 77283
    14: 65235
    15: 107025
    16: 1434194
    17: 912482
    18: 167716
    19: 93289
    20: 77996
    21: 76010
    22: 73825
    23: 76169
    24: 711968
    25: 173837
    26: 57286
    27: 46866
    28: 41689
    29: 36309
    30: 32655
    31: 26676
    32: 25343
    33: 24177
    34: 18568
    35: 14018
    36: 12690
    37: 10397
    38: 8332
    39: 6242
    40: 6500
    41: 11594
    42: 8732
    43: 5473
    44: 4463
    45: 3949
    46: 2182
    47: 1589
    48: 1280
    49: 1216
    50: 1127
    51: 939
    52: 568
    53: 385
    54: 348
    55: 244
    56: 161
    57: 125
    58: 128
    59: 91
    60: 88
    61: 41
    62: 22
    63: 14
    64: 2
    65: 9
    66: 2
    67: 2
    68: 2
    69: 2
    70: 1
    71: 0
    72: 0
    73: 0
    74: 0
    75: 0
    76: 0
    77: 0
    78: 0
    79: 0
    80: 0
    81: 0
    82: 0
    83: 0
    84: 0
    85: 0
    86: 0
    87: 0
    88: 0
    89: 0
    90: 0
    91: 0
    92: 0
    93: 0
    94: 0
    95: 0
    96: 0
    97: 0
    98: 0
    99: 0
  mem-1: # Memory controller stats
   rd: 8630340 # Read requests
   wr: 68 # Write requests
   rdlat: 1269278829 # Total latency experienced by read requests
   wrlat: 27800 # Total latency experienced by write requests
   rdhits: 92 # Read row hits
   wrhits: 0 # Write row hits
   mlh: # latency histogram for memory requests
    0: 0
    1: 0
    2: 0
    3: 0
    4: 0
    5: 0
    6: 3
    7: 1363518
    8: 1237973
    9: 831824
    10: 425155
    11: 217329
    12: 93553
    13: 77498
    14: 65437
    15: 106696
    16: 1433427
    17: 912584
    18: 167439
    19: 94132
    20: 78189
    21: 76057
    22: 73776
    23: 76023
    24: 712093
    25: 174388
    26: 57183
    27: 46722
    28: 41815
    29: 36733
    30: 32763
    31: 26659
    32: 25398
    33: 24277
    34: 18531
    35: 14012
    36: 12784
    37: 10533
    38: 8349
    39: 6008
    40: 6343
    41: 11812
    42: 8734
    43: 5515
    44: 4628
    45: 3823
    46: 2215
    47: 1570
    48: 1321
    49: 1299
    50: 1133
    51: 877
    52: 586
    53: 388
    54: 321
    55: 216
    56: 177
    57: 143
    58: 133
    59: 94
    60: 81
    61: 31
    62: 9
    63: 7
    64: 10
    65: 4
    66: 3
    67: 3
    68: 1
    69: 1
    70: 1
    71: 0
    72: 0
    73: 0
    74: 0
    75: 0
    76: 0
    77: 0
    78: 0
    79: 0
    80: 0
    81: 0
    82: 0
    83: 0
    84: 0
    85: 0
    86: 0
    87: 0
    88: 0
    89: 0
    90: 0
    91: 0
    92: 0
    93: 0
    94: 0
    95: 0
    96: 0
    97: 0
    98: 0
    99: 0
 sched: # Scheduler stats
  thCr: 5 # Threads created
  thFn: 0 # Threads finished
  schedEvs: 5 # Schedule events
  waitEvs: 0 # Wait events
  handoffEvs: 0 # Handoff events
  sleepEvs: 0 # Sleep events
  idlePhases: 0 # Phases with no thread active
  idlePeriods: 0 # Periods with no thread active
  occHist: # Occupancy histogram
   0: 0
   1: 2
   2: 0
   3: 0
   4: 0
   5: 96423
  rqSzHist: # Run queue size histogram
   0: 96425
   1: 0
   2: 0
   3: 0
   4: 0
   5: 0
   6: 0
   7: 0
   8: 0
   9: 0
   10: 0
   11: 0
   12: 0
   13: 0
   14: 0
   15: 0
   16: 0
 procCycles: # Per-process unhalted core cycles
  0: 4821148076
  1: 0
  2: 0
  3: 0
  4: 0
  5: 0
  6: 0
  7: 0
  8: 0
  9: 0
  10: 0
  11: 0
  12: 0
  13: 0
  14: 0
  15: 0
  16: 0
  17: 0
  18: 0
  19: 0
  20: 0
  21: 0
  22: 0
  23: 0
  24: 0
  25: 0
  26: 0
  27: 0
  28: 0
  29: 0
  30: 0
  31: 0
  32: 0
  33: 0
  34: 0
  35: 0
  36: 0
  37: 0
  38: 0
  39: 0
  40: 0
  41: 0
  42: 0
  43: 0
  44: 0
  45: 0
  46: 0
  47: 0
  48: 0
  49: 0
  50: 0
  51: 0
  52: 0
  53: 0
  54: 0
  55: 0
  56: 0
  57: 0
  58: 0
  59: 0
  60: 0
  61: 0
  62: 0
  63: 0
 procInstrs: # Per-process instructions
  0: 5000009204
  1: 0
  2: 0
  3: 0
  4: 0
  5: 0
  6: 0
  7: 0
  8: 0
  9: 0
  10: 0
  11: 0
  12: 0
  13: 0
  14: 0
  15: 0
  16: 0
  17: 0
  18: 0
  19: 0
  20: 0
  21: 0
  22: 0
  23: 0
  24: 0
  25: 0
  26: 0
  27: 0
  28: 0
  29: 0
  30: 0
  31: 0
  32: 0
  33: 0
  34: 0
  35: 0
  36: 0
  37: 0
  38: 0
  39: 0
  40: 0
  41: 0
  42: 0
  43: 0
  44: 0
  45: 0
  46: 0
  47: 0
  48: 0
  49: 0
  50: 0
  51: 0
  52: 0
  53: 0
  54: 0
  55: 0
  56: 0
  57: 0
  58: 0
  59: 0
  60: 0
  61: 0
  62: 0
  63: 0
 heartbeats: # Per-process heartbeats
  0: 0
  1: 0
  2: 0
  3: 0
  4: 0
  5: 0
  6: 0
  7: 0
  8: 0
  9: 0
  10: 0
  11: 0
  12: 0
  13: 0
  14: 0
  15: 0
  16: 0
  17: 0
  18: 0
  19: 0
  20: 0
  21: 0
  22: 0
  23: 0
  24: 0
  25: 0
  26: 0
  27: 0
  28: 0
  29: 0
  30: 0
  31: 0
  32: 0
  33: 0
  34: 0
  35: 0
  36: 0
  37: 0
  38: 0
  39: 0
  40: 0
  41: 0
  42: 0
  43: 0
  44: 0
  45: 0
  46: 0
  47: 0
  48: 0
  49: 0
  50: 0
  51: 0
  52: 0
  53: 0
  54: 0
  55: 0
  56: 0
  57: 0
  58: 0
  59: 0
  60: 0
  61: 0
  62: 0
  63: 0
===
