# zsim stats
===
root: # Stats
 contention: # Contention simulation stats
  domain-0: # Domain stats
   time: 1047076050 # Weave simulation time
 time: # Simulator time breakdown
  init: 11677288825
  bound: 556929773415
  weave: 14245171028
  ff: 0
 trigger: 20000 # Reason for this stats dump
 phase: 179889 # Simulated phases
 core: # Core stats
  core-0: # Core stats
   cycles: 1798890002 # Simulated unhalted cycles
   cCycles: 833428 # Cycles due to contention stalls
   instrs: 2499835792 # Simulated instructions
   uops: 2562856733 # Retired micro-ops
   bbls: 398770524 # Basic blocks
   approxInstrs: 16710507 # Instrs with approx uop decoding
   mispredBranches: 22605 # Mispredicted branches
  core-1: # Core stats
   cycles: 1798890018 # Simulated unhalted cycles
   cCycles: 827024 # Cycles due to contention stalls
   instrs: 2500196124 # Simulated instructions
   uops: 2563299125 # Retired micro-ops
   bbls: 398791577 # Basic blocks
   approxInstrs: 16719698 # Instrs with approx uop decoding
   mispredBranches: 22671 # Mispredicted branches
 l1i: # Cache stats
  l1i-0: # Filter cache stats
   fhGETS: 423888692 # Filtered GETS hits
   fhGETX: 0 # Filtered GETX hits
   hGETS: 45644 # GETS hits
   hGETX: 0 # GETX hits
   mGETS: 287 # GETS misses
   mGETXIM: 0 # GETX I->M misses
   mGETXSM: 0 # GETX S->M misses (upgrade misses)
   PUTS: 0 # Clean evictions (from lower level)
   PUTX: 0 # Dirty evictions (from lower level)
   INV: 0 # Invalidates (from upper level)
   INVX: 0 # Downgrades (from upper level)
   FWD: 0 # Forwards (from upper level)
   latGETnl: 15863 # GET request latency on next level
   latGETnet: 0 # GET request latency on network to next level
  l1i-1: # Filter cache stats
   fhGETS: 423923873 # Filtered GETS hits
   fhGETX: 0 # Filtered GETX hits
   hGETS: 45864 # GETS hits
   hGETX: 0 # GETX hits
   mGETS: 234 # GETS misses
   mGETXIM: 0 # GETX I->M misses
   mGETXSM: 0 # GETX S->M misses (upgrade misses)
   PUTS: 0 # Clean evictions (from lower level)
   PUTX: 0 # Dirty evictions (from lower level)
   INV: 0 # Invalidates (from upper level)
   INVX: 0 # Downgrades (from upper level)
   FWD: 0 # Forwards (from upper level)
   latGETnl: 11802 # GET request latency on next level
   latGETnet: 0 # GET request latency on network to next level
 l1d: # Cache stats
  l1d-0: # Filter cache stats
   fhGETS: 582797118 # Filtered GETS hits
   fhGETX: 100850229 # Filtered GETX hits
   hGETS: 10708993 # GETS hits
   hGETX: 52337400 # GETX hits
   mGETS: 109443986 # GETS misses
   mGETXIM: 20216520 # GETX I->M misses
   mGETXSM: 6326 # GETX S->M misses (upgrade misses)
   PUTS: 0 # Clean evictions (from lower level)
   PUTX: 0 # Dirty evictions (from lower level)
   INV: 26 # Invalidates (from upper level)
   INVX: 21908 # Downgrades (from upper level)
   FWD: 0 # Forwards (from upper level)
   latGETnl: 3247261099 # GET request latency on next level
   latGETnet: 0 # GET request latency on network to next level
  l1d-1: # Filter cache stats
   fhGETS: 582142699 # Filtered GETS hits
   fhGETX: 100744372 # Filtered GETX hits
   hGETS: 11458925 # GETS hits
   hGETX: 52479833 # GETX hits
   mGETS: 109475347 # GETS misses
   mGETXIM: 20218656 # GETX I->M misses
   mGETXSM: 106 # GETX S->M misses (upgrade misses)
   PUTS: 0 # Clean evictions (from lower level)
   PUTX: 0 # Dirty evictions (from lower level)
   INV: 5409 # Invalidates (from upper level)
   INVX: 16404 # Downgrades (from upper level)
   FWD: 0 # Forwards (from upper level)
   latGETnl: 3247862693 # GET request latency on next level
   latGETnet: 0 # GET request latency on network to next level
 l2: # Cache stats
  l2-0: # Cache stats
   hGETS: 19 # GETS hits
   hGETX: 6 # GETX hits
   mGETS: 109444254 # GETS misses
   mGETXIM: 20216514 # GETX I->M misses
   mGETXSM: 6326 # GETX S->M misses (upgrade misses)
   PUTS: 59363379 # Clean evictions (from lower level)
   PUTX: 70296593 # Dirty evictions (from lower level)
   INV: 108 # Invalidates (from upper level)
   INVX: 480175 # Downgrades (from upper level)
   FWD: 0 # Forwards (from upper level)
   latGETnl: 2209940010 # GET request latency on next level
   latGETnet: 0 # GET request latency on network to next level
  l2-1: # Cache stats
   hGETS: 0 # GETS hits
   hGETX: 0 # GETX hits
   mGETS: 109475581 # GETS misses
   mGETXIM: 20218656 # GETX I->M misses
   mGETXSM: 106 # GETX S->M misses (upgrade misses)
   PUTS: 59372604 # Clean evictions (from lower level)
   PUTX: 70315478 # Dirty evictions (from lower level)
   INV: 6376 # Invalidates (from upper level)
   INVX: 484398 # Downgrades (from upper level)
   FWD: 0 # Forwards (from upper level)
   latGETnl: 2210319751 # GET request latency on next level
   latGETnet: 0 # GET request latency on network to next level
 l3: # Cache stats
  l3-0: # Cache stats
   hGETS: 218881517 # GETS hits
   hGETX: 40413839 # GETX hits
   mGETS: 38318 # GETS misses
   mGETXIM: 27763 # GETX I->M misses
   mGETXSM: 0 # GETX S->M misses (upgrade misses)
   PUTS: 118728132 # Clean evictions (from lower level)
   PUTX: 140604005 # Dirty evictions (from lower level)
   INV: 0 # Invalidates (from upper level)
   INVX: 0 # Downgrades (from upper level)
   FWD: 0 # Forwards (from upper level)
   latGETnl: 3171888 # GET request latency on next level
   latGETnet: 0 # GET request latency on network to next level
 mem: # Memory controller stats
  mem-0: # Memory controller stats
   rd: 33045 # Read requests
   wr: 0 # Write requests
   rdlat: 2710581 # Total latency experienced by read requests
   wrlat: 0 # Total latency experienced by write requests
   rdhits: 174 # Read row hits
   wrhits: 0 # Write row hits
   mlh: # latency histogram for memory requests
    0: 0
    1: 0
    2: 0
    3: 0
    4: 0
    5: 0
    6: 0
    7: 28147
    8: 1455
    9: 2501
    10: 79
    11: 41
    12: 42
    13: 47
    14: 85
    15: 37
    16: 275
    17: 24
    18: 26
    19: 15
    20: 19
    21: 30
    22: 26
    23: 31
    24: 28
    25: 24
    26: 27
    27: 32
    28: 29
    29: 8
    30: 2
    31: 1
    32: 9
    33: 1
    34: 0
    35: 2
    36: 1
    37: 1
    38: 0
    39: 0
    40: 0
    41: 0
    42: 0
    43: 0
    44: 0
    45: 0
    46: 0
    47: 0
    48: 0
    49: 0
    50: 0
    51: 0
    52: 0
    53: 0
    54: 0
    55: 0
    56: 0
    57: 0
    58: 0
    59: 0
    60: 0
    61: 0
    62: 0
    63: 0
    64: 0
    65: 0
    66: 0
    67: 0
    68: 0
    69: 0
    70: 0
    71: 0
    72: 0
    73: 0
    74: 0
    75: 0
    76: 0
    77: 0
    78: 0
    79: 0
    80: 0
    81: 0
    82: 0
    83: 0
    84: 0
    85: 0
    86: 0
    87: 0
    88: 0
    89: 0
    90: 0
    91: 0
    92: 0
    93: 0
    94: 0
    95: 0
    96: 0
    97: 0
    98: 0
    99: 0
  mem-1: # Memory controller stats
   rd: 33036 # Read requests
   wr: 0 # Write requests
   rdlat: 2710537 # Total latency experienced by read requests
   wrlat: 0 # Total latency experienced by write requests
   rdhits: 174 # Read row hits
   wrhits: 0 # Write row hits
   mlh: # latency histogram for memory requests
    0: 0
    1: 0
    2: 0
    3: 0
    4: 0
    5: 0
    6: 1
    7: 28221
    8: 1541
    9: 2308
    10: 46
    11: 35
    12: 38
    13: 39
    14: 99
    15: 56
    16: 327
    17: 13
    18: 24
    19: 19
    20: 21
    21: 20
    22: 37
    23: 29
    24: 27
    25: 31
    26: 19
    27: 33
    28: 24
    29: 8
    30: 4
    31: 5
    32: 5
    33: 1
    34: 1
    35: 2
    36: 0
    37: 0
    38: 1
    39: 1
    40: 0
    41: 0
    42: 0
    43: 0
    44: 0
    45: 0
    46: 0
    47: 0
    48: 0
    49: 0
    50: 0
    51: 0
    52: 0
    53: 0
    54: 0
    55: 0
    56: 0
    57: 0
    58: 0
    59: 0
    60: 0
    61: 0
    62: 0
    63: 0
    64: 0
    65: 0
    66: 0
    67: 0
    68: 0
    69: 0
    70: 0
    71: 0
    72: 0
    73: 0
    74: 0
    75: 0
    76: 0
    77: 0
    78: 0
    79: 0
    80: 0
    81: 0
    82: 0
    83: 0
    84: 0
    85: 0
    86: 0
    87: 0
    88: 0
    89: 0
    90: 0
    91: 0
    92: 0
    93: 0
    94: 0
    95: 0
    96: 0
    97: 0
    98: 0
    99: 0
 sched: # Scheduler stats
  thCr: 2 # Threads created
  thFn: 0 # Threads finished
  schedEvs: 2 # Schedule events
  waitEvs: 0 # Wait events
  handoffEvs: 0 # Handoff events
  sleepEvs: 0 # Sleep events
  idlePhases: 0 # Phases with no thread active
  idlePeriods: 0 # Periods with no thread active
  occHist: # Occupancy histogram
   0: 0
   1: 0
   2: 179889
  rqSzHist: # Run queue size histogram
   0: 179889
   1: 0
   2: 0
   3: 0
   4: 0
   5: 0
   6: 0
   7: 0
   8: 0
   9: 0
   10: 0
   11: 0
   12: 0
   13: 0
   14: 0
   15: 0
   16: 0
 procCycles: # Per-process unhalted core cycles
  0: 3597780020
  1: 0
  2: 0
  3: 0
  4: 0
  5: 0
  6: 0
  7: 0
  8: 0
  9: 0
  10: 0
  11: 0
  12: 0
  13: 0
  14: 0
  15: 0
  16: 0
  17: 0
  18: 0
  19: 0
  20: 0
  21: 0
  22: 0
  23: 0
  24: 0
  25: 0
  26: 0
  27: 0
  28: 0
  29: 0
  30: 0
  31: 0
  32: 0
  33: 0
  34: 0
  35: 0
  36: 0
  37: 0
  38: 0
  39: 0
  40: 0
  41: 0
  42: 0
  43: 0
  44: 0
  45: 0
  46: 0
  47: 0
  48: 0
  49: 0
  50: 0
  51: 0
  52: 0
  53: 0
  54: 0
  55: 0
  56: 0
  57: 0
  58: 0
  59: 0
  60: 0
  61: 0
  62: 0
  63: 0
 procInstrs: # Per-process instructions
  0: 5000031916
  1: 0
  2: 0
  3: 0
  4: 0
  5: 0
  6: 0
  7: 0
  8: 0
  9: 0
  10: 0
  11: 0
  12: 0
  13: 0
  14: 0
  15: 0
  16: 0
  17: 0
  18: 0
  19: 0
  20: 0
  21: 0
  22: 0
  23: 0
  24: 0
  25: 0
  26: 0
  27: 0
  28: 0
  29: 0
  30: 0
  31: 0
  32: 0
  33: 0
  34: 0
  35: 0
  36: 0
  37: 0
  38: 0
  39: 0
  40: 0
  41: 0
  42: 0
  43: 0
  44: 0
  45: 0
  46: 0
  47: 0
  48: 0
  49: 0
  50: 0
  51: 0
  52: 0
  53: 0
  54: 0
  55: 0
  56: 0
  57: 0
  58: 0
  59: 0
  60: 0
  61: 0
  62: 0
  63: 0
 heartbeats: # Per-process heartbeats
  0: 0
  1: 0
  2: 0
  3: 0
  4: 0
  5: 0
  6: 0
  7: 0
  8: 0
  9: 0
  10: 0
  11: 0
  12: 0
  13: 0
  14: 0
  15: 0
  16: 0
  17: 0
  18: 0
  19: 0
  20: 0
  21: 0
  22: 0
  23: 0
  24: 0
  25: 0
  26: 0
  27: 0
  28: 0
  29: 0
  30: 0
  31: 0
  32: 0
  33: 0
  34: 0
  35: 0
  36: 0
  37: 0
  38: 0
  39: 0
  40: 0
  41: 0
  42: 0
  43: 0
  44: 0
  45: 0
  46: 0
  47: 0
  48: 0
  49: 0
  50: 0
  51: 0
  52: 0
  53: 0
  54: 0
  55: 0
  56: 0
  57: 0
  58: 0
  59: 0
  60: 0
  61: 0
  62: 0
  63: 0
===
