# zsim stats
===
root: # Stats
 contention: # Contention simulation stats
  domain-0: # Domain stats
   time: 12451760748 # Weave simulation time
 time: # Simulator time breakdown
  init: 11523996785
  bound: 482607447780
  weave: 26022414125
  ff: 0
 trigger: 20000 # Reason for this stats dump
 phase: 158063 # Simulated phases
 core: # Core stats
  core-0: # Core stats
   cycles: 1580631388 # Simulated unhalted cycles
   cCycles: 187149713 # Cycles due to contention stalls
   instrs: 1666677804 # Simulated instructions
   uops: 1994666547 # Retired micro-ops
   bbls: 214817973 # Basic blocks
   approxInstrs: 33268188 # Instrs with approx uop decoding
   mispredBranches: 1918508 # Mispredicted branches
  core-1: # Core stats
   cycles: 1580610852 # Simulated unhalted cycles
   cCycles: 186157312 # Cycles due to contention stalls
   instrs: 1666902387 # Simulated instructions
   uops: 1994935549 # Retired micro-ops
   bbls: 214846716 # Basic blocks
   approxInstrs: 33272763 # Instrs with approx uop decoding
   mispredBranches: 1933667 # Mispredicted branches
  core-2: # Core stats
   cycles: 1580610805 # Simulated unhalted cycles
   cCycles: 187093094 # Cycles due to contention stalls
   instrs: 1666423402 # Simulated instructions
   uops: 1994362563 # Retired micro-ops
   bbls: 214784790 # Basic blocks
   approxInstrs: 33263497 # Instrs with approx uop decoding
   mispredBranches: 1917965 # Mispredicted branches
 l1i: # Cache stats
  l1i-0: # Filter cache stats
   fhGETS: 285828070 # Filtered GETS hits
   fhGETX: 0 # Filtered GETX hits
   hGETS: 255 # GETS hits
   hGETX: 0 # GETX hits
   mGETS: 243 # GETS misses
   mGETXIM: 0 # GETX I->M misses
   mGETXSM: 0 # GETX S->M misses (upgrade misses)
   PUTS: 0 # Clean evictions (from lower level)
   PUTX: 0 # Dirty evictions (from lower level)
   INV: 0 # Invalidates (from upper level)
   INVX: 0 # Downgrades (from upper level)
   FWD: 0 # Forwards (from upper level)
   latGETnl: 16714 # GET request latency on next level
   latGETnet: 0 # GET request latency on network to next level
  l1i-1: # Filter cache stats
   fhGETS: 285941627 # Filtered GETS hits
   fhGETX: 0 # Filtered GETX hits
   hGETS: 24 # GETS hits
   hGETX: 0 # GETX hits
   mGETS: 110 # GETS misses
   mGETXIM: 0 # GETX I->M misses
   mGETXSM: 0 # GETX S->M misses (upgrade misses)
   PUTS: 0 # Clean evictions (from lower level)
   PUTX: 0 # Dirty evictions (from lower level)
   INV: 0 # Invalidates (from upper level)
   INVX: 0 # Downgrades (from upper level)
   FWD: 0 # Forwards (from upper level)
   latGETnl: 3854 # GET request latency on next level
   latGETnet: 0 # GET request latency on network to next level
  l1i-2: # Filter cache stats
   fhGETS: 285783604 # Filtered GETS hits
   fhGETX: 0 # Filtered GETX hits
   hGETS: 3 # GETS hits
   hGETX: 0 # GETX hits
   mGETS: 106 # GETS misses
   mGETXIM: 0 # GETX I->M misses
   mGETXSM: 0 # GETX S->M misses (upgrade misses)
   PUTS: 0 # Clean evictions (from lower level)
   PUTX: 0 # Dirty evictions (from lower level)
   INV: 0 # Invalidates (from upper level)
   INVX: 0 # Downgrades (from upper level)
   FWD: 0 # Forwards (from upper level)
   latGETnl: 3802 # GET request latency on next level
   latGETnet: 0 # GET request latency on network to next level
 l1d: # Cache stats
  l1d-0: # Filter cache stats
   fhGETS: 485100307 # Filtered GETS hits
   fhGETX: 78798421 # Filtered GETX hits
   hGETS: 33541543 # GETS hits
   hGETX: 13256414 # GETX hits
   mGETS: 5753605 # GETS misses
   mGETXIM: 63 # GETX I->M misses
   mGETXSM: 1 # GETX S->M misses (upgrade misses)
   PUTS: 0 # Clean evictions (from lower level)
   PUTX: 0 # Dirty evictions (from lower level)
   INV: 14 # Invalidates (from upper level)
   INVX: 85 # Downgrades (from upper level)
   FWD: 0 # Forwards (from upper level)
   latGETnl: 420016034 # GET request latency on next level
   latGETnet: 0 # GET request latency on network to next level
  l1d-1: # Filter cache stats
   fhGETS: 508822124 # Filtered GETS hits
   fhGETX: 90628018 # Filtered GETX hits
   hGETS: 9890077 # GETS hits
   hGETX: 1438726 # GETX hits
   mGETS: 5754287 # GETS misses
   mGETXIM: 17 # GETX I->M misses
   mGETXSM: 8 # GETX S->M misses (upgrade misses)
   PUTS: 0 # Clean evictions (from lower level)
   PUTX: 0 # Dirty evictions (from lower level)
   INV: 2 # Invalidates (from upper level)
   INVX: 10 # Downgrades (from upper level)
   FWD: 0 # Forwards (from upper level)
   latGETnl: 420061536 # GET request latency on next level
   latGETnet: 0 # GET request latency on network to next level
  l1d-2: # Filter cache stats
   fhGETS: 508676253 # Filtered GETS hits
   fhGETX: 90602039 # Filtered GETX hits
   hGETS: 9886979 # GETS hits
   hGETX: 1438114 # GETX hits
   mGETS: 5752611 # GETS misses
   mGETXIM: 18 # GETX I->M misses
   mGETXSM: 5 # GETX S->M misses (upgrade misses)
   PUTS: 0 # Clean evictions (from lower level)
   PUTX: 0 # Dirty evictions (from lower level)
   INV: 1 # Invalidates (from upper level)
   INVX: 8 # Downgrades (from upper level)
   FWD: 0 # Forwards (from upper level)
   latGETnl: 419938510 # GET request latency on next level
   latGETnet: 0 # GET request latency on network to next level
 l2: # Cache stats
  l2-0: # Cache stats
   hGETS: 7 # GETS hits
   hGETX: 1 # GETX hits
   mGETS: 5753841 # GETS misses
   mGETXIM: 62 # GETX I->M misses
   mGETXSM: 1 # GETX S->M misses (upgrade misses)
   PUTS: 5753083 # Clean evictions (from lower level)
   PUTX: 62 # Dirty evictions (from lower level)
   INV: 15 # Invalidates (from upper level)
   INVX: 87 # Downgrades (from upper level)
   FWD: 0 # Forwards (from upper level)
   latGETnl: 374001452 # GET request latency on next level
   latGETnet: 0 # GET request latency on network to next level
  l2-1: # Cache stats
   hGETS: 0 # GETS hits
   hGETX: 0 # GETX hits
   mGETS: 5754397 # GETS misses
   mGETXIM: 17 # GETX I->M misses
   mGETXSM: 8 # GETX S->M misses (upgrade misses)
   PUTS: 5753771 # Clean evictions (from lower level)
   PUTX: 19 # Dirty evictions (from lower level)
   INV: 2 # Invalidates (from upper level)
   INVX: 60 # Downgrades (from upper level)
   FWD: 0 # Forwards (from upper level)
   latGETnl: 374030014 # GET request latency on next level
   latGETnet: 0 # GET request latency on network to next level
  l2-2: # Cache stats
   hGETS: 0 # GETS hits
   hGETX: 0 # GETX hits
   mGETS: 5752717 # GETS misses
   mGETXIM: 18 # GETX I->M misses
   mGETXSM: 5 # GETX S->M misses (upgrade misses)
   PUTS: 5752096 # Clean evictions (from lower level)
   PUTX: 20 # Dirty evictions (from lower level)
   INV: 1 # Invalidates (from upper level)
   INVX: 8 # Downgrades (from upper level)
   FWD: 0 # Forwards (from upper level)
   latGETnl: 373920392 # GET request latency on next level
   latGETnet: 0 # GET request latency on network to next level
 l3: # Cache stats
  l3-0: # Cache stats
   hGETS: 384 # GETS hits
   hGETX: 18 # GETX hits
   mGETS: 17260571 # GETS misses
   mGETXIM: 93 # GETX I->M misses
   mGETXSM: 0 # GETX S->M misses (upgrade misses)
   PUTS: 17236360 # Clean evictions (from lower level)
   PUTX: 98 # Dirty evictions (from lower level)
   INV: 0 # Invalidates (from upper level)
   INVX: 0 # Downgrades (from upper level)
   FWD: 0 # Forwards (from upper level)
   latGETnl: 828511872 # GET request latency on next level
   latGETnet: 0 # GET request latency on network to next level
 mem: # Memory controller stats
  mem-0: # Memory controller stats
   rd: 8630319 # Read requests
   wr: 53 # Write requests
   rdlat: 1164546667 # Total latency experienced by read requests
   wrlat: 12858 # Total latency experienced by write requests
   rdhits: 37 # Read row hits
   wrhits: 0 # Write row hits
   mlh: # latency histogram for memory requests
    0: 0
    1: 0
    2: 0
    3: 0
    4: 0
    5: 0
    6: 4
    7: 1515494
    8: 1370245
    9: 1060907
    10: 484610
    11: 201728
    12: 45365
    13: 32694
    14: 21247
    15: 72215
    16: 1648653
    17: 1060766
    18: 98562
    19: 35388
    20: 21749
    21: 22253
    22: 22120
    23: 20783
    24: 657409
    25: 87314
    26: 19721
    27: 15384
    28: 13127
    29: 10975
    30: 10200
    31: 8477
    32: 10506
    33: 11290
    34: 7679
    35: 6210
    36: 5506
    37: 4142
    38: 2613
    39: 1583
    40: 2412
    41: 7379
    42: 4414
    43: 2661
    44: 2386
    45: 2008
    46: 630
    47: 346
    48: 266
    49: 224
    50: 221
    51: 173
    52: 90
    53: 56
    54: 36
    55: 31
    56: 14
    57: 11
    58: 23
    59: 7
    60: 6
    61: 3
    62: 0
    63: 2
    64: 1
    65: 0
    66: 0
    67: 0
    68: 0
    69: 0
    70: 0
    71: 0
    72: 0
    73: 0
    74: 0
    75: 0
    76: 0
    77: 0
    78: 0
    79: 0
    80: 0
    81: 0
    82: 0
    83: 0
    84: 0
    85: 0
    86: 0
    87: 0
    88: 0
    89: 0
    90: 0
    91: 0
    92: 0
    93: 0
    94: 0
    95: 0
    96: 0
    97: 0
    98: 0
    99: 0
  mem-1: # Memory controller stats
   rd: 8630330 # Read requests
   wr: 54 # Write requests
   rdlat: 1164659872 # Total latency experienced by read requests
   wrlat: 12941 # Total latency experienced by write requests
   rdhits: 39 # Read row hits
   wrhits: 0 # Write row hits
   mlh: # latency histogram for memory requests
    0: 0
    1: 0
    2: 0
    3: 0
    4: 0
    5: 0
    6: 2
    7: 1514742
    8: 1370914
    9: 1061237
    10: 484982
    11: 201099
    12: 45724
    13: 32237
    14: 21688
    15: 72098
    16: 1648977
    17: 1060697
    18: 97848
    19: 35295
    20: 21914
    21: 22089
    22: 22228
    23: 20684
    24: 656768
    25: 87610
    26: 19752
    27: 15416
    28: 13147
    29: 10965
    30: 10217
    31: 8412
    32: 10492
    33: 11436
    34: 7607
    35: 6117
    36: 5401
    37: 4317
    38: 2673
    39: 1654
    40: 2448
    41: 7566
    42: 4513
    43: 2709
    44: 2353
    45: 2033
    46: 626
    47: 367
    48: 285
    49: 261
    50: 228
    51: 223
    52: 101
    53: 52
    54: 40
    55: 23
    56: 9
    57: 13
    58: 14
    59: 12
    60: 7
    61: 2
    62: 5
    63: 1
    64: 0
    65: 0
    66: 0
    67: 0
    68: 0
    69: 0
    70: 0
    71: 0
    72: 0
    73: 0
    74: 0
    75: 0
    76: 0
    77: 0
    78: 0
    79: 0
    80: 0
    81: 0
    82: 0
    83: 0
    84: 0
    85: 0
    86: 0
    87: 0
    88: 0
    89: 0
    90: 0
    91: 0
    92: 0
    93: 0
    94: 0
    95: 0
    96: 0
    97: 0
    98: 0
    99: 0
 sched: # Scheduler stats
  thCr: 3 # Threads created
  thFn: 0 # Threads finished
  schedEvs: 3 # Schedule events
  waitEvs: 0 # Wait events
  handoffEvs: 0 # Handoff events
  sleepEvs: 0 # Sleep events
  idlePhases: 0 # Phases with no thread active
  idlePeriods: 0 # Periods with no thread active
  occHist: # Occupancy histogram
   0: 0
   1: 2
   2: 0
   3: 158061
  rqSzHist: # Run queue size histogram
   0: 158063
   1: 0
   2: 0
   3: 0
   4: 0
   5: 0
   6: 0
   7: 0
   8: 0
   9: 0
   10: 0
   11: 0
   12: 0
   13: 0
   14: 0
   15: 0
   16: 0
 procCycles: # Per-process unhalted core cycles
  0: 4741853045
  1: 0
  2: 0
  3: 0
  4: 0
  5: 0
  6: 0
  7: 0
  8: 0
  9: 0
  10: 0
  11: 0
  12: 0
  13: 0
  14: 0
  15: 0
  16: 0
  17: 0
  18: 0
  19: 0
  20: 0
  21: 0
  22: 0
  23: 0
  24: 0
  25: 0
  26: 0
  27: 0
  28: 0
  29: 0
  30: 0
  31: 0
  32: 0
  33: 0
  34: 0
  35: 0
  36: 0
  37: 0
  38: 0
  39: 0
  40: 0
  41: 0
  42: 0
  43: 0
  44: 0
  45: 0
  46: 0
  47: 0
  48: 0
  49: 0
  50: 0
  51: 0
  52: 0
  53: 0
  54: 0
  55: 0
  56: 0
  57: 0
  58: 0
  59: 0
  60: 0
  61: 0
  62: 0
  63: 0
 procInstrs: # Per-process instructions
  0: 5000003593
  1: 0
  2: 0
  3: 0
  4: 0
  5: 0
  6: 0
  7: 0
  8: 0
  9: 0
  10: 0
  11: 0
  12: 0
  13: 0
  14: 0
  15: 0
  16: 0
  17: 0
  18: 0
  19: 0
  20: 0
  21: 0
  22: 0
  23: 0
  24: 0
  25: 0
  26: 0
  27: 0
  28: 0
  29: 0
  30: 0
  31: 0
  32: 0
  33: 0
  34: 0
  35: 0
  36: 0
  37: 0
  38: 0
  39: 0
  40: 0
  41: 0
  42: 0
  43: 0
  44: 0
  45: 0
  46: 0
  47: 0
  48: 0
  49: 0
  50: 0
  51: 0
  52: 0
  53: 0
  54: 0
  55: 0
  56: 0
  57: 0
  58: 0
  59: 0
  60: 0
  61: 0
  62: 0
  63: 0
 heartbeats: # Per-process heartbeats
  0: 0
  1: 0
  2: 0
  3: 0
  4: 0
  5: 0
  6: 0
  7: 0
  8: 0
  9: 0
  10: 0
  11: 0
  12: 0
  13: 0
  14: 0
  15: 0
  16: 0
  17: 0
  18: 0
  19: 0
  20: 0
  21: 0
  22: 0
  23: 0
  24: 0
  25: 0
  26: 0
  27: 0
  28: 0
  29: 0
  30: 0
  31: 0
  32: 0
  33: 0
  34: 0
  35: 0
  36: 0
  37: 0
  38: 0
  39: 0
  40: 0
  41: 0
  42: 0
  43: 0
  44: 0
  45: 0
  46: 0
  47: 0
  48: 0
  49: 0
  50: 0
  51: 0
  52: 0
  53: 0
  54: 0
  55: 0
  56: 0
  57: 0
  58: 0
  59: 0
  60: 0
  61: 0
  62: 0
  63: 0
===
