# zsim stats
===
root: # Stats
 contention: # Contention simulation stats
  domain-0: # Domain stats
   time: 794169221 # Weave simulation time
 time: # Simulator time breakdown
  init: 11481453500
  bound: 558375045582
  weave: 11800630236
  ff: 0
 trigger: 20000 # Reason for this stats dump
 phase: 120668 # Simulated phases
 core: # Core stats
  core-0: # Core stats
   cycles: 1206680025 # Simulated unhalted cycles
   cCycles: 788012 # Cycles due to contention stalls
   instrs: 1659975908 # Simulated instructions
   uops: 1702293598 # Retired micro-ops
   bbls: 264715665 # Basic blocks
   approxInstrs: 11086965 # Instrs with approx uop decoding
   mispredBranches: 15235 # Mispredicted branches
  core-1: # Core stats
   cycles: 1206680001 # Simulated unhalted cycles
   cCycles: 802947 # Cycles due to contention stalls
   instrs: 1668679150 # Simulated instructions
   uops: 1710730258 # Retired micro-ops
   bbls: 266262068 # Basic blocks
   approxInstrs: 11157002 # Instrs with approx uop decoding
   mispredBranches: 15201 # Mispredicted branches
  core-2: # Core stats
   cycles: 1206680004 # Simulated unhalted cycles
   cCycles: 808486 # Cycles due to contention stalls
   instrs: 1671386060 # Simulated instructions
   uops: 1713241027 # Retired micro-ops
   bbls: 266783271 # Basic blocks
   approxInstrs: 11177035 # Instrs with approx uop decoding
   mispredBranches: 15126 # Mispredicted branches
 l1i: # Cache stats
  l1i-0: # Filter cache stats
   fhGETS: 281366760 # Filtered GETS hits
   fhGETX: 0 # Filtered GETX hits
   hGETS: 43844 # GETS hits
   hGETX: 0 # GETX hits
   mGETS: 226 # GETS misses
   mGETXIM: 0 # GETX I->M misses
   mGETXSM: 0 # GETX S->M misses (upgrade misses)
   PUTS: 0 # Clean evictions (from lower level)
   PUTX: 0 # Dirty evictions (from lower level)
   INV: 0 # Invalidates (from upper level)
   INVX: 0 # Downgrades (from upper level)
   FWD: 0 # Forwards (from upper level)
   latGETnl: 13378 # GET request latency on next level
   latGETnet: 0 # GET request latency on network to next level
  l1i-1: # Filter cache stats
   fhGETS: 283018144 # Filtered GETS hits
   fhGETX: 0 # Filtered GETX hits
   hGETS: 43966 # GETS hits
   hGETX: 0 # GETX hits
   mGETS: 173 # GETS misses
   mGETXIM: 0 # GETX I->M misses
   mGETXSM: 0 # GETX S->M misses (upgrade misses)
   PUTS: 0 # Clean evictions (from lower level)
   PUTX: 0 # Dirty evictions (from lower level)
   INV: 0 # Invalidates (from upper level)
   INVX: 0 # Downgrades (from upper level)
   FWD: 0 # Forwards (from upper level)
   latGETnl: 5573 # GET request latency on next level
   latGETnet: 0 # GET request latency on network to next level
  l1i-2: # Filter cache stats
   fhGETS: 283568821 # Filtered GETS hits
   fhGETX: 0 # Filtered GETX hits
   hGETS: 43988 # GETS hits
   hGETX: 0 # GETX hits
   mGETS: 238 # GETS misses
   mGETXIM: 0 # GETX I->M misses
   mGETXSM: 0 # GETX S->M misses (upgrade misses)
   PUTS: 0 # Clean evictions (from lower level)
   PUTX: 0 # Dirty evictions (from lower level)
   INV: 0 # Invalidates (from upper level)
   INVX: 0 # Downgrades (from upper level)
   FWD: 0 # Forwards (from upper level)
   latGETnl: 11614 # GET request latency on next level
   latGETnet: 0 # GET request latency on network to next level
 l1d: # Cache stats
  l1d-0: # Filter cache stats
   fhGETS: 387657765 # Filtered GETS hits
   fhGETX: 67237382 # Filtered GETX hits
   hGETS: 6828764 # GETS hits
   hGETX: 34648821 # GETX hits
   mGETS: 72622532 # GETS misses
   mGETXIM: 13426331 # GETX I->M misses
   mGETXSM: 67 # GETX S->M misses (upgrade misses)
   PUTS: 0 # Clean evictions (from lower level)
   PUTX: 0 # Dirty evictions (from lower level)
   INV: 9 # Invalidates (from upper level)
   INVX: 27143 # Downgrades (from upper level)
   FWD: 0 # Forwards (from upper level)
   latGETnl: 2158948580 # GET request latency on next level
   latGETnet: 0 # GET request latency on network to next level
  l1d-1: # Filter cache stats
   fhGETS: 388328435 # Filtered GETS hits
   fhGETX: 67255335 # Filtered GETX hits
   hGETS: 7660200 # GETS hits
   hGETX: 35036097 # GETX hits
   mGETS: 73033577 # GETS misses
   mGETXIM: 13490422 # GETX I->M misses
   mGETXSM: 97 # GETX S->M misses (upgrade misses)
   PUTS: 0 # Clean evictions (from lower level)
   PUTX: 0 # Dirty evictions (from lower level)
   INV: 21 # Invalidates (from upper level)
   INVX: 52758 # Downgrades (from upper level)
   FWD: 0 # Forwards (from upper level)
   latGETnl: 2183099744 # GET request latency on next level
   latGETnet: 0 # GET request latency on network to next level
  l1d-2: # Filter cache stats
   fhGETS: 388960170 # Filtered GETS hits
   fhGETX: 67306200 # Filtered GETX hits
   hGETS: 7494588 # GETS hits
   hGETX: 35071967 # GETX hits
   mGETS: 73167070 # GETS misses
   mGETXIM: 13495435 # GETX I->M misses
   mGETXSM: 83 # GETX S->M misses (upgrade misses)
   PUTS: 0 # Clean evictions (from lower level)
   PUTX: 0 # Dirty evictions (from lower level)
   INV: 36 # Invalidates (from upper level)
   INVX: 38742 # Downgrades (from upper level)
   FWD: 0 # Forwards (from upper level)
   latGETnl: 2182151660 # GET request latency on next level
   latGETnet: 0 # GET request latency on network to next level
 l2: # Cache stats
  l2-0: # Cache stats
   hGETS: 16 # GETS hits
   hGETX: 6 # GETX hits
   mGETS: 72622742 # GETS misses
   mGETXIM: 13426325 # GETX I->M misses
   mGETXSM: 67 # GETX S->M misses (upgrade misses)
   PUTS: 39406797 # Clean evictions (from lower level)
   PUTX: 46641546 # Dirty evictions (from lower level)
   INV: 117 # Invalidates (from upper level)
   INVX: 2305772 # Downgrades (from upper level)
   FWD: 0 # Forwards (from upper level)
   latGETnl: 1470568710 # GET request latency on next level
   latGETnet: 0 # GET request latency on network to next level
  l2-1: # Cache stats
   hGETS: 0 # GETS hits
   hGETX: 0 # GETX hits
   mGETS: 73033750 # GETS misses
   mGETXIM: 13490422 # GETX I->M misses
   mGETXSM: 97 # GETX S->M misses (upgrade misses)
   PUTS: 39607684 # Clean evictions (from lower level)
   PUTX: 46915782 # Dirty evictions (from lower level)
   INV: 167 # Invalidates (from upper level)
   INVX: 1457652 # Downgrades (from upper level)
   FWD: 0 # Forwards (from upper level)
   latGETnl: 1490911165 # GET request latency on next level
   latGETnet: 0 # GET request latency on network to next level
  l2-2: # Cache stats
   hGETS: 0 # GETS hits
   hGETX: 0 # GETX hits
   mGETS: 73167308 # GETS misses
   mGETXIM: 13495435 # GETX I->M misses
   mGETXSM: 83 # GETX S->M misses (upgrade misses)
   PUTS: 39681170 # Clean evictions (from lower level)
   PUTX: 46980787 # Dirty evictions (from lower level)
   INV: 175 # Invalidates (from upper level)
   INVX: 1053269 # Downgrades (from upper level)
   FWD: 0 # Forwards (from upper level)
   latGETnl: 1488860666 # GET request latency on next level
   latGETnet: 0 # GET request latency on network to next level
 l3: # Cache stats
  l3-0: # Cache stats
   hGETS: 218775471 # GETS hits
   hGETX: 40370906 # GETX hits
   mGETS: 48329 # GETS misses
   mGETXIM: 41523 # GETX I->M misses
   mGETXSM: 0 # GETX S->M misses (upgrade misses)
   PUTS: 118682482 # Clean evictions (from lower level)
   PUTX: 140528465 # Dirty evictions (from lower level)
   INV: 0 # Invalidates (from upper level)
   INVX: 0 # Downgrades (from upper level)
   FWD: 0 # Forwards (from upper level)
   latGETnl: 4312896 # GET request latency on next level
   latGETnet: 0 # GET request latency on network to next level
 mem: # Memory controller stats
  mem-0: # Memory controller stats
   rd: 44925 # Read requests
   wr: 0 # Write requests
   rdlat: 3819186 # Total latency experienced by read requests
   wrlat: 0 # Total latency experienced by write requests
   rdhits: 112 # Read row hits
   wrhits: 0 # Write row hits
   mlh: # latency histogram for memory requests
    0: 0
    1: 0
    2: 0
    3: 0
    4: 0
    5: 0
    6: 10
    7: 32716
    8: 2586
    9: 6807
    10: 514
    11: 150
    12: 168
    13: 120
    14: 428
    15: 214
    16: 733
    17: 56
    18: 23
    19: 24
    20: 29
    21: 27
    22: 37
    23: 25
    24: 40
    25: 32
    26: 36
    27: 42
    28: 32
    29: 23
    30: 8
    31: 9
    32: 18
    33: 9
    34: 2
    35: 2
    36: 1
    37: 2
    38: 1
    39: 0
    40: 1
    41: 0
    42: 0
    43: 0
    44: 0
    45: 0
    46: 0
    47: 0
    48: 0
    49: 0
    50: 0
    51: 0
    52: 0
    53: 0
    54: 0
    55: 0
    56: 0
    57: 0
    58: 0
    59: 0
    60: 0
    61: 0
    62: 0
    63: 0
    64: 0
    65: 0
    66: 0
    67: 0
    68: 0
    69: 0
    70: 0
    71: 0
    72: 0
    73: 0
    74: 0
    75: 0
    76: 0
    77: 0
    78: 0
    79: 0
    80: 0
    81: 0
    82: 0
    83: 0
    84: 0
    85: 0
    86: 0
    87: 0
    88: 0
    89: 0
    90: 0
    91: 0
    92: 0
    93: 0
    94: 0
    95: 0
    96: 0
    97: 0
    98: 0
    99: 0
  mem-1: # Memory controller stats
   rd: 44927 # Read requests
   wr: 0 # Write requests
   rdlat: 3677167 # Total latency experienced by read requests
   wrlat: 0 # Total latency experienced by write requests
   rdhits: 103 # Read row hits
   wrhits: 0 # Write row hits
   mlh: # latency histogram for memory requests
    0: 0
    1: 0
    2: 0
    3: 0
    4: 0
    5: 0
    6: 7
    7: 39582
    8: 2747
    9: 701
    10: 191
    11: 143
    12: 159
    13: 266
    14: 314
    15: 247
    16: 140
    17: 21
    18: 16
    19: 26
    20: 15
    21: 20
    22: 22
    23: 34
    24: 59
    25: 57
    26: 30
    27: 33
    28: 29
    29: 24
    30: 9
    31: 17
    32: 8
    33: 1
    34: 2
    35: 5
    36: 0
    37: 1
    38: 1
    39: 0
    40: 0
    41: 0
    42: 0
    43: 0
    44: 0
    45: 0
    46: 0
    47: 0
    48: 0
    49: 0
    50: 0
    51: 0
    52: 0
    53: 0
    54: 0
    55: 0
    56: 0
    57: 0
    58: 0
    59: 0
    60: 0
    61: 0
    62: 0
    63: 0
    64: 0
    65: 0
    66: 0
    67: 0
    68: 0
    69: 0
    70: 0
    71: 0
    72: 0
    73: 0
    74: 0
    75: 0
    76: 0
    77: 0
    78: 0
    79: 0
    80: 0
    81: 0
    82: 0
    83: 0
    84: 0
    85: 0
    86: 0
    87: 0
    88: 0
    89: 0
    90: 0
    91: 0
    92: 0
    93: 0
    94: 0
    95: 0
    96: 0
    97: 0
    98: 0
    99: 0
 sched: # Scheduler stats
  thCr: 3 # Threads created
  thFn: 0 # Threads finished
  schedEvs: 3 # Schedule events
  waitEvs: 0 # Wait events
  handoffEvs: 0 # Handoff events
  sleepEvs: 0 # Sleep events
  idlePhases: 0 # Phases with no thread active
  idlePeriods: 0 # Periods with no thread active
  occHist: # Occupancy histogram
   0: 0
   1: 0
   2: 0
   3: 120668
  rqSzHist: # Run queue size histogram
   0: 120668
   1: 0
   2: 0
   3: 0
   4: 0
   5: 0
   6: 0
   7: 0
   8: 0
   9: 0
   10: 0
   11: 0
   12: 0
   13: 0
   14: 0
   15: 0
   16: 0
 procCycles: # Per-process unhalted core cycles
  0: 3620040030
  1: 0
  2: 0
  3: 0
  4: 0
  5: 0
  6: 0
  7: 0
  8: 0
  9: 0
  10: 0
  11: 0
  12: 0
  13: 0
  14: 0
  15: 0
  16: 0
  17: 0
  18: 0
  19: 0
  20: 0
  21: 0
  22: 0
  23: 0
  24: 0
  25: 0
  26: 0
  27: 0
  28: 0
  29: 0
  30: 0
  31: 0
  32: 0
  33: 0
  34: 0
  35: 0
  36: 0
  37: 0
  38: 0
  39: 0
  40: 0
  41: 0
  42: 0
  43: 0
  44: 0
  45: 0
  46: 0
  47: 0
  48: 0
  49: 0
  50: 0
  51: 0
  52: 0
  53: 0
  54: 0
  55: 0
  56: 0
  57: 0
  58: 0
  59: 0
  60: 0
  61: 0
  62: 0
  63: 0
 procInstrs: # Per-process instructions
  0: 5000041118
  1: 0
  2: 0
  3: 0
  4: 0
  5: 0
  6: 0
  7: 0
  8: 0
  9: 0
  10: 0
  11: 0
  12: 0
  13: 0
  14: 0
  15: 0
  16: 0
  17: 0
  18: 0
  19: 0
  20: 0
  21: 0
  22: 0
  23: 0
  24: 0
  25: 0
  26: 0
  27: 0
  28: 0
  29: 0
  30: 0
  31: 0
  32: 0
  33: 0
  34: 0
  35: 0
  36: 0
  37: 0
  38: 0
  39: 0
  40: 0
  41: 0
  42: 0
  43: 0
  44: 0
  45: 0
  46: 0
  47: 0
  48: 0
  49: 0
  50: 0
  51: 0
  52: 0
  53: 0
  54: 0
  55: 0
  56: 0
  57: 0
  58: 0
  59: 0
  60: 0
  61: 0
  62: 0
  63: 0
 heartbeats: # Per-process heartbeats
  0: 0
  1: 0
  2: 0
  3: 0
  4: 0
  5: 0
  6: 0
  7: 0
  8: 0
  9: 0
  10: 0
  11: 0
  12: 0
  13: 0
  14: 0
  15: 0
  16: 0
  17: 0
  18: 0
  19: 0
  20: 0
  21: 0
  22: 0
  23: 0
  24: 0
  25: 0
  26: 0
  27: 0
  28: 0
  29: 0
  30: 0
  31: 0
  32: 0
  33: 0
  34: 0
  35: 0
  36: 0
  37: 0
  38: 0
  39: 0
  40: 0
  41: 0
  42: 0
  43: 0
  44: 0
  45: 0
  46: 0
  47: 0
  48: 0
  49: 0
  50: 0
  51: 0
  52: 0
  53: 0
  54: 0
  55: 0
  56: 0
  57: 0
  58: 0
  59: 0
  60: 0
  61: 0
  62: 0
  63: 0
===
