# zsim stats
===
root: # Stats
 contention: # Contention simulation stats
  domain-0: # Domain stats
   time: 14593940541 # Weave simulation time
 time: # Simulator time breakdown
  init: 11981578570
  bound: 526017080716
  weave: 23653651452
  ff: 0
 trigger: 20000 # Reason for this stats dump
 phase: 80696 # Simulated phases
 core: # Core stats
  core-0: # Core stats
   cycles: 806960998 # Simulated unhalted cycles
   cCycles: 109247744 # Cycles due to contention stalls
   instrs: 834514877 # Simulated instructions
   uops: 998740674 # Retired micro-ops
   bbls: 107560988 # Basic blocks
   approxInstrs: 16657371 # Instrs with approx uop decoding
   mispredBranches: 960809 # Mispredicted branches
  core-1: # Core stats
   cycles: 806940405 # Simulated unhalted cycles
   cCycles: 110745799 # Cycles due to contention stalls
   instrs: 832232212 # Simulated instructions
   uops: 996008928 # Retired micro-ops
   bbls: 107266162 # Basic blocks
   approxInstrs: 16612165 # Instrs with approx uop decoding
   mispredBranches: 965569 # Mispredicted branches
  core-2: # Core stats
   cycles: 806932366 # Simulated unhalted cycles
   cCycles: 109588270 # Cycles due to contention stalls
   instrs: 833934056 # Simulated instructions
   uops: 998045814 # Retired micro-ops
   bbls: 107485545 # Basic blocks
   approxInstrs: 16646160 # Instrs with approx uop decoding
   mispredBranches: 959929 # Mispredicted branches
  core-3: # Core stats
   cycles: 806931744 # Simulated unhalted cycles
   cCycles: 110751657 # Cycles due to contention stalls
   instrs: 832701035 # Simulated instructions
   uops: 996569930 # Retired micro-ops
   bbls: 107326674 # Basic blocks
   approxInstrs: 16621275 # Instrs with approx uop decoding
   mispredBranches: 958549 # Mispredicted branches
  core-4: # Core stats
   cycles: 806932278 # Simulated unhalted cycles
   cCycles: 110131883 # Cycles due to contention stalls
   instrs: 832964616 # Simulated instructions
   uops: 996885593 # Retired micro-ops
   bbls: 107360528 # Basic blocks
   approxInstrs: 16626822 # Instrs with approx uop decoding
   mispredBranches: 966351 # Mispredicted branches
  core-5: # Core stats
   cycles: 806930805 # Simulated unhalted cycles
   cCycles: 109799849 # Cycles due to contention stalls
   instrs: 833675743 # Simulated instructions
   uops: 997736626 # Retired micro-ops
   bbls: 107452264 # Basic blocks
   approxInstrs: 16640963 # Instrs with approx uop decoding
   mispredBranches: 959658 # Mispredicted branches
 l1i: # Cache stats
  l1i-0: # Filter cache stats
   fhGETS: 143116474 # Filtered GETS hits
   fhGETX: 0 # Filtered GETX hits
   hGETS: 370 # GETS hits
   hGETX: 0 # GETX hits
   mGETS: 248 # GETS misses
   mGETXIM: 0 # GETX I->M misses
   mGETXSM: 0 # GETX S->M misses (upgrade misses)
   PUTS: 0 # Clean evictions (from lower level)
   PUTX: 0 # Dirty evictions (from lower level)
   INV: 0 # Invalidates (from upper level)
   INVX: 0 # Downgrades (from upper level)
   FWD: 0 # Forwards (from upper level)
   latGETnl: 16808 # GET request latency on next level
   latGETnet: 0 # GET request latency on network to next level
  l1i-1: # Filter cache stats
   fhGETS: 142762219 # Filtered GETS hits
   fhGETX: 0 # Filtered GETX hits
   hGETS: 38 # GETS hits
   hGETX: 0 # GETX hits
   mGETS: 114 # GETS misses
   mGETXIM: 0 # GETX I->M misses
   mGETXSM: 0 # GETX S->M misses (upgrade misses)
   PUTS: 0 # Clean evictions (from lower level)
   PUTX: 0 # Dirty evictions (from lower level)
   INV: 0 # Invalidates (from upper level)
   INVX: 0 # Downgrades (from upper level)
   FWD: 0 # Forwards (from upper level)
   latGETnl: 4290 # GET request latency on next level
   latGETnet: 0 # GET request latency on network to next level
  l1i-2: # Filter cache stats
   fhGETS: 143016307 # Filtered GETS hits
   fhGETX: 0 # Filtered GETX hits
   hGETS: 0 # GETS hits
   hGETX: 0 # GETX hits
   mGETS: 46 # GETS misses
   mGETXIM: 0 # GETX I->M misses
   mGETXSM: 0 # GETX S->M misses (upgrade misses)
   PUTS: 0 # Clean evictions (from lower level)
   PUTX: 0 # Dirty evictions (from lower level)
   INV: 0 # Invalidates (from upper level)
   INVX: 0 # Downgrades (from upper level)
   FWD: 0 # Forwards (from upper level)
   latGETnl: 1198 # GET request latency on next level
   latGETnet: 0 # GET request latency on network to next level
  l1i-3: # Filter cache stats
   fhGETS: 142805105 # Filtered GETS hits
   fhGETX: 0 # Filtered GETX hits
   hGETS: 0 # GETS hits
   hGETX: 0 # GETX hits
   mGETS: 45 # GETS misses
   mGETXIM: 0 # GETX I->M misses
   mGETXSM: 0 # GETX S->M misses (upgrade misses)
   PUTS: 0 # Clean evictions (from lower level)
   PUTX: 0 # Dirty evictions (from lower level)
   INV: 0 # Invalidates (from upper level)
   INVX: 0 # Downgrades (from upper level)
   FWD: 0 # Forwards (from upper level)
   latGETnl: 1173 # GET request latency on next level
   latGETnet: 0 # GET request latency on network to next level
  l1i-4: # Filter cache stats
   fhGETS: 142887680 # Filtered GETS hits
   fhGETX: 0 # Filtered GETX hits
   hGETS: 0 # GETS hits
   hGETX: 0 # GETX hits
   mGETS: 47 # GETS misses
   mGETXIM: 0 # GETX I->M misses
   mGETXSM: 0 # GETX S->M misses (upgrade misses)
   PUTS: 0 # Clean evictions (from lower level)
   PUTX: 0 # Dirty evictions (from lower level)
   INV: 0 # Invalidates (from upper level)
   INVX: 0 # Downgrades (from upper level)
   FWD: 0 # Forwards (from upper level)
   latGETnl: 1319 # GET request latency on next level
   latGETnet: 0 # GET request latency on network to next level
  l1i-5: # Filter cache stats
   fhGETS: 142972052 # Filtered GETS hits
   fhGETX: 0 # Filtered GETX hits
   hGETS: 3 # GETS hits
   hGETX: 0 # GETX hits
   mGETS: 107 # GETS misses
   mGETXIM: 0 # GETX I->M misses
   mGETXSM: 0 # GETX S->M misses (upgrade misses)
   PUTS: 0 # Clean evictions (from lower level)
   PUTX: 0 # Dirty evictions (from lower level)
   INV: 0 # Invalidates (from upper level)
   INVX: 0 # Downgrades (from upper level)
   FWD: 0 # Forwards (from upper level)
   latGETnl: 3779 # GET request latency on next level
   latGETnet: 0 # GET request latency on network to next level
 l1d: # Cache stats
  l1d-0: # Filter cache stats
   fhGETS: 255073090 # Filtered GETS hits
   fhGETX: 45732688 # Filtered GETX hits
   hGETS: 4613262 # GETS hits
   hGETX: 360336 # GETX hits
   mGETS: 2880955 # GETS misses
   mGETXIM: 119 # GETX I->M misses
   mGETXSM: 3 # GETX S->M misses (upgrade misses)
   PUTS: 0 # Clean evictions (from lower level)
   PUTX: 0 # Dirty evictions (from lower level)
   INV: 22 # Invalidates (from upper level)
   INVX: 84 # Downgrades (from upper level)
   FWD: 0 # Forwards (from upper level)
   latGETnl: 210317424 # GET request latency on next level
   latGETnet: 0 # GET request latency on network to next level
  l1d-1: # Filter cache stats
   fhGETS: 254038034 # Filtered GETS hits
   fhGETX: 45247891 # Filtered GETX hits
   hGETS: 4938562 # GETS hits
   hGETX: 718191 # GETX hits
   mGETS: 2873027 # GETS misses
   mGETXIM: 19 # GETX I->M misses
   mGETXSM: 8 # GETX S->M misses (upgrade misses)
   PUTS: 0 # Clean evictions (from lower level)
   PUTX: 0 # Dirty evictions (from lower level)
   INV: 4 # Invalidates (from upper level)
   INVX: 15 # Downgrades (from upper level)
   FWD: 0 # Forwards (from upper level)
   latGETnl: 209727346 # GET request latency on next level
   latGETnet: 0 # GET request latency on network to next level
  l1d-2: # Filter cache stats
   fhGETS: 254559436 # Filtered GETS hits
   fhGETX: 45340272 # Filtered GETX hits
   hGETS: 4947033 # GETS hits
   hGETX: 719712 # GETX hits
   mGETS: 2878789 # GETS misses
   mGETXIM: 6 # GETX I->M misses
   mGETXSM: 4 # GETX S->M misses (upgrade misses)
   PUTS: 0 # Clean evictions (from lower level)
   PUTX: 0 # Dirty evictions (from lower level)
   INV: 2 # Invalidates (from upper level)
   INVX: 1 # Downgrades (from upper level)
   FWD: 0 # Forwards (from upper level)
   latGETnl: 210150707 # GET request latency on next level
   latGETnet: 0 # GET request latency on network to next level
  l1d-3: # Filter cache stats
   fhGETS: 254181054 # Filtered GETS hits
   fhGETX: 45273125 # Filtered GETX hits
   hGETS: 4941512 # GETS hits
   hGETX: 718784 # GETX hits
   mGETS: 2874564 # GETS misses
   mGETXIM: 6 # GETX I->M misses
   mGETXSM: 4 # GETX S->M misses (upgrade misses)
   PUTS: 0 # Clean evictions (from lower level)
   PUTX: 0 # Dirty evictions (from lower level)
   INV: 3 # Invalidates (from upper level)
   INVX: 2 # Downgrades (from upper level)
   FWD: 0 # Forwards (from upper level)
   latGETnl: 209840798 # GET request latency on next level
   latGETnet: 0 # GET request latency on network to next level
  l1d-4: # Filter cache stats
   fhGETS: 254263473 # Filtered GETS hits
   fhGETX: 45287561 # Filtered GETX hits
   hGETS: 4941226 # GETS hits
   hGETX: 718848 # GETX hits
   mGETS: 2875469 # GETS misses
   mGETXIM: 6 # GETX I->M misses
   mGETXSM: 4 # GETX S->M misses (upgrade misses)
   PUTS: 0 # Clean evictions (from lower level)
   PUTX: 0 # Dirty evictions (from lower level)
   INV: 3 # Invalidates (from upper level)
   INVX: 7 # Downgrades (from upper level)
   FWD: 0 # Forwards (from upper level)
   latGETnl: 209907055 # GET request latency on next level
   latGETnet: 0 # GET request latency on network to next level
  l1d-5: # Filter cache stats
   fhGETS: 254478863 # Filtered GETS hits
   fhGETX: 45326316 # Filtered GETX hits
   hGETS: 4947110 # GETS hits
   hGETX: 719442 # GETX hits
   mGETS: 2877951 # GETS misses
   mGETXIM: 18 # GETX I->M misses
   mGETXSM: 5 # GETX S->M misses (upgrade misses)
   PUTS: 0 # Clean evictions (from lower level)
   PUTX: 0 # Dirty evictions (from lower level)
   INV: 1 # Invalidates (from upper level)
   INVX: 9 # Downgrades (from upper level)
   FWD: 0 # Forwards (from upper level)
   latGETnl: 210089186 # GET request latency on next level
   latGETnet: 0 # GET request latency on network to next level
 l2: # Cache stats
  l2-0: # Cache stats
   hGETS: 6 # GETS hits
   hGETX: 3 # GETX hits
   mGETS: 2881197 # GETS misses
   mGETXIM: 116 # GETX I->M misses
   mGETXSM: 3 # GETX S->M misses (upgrade misses)
   PUTS: 2880438 # Clean evictions (from lower level)
   PUTX: 107 # Dirty evictions (from lower level)
   INV: 28 # Invalidates (from upper level)
   INVX: 123 # Downgrades (from upper level)
   FWD: 0 # Forwards (from upper level)
   latGETnl: 187283632 # GET request latency on next level
   latGETnet: 0 # GET request latency on network to next level
  l2-1: # Cache stats
   hGETS: 0 # GETS hits
   hGETX: 0 # GETX hits
   mGETS: 2873141 # GETS misses
   mGETXIM: 19 # GETX I->M misses
   mGETXSM: 8 # GETX S->M misses (upgrade misses)
   PUTS: 2872510 # Clean evictions (from lower level)
   PUTX: 20 # Dirty evictions (from lower level)
   INV: 4 # Invalidates (from upper level)
   INVX: 20 # Downgrades (from upper level)
   FWD: 0 # Forwards (from upper level)
   latGETnl: 186746292 # GET request latency on next level
   latGETnet: 0 # GET request latency on network to next level
  l2-2: # Cache stats
   hGETS: 0 # GETS hits
   hGETX: 0 # GETX hits
   mGETS: 2878835 # GETS misses
   mGETXIM: 6 # GETX I->M misses
   mGETXSM: 4 # GETX S->M misses (upgrade misses)
   PUTS: 2878274 # Clean evictions (from lower level)
   PUTX: 7 # Dirty evictions (from lower level)
   INV: 2 # Invalidates (from upper level)
   INVX: 46 # Downgrades (from upper level)
   FWD: 0 # Forwards (from upper level)
   latGETnl: 187121145 # GET request latency on next level
   latGETnet: 0 # GET request latency on network to next level
  l2-3: # Cache stats
   hGETS: 0 # GETS hits
   hGETX: 0 # GETX hits
   mGETS: 2874609 # GETS misses
   mGETXIM: 6 # GETX I->M misses
   mGETXSM: 4 # GETX S->M misses (upgrade misses)
   PUTS: 2874049 # Clean evictions (from lower level)
   PUTX: 6 # Dirty evictions (from lower level)
   INV: 3 # Invalidates (from upper level)
   INVX: 12 # Downgrades (from upper level)
   FWD: 0 # Forwards (from upper level)
   latGETnl: 186845019 # GET request latency on next level
   latGETnet: 0 # GET request latency on network to next level
  l2-4: # Cache stats
   hGETS: 0 # GETS hits
   hGETX: 0 # GETX hits
   mGETS: 2875516 # GETS misses
   mGETXIM: 6 # GETX I->M misses
   mGETXSM: 4 # GETX S->M misses (upgrade misses)
   PUTS: 2874954 # Clean evictions (from lower level)
   PUTX: 6 # Dirty evictions (from lower level)
   INV: 3 # Invalidates (from upper level)
   INVX: 17 # Downgrades (from upper level)
   FWD: 0 # Forwards (from upper level)
   latGETnl: 186904166 # GET request latency on next level
   latGETnet: 0 # GET request latency on network to next level
  l2-5: # Cache stats
   hGETS: 0 # GETS hits
   hGETX: 0 # GETX hits
   mGETS: 2878058 # GETS misses
   mGETXIM: 18 # GETX I->M misses
   mGETXSM: 5 # GETX S->M misses (upgrade misses)
   PUTS: 2877436 # Clean evictions (from lower level)
   PUTX: 20 # Dirty evictions (from lower level)
   INV: 1 # Invalidates (from upper level)
   INVX: 34 # Downgrades (from upper level)
   FWD: 0 # Forwards (from upper level)
   latGETnl: 187068317 # GET request latency on next level
   latGETnet: 0 # GET request latency on network to next level
 l3: # Cache stats
  l3-0: # Cache stats
   hGETS: 700 # GETS hits
   hGETX: 38 # GETX hits
   mGETS: 17260656 # GETS misses
   mGETXIM: 161 # GETX I->M misses
   mGETXSM: 0 # GETX S->M misses (upgrade misses)
   PUTS: 17212182 # Clean evictions (from lower level)
   PUTX: 152 # Dirty evictions (from lower level)
   INV: 0 # Invalidates (from upper level)
   INVX: 0 # Downgrades (from upper level)
   FWD: 0 # Forwards (from upper level)
   latGETnl: 828519216 # GET request latency on next level
   latGETnet: 0 # GET request latency on network to next level
 mem: # Memory controller stats
  mem-0: # Memory controller stats
   rd: 8630391 # Read requests
   wr: 87 # Write requests
   rdlat: 1294521038 # Total latency experienced by read requests
   wrlat: 27709 # Total latency experienced by write requests
   rdhits: 1349 # Read row hits
   wrhits: 0 # Write row hits
   mlh: # latency histogram for memory requests
    0: 0
    1: 0
    2: 0
    3: 0
    4: 0
    5: 0
    6: 24
    7: 1346309
    8: 1203961
    9: 757421
    10: 414813
    11: 234361
    12: 108019
    13: 90855
    14: 76645
    15: 113577
    16: 1364870
    17: 867386
    18: 191744
    19: 107271
    20: 94623
    21: 89957
    22: 87261
    23: 86317
    24: 720038
    25: 180019
    26: 68816
    27: 56162
    28: 49811
    29: 44143
    30: 38830
    31: 32580
    32: 30571
    33: 29088
    34: 22761
    35: 17639
    36: 14664
    37: 12652
    38: 9837
    39: 7759
    40: 7418
    41: 12898
    42: 9744
    43: 6330
    44: 5192
    45: 4626
    46: 2509
    47: 1999
    48: 1695
    49: 1569
    50: 1440
    51: 1165
    52: 760
    53: 563
    54: 468
    55: 342
    56: 214
    57: 171
    58: 157
    59: 125
    60: 100
    61: 39
    62: 33
    63: 17
    64: 11
    65: 2
    66: 5
    67: 8
    68: 4
    69: 1
    70: 0
    71: 1
    72: 0
    73: 0
    74: 0
    75: 1
    76: 0
    77: 0
    78: 0
    79: 0
    80: 0
    81: 0
    82: 0
    83: 0
    84: 0
    85: 0
    86: 0
    87: 0
    88: 0
    89: 0
    90: 0
    91: 0
    92: 0
    93: 0
    94: 0
    95: 0
    96: 0
    97: 0
    98: 0
    99: 0
  mem-1: # Memory controller stats
   rd: 8630391 # Read requests
   wr: 83 # Write requests
   rdlat: 1294492606 # Total latency experienced by read requests
   wrlat: 26823 # Total latency experienced by write requests
   rdhits: 1346 # Read row hits
   wrhits: 0 # Write row hits
   mlh: # latency histogram for memory requests
    0: 0
    1: 0
    2: 0
    3: 0
    4: 0
    5: 0
    6: 14
    7: 1346410
    8: 1205389
    9: 758230
    10: 413640
    11: 234066
    12: 107904
    13: 90311
    14: 76755
    15: 113546
    16: 1365427
    17: 867495
    18: 191209
    19: 107407
    20: 94264
    21: 89636
    22: 87258
    23: 86751
    24: 719572
    25: 180476
    26: 69123
    27: 55867
    28: 49685
    29: 43939
    30: 38399
    31: 32747
    32: 30479
    33: 28786
    34: 23007
    35: 17665
    36: 14559
    37: 12454
    38: 10036
    39: 7724
    40: 7479
    41: 13098
    42: 9857
    43: 6387
    44: 5140
    45: 4676
    46: 2670
    47: 2022
    48: 1627
    49: 1535
    50: 1431
    51: 1140
    52: 754
    53: 596
    54: 459
    55: 330
    56: 241
    57: 163
    58: 182
    59: 132
    60: 101
    61: 42
    62: 44
    63: 19
    64: 12
    65: 3
    66: 6
    67: 8
    68: 2
    69: 1
    70: 0
    71: 2
    72: 2
    73: 0
    74: 0
    75: 0
    76: 0
    77: 0
    78: 0
    79: 0
    80: 0
    81: 0
    82: 0
    83: 0
    84: 0
    85: 0
    86: 0
    87: 0
    88: 0
    89: 0
    90: 0
    91: 0
    92: 0
    93: 0
    94: 0
    95: 0
    96: 0
    97: 0
    98: 0
    99: 0
 sched: # Scheduler stats
  thCr: 6 # Threads created
  thFn: 0 # Threads finished
  schedEvs: 6 # Schedule events
  waitEvs: 0 # Wait events
  handoffEvs: 0 # Handoff events
  sleepEvs: 0 # Sleep events
  idlePhases: 0 # Phases with no thread active
  idlePeriods: 0 # Periods with no thread active
  occHist: # Occupancy histogram
   0: 0
   1: 2
   2: 0
   3: 0
   4: 0
   5: 1
   6: 80693
  rqSzHist: # Run queue size histogram
   0: 80696
   1: 0
   2: 0
   3: 0
   4: 0
   5: 0
   6: 0
   7: 0
   8: 0
   9: 0
   10: 0
   11: 0
   12: 0
   13: 0
   14: 0
   15: 0
   16: 0
 procCycles: # Per-process unhalted core cycles
  0: 4841628596
  1: 0
  2: 0
  3: 0
  4: 0
  5: 0
  6: 0
  7: 0
  8: 0
  9: 0
  10: 0
  11: 0
  12: 0
  13: 0
  14: 0
  15: 0
  16: 0
  17: 0
  18: 0
  19: 0
  20: 0
  21: 0
  22: 0
  23: 0
  24: 0
  25: 0
  26: 0
  27: 0
  28: 0
  29: 0
  30: 0
  31: 0
  32: 0
  33: 0
  34: 0
  35: 0
  36: 0
  37: 0
  38: 0
  39: 0
  40: 0
  41: 0
  42: 0
  43: 0
  44: 0
  45: 0
  46: 0
  47: 0
  48: 0
  49: 0
  50: 0
  51: 0
  52: 0
  53: 0
  54: 0
  55: 0
  56: 0
  57: 0
  58: 0
  59: 0
  60: 0
  61: 0
  62: 0
  63: 0
 procInstrs: # Per-process instructions
  0: 5000022539
  1: 0
  2: 0
  3: 0
  4: 0
  5: 0
  6: 0
  7: 0
  8: 0
  9: 0
  10: 0
  11: 0
  12: 0
  13: 0
  14: 0
  15: 0
  16: 0
  17: 0
  18: 0
  19: 0
  20: 0
  21: 0
  22: 0
  23: 0
  24: 0
  25: 0
  26: 0
  27: 0
  28: 0
  29: 0
  30: 0
  31: 0
  32: 0
  33: 0
  34: 0
  35: 0
  36: 0
  37: 0
  38: 0
  39: 0
  40: 0
  41: 0
  42: 0
  43: 0
  44: 0
  45: 0
  46: 0
  47: 0
  48: 0
  49: 0
  50: 0
  51: 0
  52: 0
  53: 0
  54: 0
  55: 0
  56: 0
  57: 0
  58: 0
  59: 0
  60: 0
  61: 0
  62: 0
  63: 0
 heartbeats: # Per-process heartbeats
  0: 0
  1: 0
  2: 0
  3: 0
  4: 0
  5: 0
  6: 0
  7: 0
  8: 0
  9: 0
  10: 0
  11: 0
  12: 0
  13: 0
  14: 0
  15: 0
  16: 0
  17: 0
  18: 0
  19: 0
  20: 0
  21: 0
  22: 0
  23: 0
  24: 0
  25: 0
  26: 0
  27: 0
  28: 0
  29: 0
  30: 0
  31: 0
  32: 0
  33: 0
  34: 0
  35: 0
  36: 0
  37: 0
  38: 0
  39: 0
  40: 0
  41: 0
  42: 0
  43: 0
  44: 0
  45: 0
  46: 0
  47: 0
  48: 0
  49: 0
  50: 0
  51: 0
  52: 0
  53: 0
  54: 0
  55: 0
  56: 0
  57: 0
  58: 0
  59: 0
  60: 0
  61: 0
  62: 0
  63: 0
===
