# zsim stats
===
root: # Stats
 contention: # Contention simulation stats
  domain-0: # Domain stats
   time: 13485254069 # Weave simulation time
 time: # Simulator time breakdown
  init: 12147920758
  bound: 485137952512
  weave: 29591319535
  ff: 0
 trigger: 20000 # Reason for this stats dump
 phase: 235661 # Simulated phases
 core: # Core stats
  core-0: # Core stats
   cycles: 2356610876 # Simulated unhalted cycles
   cCycles: 265912306 # Cycles due to contention stalls
   instrs: 2500012906 # Simulated instructions
   uops: 2991995429 # Retired micro-ops
   bbls: 322226211 # Basic blocks
   approxInstrs: 49902389 # Instrs with approx uop decoding
   mispredBranches: 2900069 # Mispredicted branches
  core-1: # Core stats
   cycles: 2356590802 # Simulated unhalted cycles
   cCycles: 265910454 # Cycles due to contention stalls
   instrs: 2499999913 # Simulated instructions
   uops: 2991980131 # Retired micro-ops
   bbls: 322224379 # Basic blocks
   approxInstrs: 49902199 # Instrs with approx uop decoding
   mispredBranches: 2899955 # Mispredicted branches
 l1i: # Cache stats
  l1i-0: # Filter cache stats
   fhGETS: 428853426 # Filtered GETS hits
   fhGETX: 0 # Filtered GETX hits
   hGETS: 159 # GETS hits
   hGETX: 0 # GETX hits
   mGETS: 225 # GETS misses
   mGETXIM: 0 # GETX I->M misses
   mGETXSM: 0 # GETX S->M misses (upgrade misses)
   PUTS: 0 # Clean evictions (from lower level)
   PUTX: 0 # Dirty evictions (from lower level)
   INV: 0 # Invalidates (from upper level)
   INVX: 0 # Downgrades (from upper level)
   FWD: 0 # Forwards (from upper level)
   latGETnl: 15417 # GET request latency on next level
   latGETnet: 0 # GET request latency on network to next level
  l1i-1: # Filter cache stats
   fhGETS: 428851055 # Filtered GETS hits
   fhGETX: 0 # Filtered GETX hits
   hGETS: 45 # GETS hits
   hGETX: 0 # GETX hits
   mGETS: 118 # GETS misses
   mGETXIM: 0 # GETX I->M misses
   mGETXSM: 0 # GETX S->M misses (upgrade misses)
   PUTS: 0 # Clean evictions (from lower level)
   PUTX: 0 # Dirty evictions (from lower level)
   INV: 0 # Invalidates (from upper level)
   INVX: 0 # Downgrades (from upper level)
   FWD: 0 # Forwards (from upper level)
   latGETnl: 5110 # GET request latency on next level
   latGETnet: 0 # GET request latency on network to next level
 l1d: # Cache stats
  l1d-0: # Filter cache stats
   fhGETS: 727650449 # Filtered GETS hits
   fhGETX: 118196983 # Filtered GETX hits
   hGETS: 50311604 # GETS hits
   hGETX: 19884605 # GETX hits
   mGETS: 8630266 # GETS misses
   mGETXIM: 45 # GETX I->M misses
   mGETXSM: 1 # GETX S->M misses (upgrade misses)
   PUTS: 0 # Clean evictions (from lower level)
   PUTX: 0 # Dirty evictions (from lower level)
   INV: 9 # Invalidates (from upper level)
   INVX: 79 # Downgrades (from upper level)
   FWD: 0 # Forwards (from upper level)
   latGETnl: 630012120 # GET request latency on next level
   latGETnet: 0 # GET request latency on network to next level
  l1d-1: # Filter cache stats
   fhGETS: 763124538 # Filtered GETS hits
   fhGETX: 135922845 # Filtered GETX hits
   hGETS: 14833741 # GETS hits
   hGETX: 2157680 # GETX hits
   mGETS: 8630152 # GETS misses
   mGETXIM: 19 # GETX I->M misses
   mGETXSM: 7 # GETX S->M misses (upgrade misses)
   PUTS: 0 # Clean evictions (from lower level)
   PUTX: 0 # Dirty evictions (from lower level)
   INV: 1 # Invalidates (from upper level)
   INVX: 10 # Downgrades (from upper level)
   FWD: 0 # Forwards (from upper level)
   latGETnl: 629999826 # GET request latency on next level
   latGETnet: 0 # GET request latency on network to next level
 l2: # Cache stats
  l2-0: # Cache stats
   hGETS: 3 # GETS hits
   hGETX: 1 # GETX hits
   mGETS: 8630488 # GETS misses
   mGETXIM: 44 # GETX I->M misses
   mGETXSM: 1 # GETX S->M misses (upgrade misses)
   PUTS: 8629743 # Clean evictions (from lower level)
   PUTX: 49 # Dirty evictions (from lower level)
   INV: 9 # Invalidates (from upper level)
   INVX: 79 # Downgrades (from upper level)
   FWD: 0 # Forwards (from upper level)
   latGETnl: 560983241 # GET request latency on next level
   latGETnet: 0 # GET request latency on network to next level
  l2-1: # Cache stats
   hGETS: 0 # GETS hits
   hGETX: 0 # GETX hits
   mGETS: 8630270 # GETS misses
   mGETXIM: 19 # GETX I->M misses
   mGETXSM: 7 # GETX S->M misses (upgrade misses)
   PUTS: 8629635 # Clean evictions (from lower level)
   PUTX: 23 # Dirty evictions (from lower level)
   INV: 1 # Invalidates (from upper level)
   INVX: 10 # Downgrades (from upper level)
   FWD: 0 # Forwards (from upper level)
   latGETnl: 560962568 # GET request latency on next level
   latGETnet: 0 # GET request latency on network to next level
 l3: # Cache stats
  l3-0: # Cache stats
   hGETS: 183 # GETS hits
   hGETX: 10 # GETX hits
   mGETS: 17260575 # GETS misses
   mGETXIM: 61 # GETX I->M misses
   mGETXSM: 0 # GETX S->M misses (upgrade misses)
   PUTS: 17244356 # Clean evictions (from lower level)
   PUTX: 71 # Dirty evictions (from lower level)
   INV: 0 # Invalidates (from upper level)
   INVX: 0 # Downgrades (from upper level)
   FWD: 0 # Forwards (from upper level)
   latGETnl: 828510528 # GET request latency on next level
   latGETnet: 0 # GET request latency on network to next level
 mem: # Memory controller stats
  mem-0: # Memory controller stats
   rd: 8630306 # Read requests
   wr: 36 # Write requests
   rdlat: 1129219254 # Total latency experienced by read requests
   wrlat: 10677 # Total latency experienced by write requests
   rdhits: 5 # Read row hits
   wrhits: 0 # Write row hits
   mlh: # latency histogram for memory requests
    0: 0
    1: 0
    2: 0
    3: 0
    4: 0
    5: 0
    6: 1
    7: 1560505
    8: 1433582
    9: 1156297
    10: 533763
    11: 153758
    12: 38335
    13: 15773
    14: 13354
    15: 63626
    16: 1774850
    17: 1030558
    18: 35178
    19: 12682
    20: 7123
    21: 6847
    22: 6785
    23: 6418
    24: 663466
    25: 39296
    26: 6414
    27: 5709
    28: 5604
    29: 4337
    30: 3251
    31: 2790
    32: 5694
    33: 7614
    34: 5747
    35: 4659
    36: 4163
    37: 3128
    38: 1446
    39: 694
    40: 1441
    41: 6121
    42: 3445
    43: 1954
    44: 1862
    45: 1540
    46: 228
    47: 113
    48: 73
    49: 58
    50: 12
    51: 6
    52: 3
    53: 2
    54: 0
    55: 0
    56: 0
    57: 0
    58: 1
    59: 0
    60: 0
    61: 0
    62: 0
    63: 0
    64: 0
    65: 0
    66: 0
    67: 0
    68: 0
    69: 0
    70: 0
    71: 0
    72: 0
    73: 0
    74: 0
    75: 0
    76: 0
    77: 0
    78: 0
    79: 0
    80: 0
    81: 0
    82: 0
    83: 0
    84: 0
    85: 0
    86: 0
    87: 0
    88: 0
    89: 0
    90: 0
    91: 0
    92: 0
    93: 0
    94: 0
    95: 0
    96: 0
    97: 0
    98: 0
    99: 0
  mem-1: # Memory controller stats
   rd: 8630320 # Read requests
   wr: 40 # Write requests
   rdlat: 1128631549 # Total latency experienced by read requests
   wrlat: 11618 # Total latency experienced by write requests
   rdhits: 4 # Read row hits
   wrhits: 0 # Write row hits
   mlh: # latency histogram for memory requests
    0: 0
    1: 0
    2: 0
    3: 0
    4: 0
    5: 0
    6: 1
    7: 1561416
    8: 1433959
    9: 1157113
    10: 534902
    11: 154193
    12: 38300
    13: 15483
    14: 13233
    15: 63242
    16: 1775397
    17: 1030230
    18: 35598
    19: 12547
    20: 6856
    21: 6587
    22: 6498
    23: 6129
    24: 662435
    25: 39680
    26: 6169
    27: 5781
    28: 5305
    29: 4236
    30: 3190
    31: 2691
    32: 5594
    33: 7276
    34: 5587
    35: 4543
    36: 4083
    37: 2995
    38: 1418
    39: 652
    40: 1456
    41: 6194
    42: 3364
    43: 2055
    44: 1816
    45: 1613
    46: 228
    47: 107
    48: 75
    49: 73
    50: 11
    51: 6
    52: 2
    53: 0
    54: 0
    55: 0
    56: 0
    57: 1
    58: 0
    59: 0
    60: 0
    61: 0
    62: 0
    63: 0
    64: 0
    65: 0
    66: 0
    67: 0
    68: 0
    69: 0
    70: 0
    71: 0
    72: 0
    73: 0
    74: 0
    75: 0
    76: 0
    77: 0
    78: 0
    79: 0
    80: 0
    81: 0
    82: 0
    83: 0
    84: 0
    85: 0
    86: 0
    87: 0
    88: 0
    89: 0
    90: 0
    91: 0
    92: 0
    93: 0
    94: 0
    95: 0
    96: 0
    97: 0
    98: 0
    99: 0
 sched: # Scheduler stats
  thCr: 2 # Threads created
  thFn: 0 # Threads finished
  schedEvs: 2 # Schedule events
  waitEvs: 0 # Wait events
  handoffEvs: 0 # Handoff events
  sleepEvs: 0 # Sleep events
  idlePhases: 0 # Phases with no thread active
  idlePeriods: 0 # Periods with no thread active
  occHist: # Occupancy histogram
   0: 0
   1: 2
   2: 235659
  rqSzHist: # Run queue size histogram
   0: 235661
   1: 0
   2: 0
   3: 0
   4: 0
   5: 0
   6: 0
   7: 0
   8: 0
   9: 0
   10: 0
   11: 0
   12: 0
   13: 0
   14: 0
   15: 0
   16: 0
 procCycles: # Per-process unhalted core cycles
  0: 4713201678
  1: 0
  2: 0
  3: 0
  4: 0
  5: 0
  6: 0
  7: 0
  8: 0
  9: 0
  10: 0
  11: 0
  12: 0
  13: 0
  14: 0
  15: 0
  16: 0
  17: 0
  18: 0
  19: 0
  20: 0
  21: 0
  22: 0
  23: 0
  24: 0
  25: 0
  26: 0
  27: 0
  28: 0
  29: 0
  30: 0
  31: 0
  32: 0
  33: 0
  34: 0
  35: 0
  36: 0
  37: 0
  38: 0
  39: 0
  40: 0
  41: 0
  42: 0
  43: 0
  44: 0
  45: 0
  46: 0
  47: 0
  48: 0
  49: 0
  50: 0
  51: 0
  52: 0
  53: 0
  54: 0
  55: 0
  56: 0
  57: 0
  58: 0
  59: 0
  60: 0
  61: 0
  62: 0
  63: 0
 procInstrs: # Per-process instructions
  0: 5000012819
  1: 0
  2: 0
  3: 0
  4: 0
  5: 0
  6: 0
  7: 0
  8: 0
  9: 0
  10: 0
  11: 0
  12: 0
  13: 0
  14: 0
  15: 0
  16: 0
  17: 0
  18: 0
  19: 0
  20: 0
  21: 0
  22: 0
  23: 0
  24: 0
  25: 0
  26: 0
  27: 0
  28: 0
  29: 0
  30: 0
  31: 0
  32: 0
  33: 0
  34: 0
  35: 0
  36: 0
  37: 0
  38: 0
  39: 0
  40: 0
  41: 0
  42: 0
  43: 0
  44: 0
  45: 0
  46: 0
  47: 0
  48: 0
  49: 0
  50: 0
  51: 0
  52: 0
  53: 0
  54: 0
  55: 0
  56: 0
  57: 0
  58: 0
  59: 0
  60: 0
  61: 0
  62: 0
  63: 0
 heartbeats: # Per-process heartbeats
  0: 0
  1: 0
  2: 0
  3: 0
  4: 0
  5: 0
  6: 0
  7: 0
  8: 0
  9: 0
  10: 0
  11: 0
  12: 0
  13: 0
  14: 0
  15: 0
  16: 0
  17: 0
  18: 0
  19: 0
  20: 0
  21: 0
  22: 0
  23: 0
  24: 0
  25: 0
  26: 0
  27: 0
  28: 0
  29: 0
  30: 0
  31: 0
  32: 0
  33: 0
  34: 0
  35: 0
  36: 0
  37: 0
  38: 0
  39: 0
  40: 0
  41: 0
  42: 0
  43: 0
  44: 0
  45: 0
  46: 0
  47: 0
  48: 0
  49: 0
  50: 0
  51: 0
  52: 0
  53: 0
  54: 0
  55: 0
  56: 0
  57: 0
  58: 0
  59: 0
  60: 0
  61: 0
  62: 0
  63: 0
===
