# zsim stats
===
root: # Stats
 contention: # Contention simulation stats
  domain-0: # Domain stats
   time: 36903127294 # Weave simulation time
 time: # Simulator time breakdown
  init: 1046209180
  bound: 428687042350
  weave: 49611514073
  ff: 0
 trigger: 20000 # Reason for this stats dump
 phase: 193215 # Simulated phases
 core: # Core stats
  core-0: # Core stats
   cycles: 1931780014 # Simulated unhalted cycles
   cCycles: 329673926 # Cycles due to contention stalls
   instrs: 2197240308 # Simulated instructions
   uops: 2672877985 # Retired micro-ops
   bbls: 333651857 # Basic blocks
   approxInstrs: 564087 # Instrs with approx uop decoding
   mispredBranches: 1234463 # Mispredicted branches
  core-1: # Core stats
   cycles: 937265296 # Simulated unhalted cycles
   cCycles: 262056996 # Cycles due to contention stalls
   instrs: 467120186 # Simulated instructions
   uops: 439612112 # Retired micro-ops
   bbls: 30581337 # Basic blocks
   approxInstrs: 209 # Instrs with approx uop decoding
   mispredBranches: 1032586 # Mispredicted branches
  core-2: # Core stats
   cycles: 937222209 # Simulated unhalted cycles
   cCycles: 262058399 # Cycles due to contention stalls
   instrs: 467116370 # Simulated instructions
   uops: 439608780 # Retired micro-ops
   bbls: 30580822 # Basic blocks
   approxInstrs: 190 # Instrs with approx uop decoding
   mispredBranches: 1033804 # Mispredicted branches
  core-3: # Core stats
   cycles: 937242753 # Simulated unhalted cycles
   cCycles: 262107799 # Cycles due to contention stalls
   instrs: 467121628 # Simulated instructions
   uops: 439614745 # Retired micro-ops
   bbls: 30581105 # Basic blocks
   approxInstrs: 190 # Instrs with approx uop decoding
   mispredBranches: 1034022 # Mispredicted branches
  core-4: # Core stats
   cycles: 937087658 # Simulated unhalted cycles
   cCycles: 262018513 # Cycles due to contention stalls
   instrs: 467097724 # Simulated instructions
   uops: 439591642 # Retired micro-ops
   bbls: 30579572 # Basic blocks
   approxInstrs: 190 # Instrs with approx uop decoding
   mispredBranches: 1033622 # Mispredicted branches
  core-5: # Core stats
   cycles: 936774822 # Simulated unhalted cycles
   cCycles: 261720559 # Cycles due to contention stalls
   instrs: 467113376 # Simulated instructions
   uops: 439605732 # Retired micro-ops
   bbls: 30580637 # Basic blocks
   approxInstrs: 190 # Instrs with approx uop decoding
   mispredBranches: 1033571 # Mispredicted branches
  core-6: # Core stats
   cycles: 936059753 # Simulated unhalted cycles
   cCycles: 261151198 # Cycles due to contention stalls
   instrs: 467198130 # Simulated instructions
   uops: 439684376 # Retired micro-ops
   bbls: 30586400 # Basic blocks
   approxInstrs: 208 # Instrs with approx uop decoding
   mispredBranches: 1032911 # Mispredicted branches
 l1i: # Cache stats
  l1i-0: # Filter cache stats
   fhGETS: 341553284 # Filtered GETS hits
   fhGETX: 0 # Filtered GETX hits
   hGETS: 1308 # GETS hits
   hGETX: 0 # GETX hits
   mGETS: 762 # GETS misses
   mGETXIM: 0 # GETX I->M misses
   mGETXSM: 0 # GETX S->M misses (upgrade misses)
   PUTS: 0 # Clean evictions (from lower level)
   PUTX: 0 # Dirty evictions (from lower level)
   INV: 274 # Invalidates (from upper level)
   INVX: 0 # Downgrades (from upper level)
   FWD: 0 # Forwards (from upper level)
   latGETnl: 51511 # GET request latency on next level
   latGETnet: 0 # GET request latency on network to next level
  l1i-1: # Filter cache stats
   fhGETS: 36571827 # Filtered GETS hits
   fhGETX: 0 # Filtered GETX hits
   hGETS: 229 # GETS hits
   hGETX: 0 # GETX hits
   mGETS: 191 # GETS misses
   mGETXIM: 0 # GETX I->M misses
   mGETXSM: 0 # GETX S->M misses (upgrade misses)
   PUTS: 0 # Clean evictions (from lower level)
   PUTX: 0 # Dirty evictions (from lower level)
   INV: 7 # Invalidates (from upper level)
   INVX: 0 # Downgrades (from upper level)
   FWD: 0 # Forwards (from upper level)
   latGETnl: 6359 # GET request latency on next level
   latGETnet: 0 # GET request latency on network to next level
  l1i-2: # Filter cache stats
   fhGETS: 36577537 # Filtered GETS hits
   fhGETX: 0 # Filtered GETX hits
   hGETS: 190 # GETS hits
   hGETX: 0 # GETX hits
   mGETS: 111 # GETS misses
   mGETXIM: 0 # GETX I->M misses
   mGETXSM: 0 # GETX S->M misses (upgrade misses)
   PUTS: 0 # Clean evictions (from lower level)
   PUTX: 0 # Dirty evictions (from lower level)
   INV: 0 # Invalidates (from upper level)
   INVX: 0 # Downgrades (from upper level)
   FWD: 0 # Forwards (from upper level)
   latGETnl: 4023 # GET request latency on next level
   latGETnet: 0 # GET request latency on network to next level
  l1i-3: # Filter cache stats
   fhGETS: 36578924 # Filtered GETS hits
   fhGETX: 0 # Filtered GETX hits
   hGETS: 183 # GETS hits
   hGETX: 0 # GETX hits
   mGETS: 114 # GETS misses
   mGETXIM: 0 # GETX I->M misses
   mGETXSM: 0 # GETX S->M misses (upgrade misses)
   PUTS: 0 # Clean evictions (from lower level)
   PUTX: 0 # Dirty evictions (from lower level)
   INV: 0 # Invalidates (from upper level)
   INVX: 0 # Downgrades (from upper level)
   FWD: 0 # Forwards (from upper level)
   latGETnl: 3186 # GET request latency on next level
   latGETnet: 0 # GET request latency on network to next level
  l1i-4: # Filter cache stats
   fhGETS: 36575347 # Filtered GETS hits
   fhGETX: 0 # Filtered GETX hits
   hGETS: 186 # GETS hits
   hGETX: 0 # GETX hits
   mGETS: 110 # GETS misses
   mGETXIM: 0 # GETX I->M misses
   mGETXSM: 0 # GETX S->M misses (upgrade misses)
   PUTS: 0 # Clean evictions (from lower level)
   PUTX: 0 # Dirty evictions (from lower level)
   INV: 0 # Invalidates (from upper level)
   INVX: 0 # Downgrades (from upper level)
   FWD: 0 # Forwards (from upper level)
   latGETnl: 2798 # GET request latency on next level
   latGETnet: 0 # GET request latency on network to next level
  l1i-5: # Filter cache stats
   fhGETS: 36576183 # Filtered GETS hits
   fhGETX: 0 # Filtered GETX hits
   hGETS: 190 # GETS hits
   hGETX: 0 # GETX hits
   mGETS: 111 # GETS misses
   mGETXIM: 0 # GETX I->M misses
   mGETXSM: 0 # GETX S->M misses (upgrade misses)
   PUTS: 0 # Clean evictions (from lower level)
   PUTX: 0 # Dirty evictions (from lower level)
   INV: 0 # Invalidates (from upper level)
   INVX: 0 # Downgrades (from upper level)
   FWD: 0 # Forwards (from upper level)
   latGETnl: 3063 # GET request latency on next level
   latGETnet: 0 # GET request latency on network to next level
  l1i-6: # Filter cache stats
   fhGETS: 36578668 # Filtered GETS hits
   fhGETX: 0 # Filtered GETX hits
   hGETS: 221 # GETS hits
   hGETX: 0 # GETX hits
   mGETS: 190 # GETS misses
   mGETXIM: 0 # GETX I->M misses
   mGETXSM: 0 # GETX S->M misses (upgrade misses)
   PUTS: 0 # Clean evictions (from lower level)
   PUTX: 0 # Dirty evictions (from lower level)
   INV: 1 # Invalidates (from upper level)
   INVX: 0 # Downgrades (from upper level)
   FWD: 0 # Forwards (from upper level)
   latGETnl: 6094 # GET request latency on next level
   latGETnet: 0 # GET request latency on network to next level
 l1d: # Cache stats
  l1d-0: # Filter cache stats
   fhGETS: 573351010 # Filtered GETS hits
   fhGETX: 273403723 # Filtered GETX hits
   hGETS: 4428818 # GETS hits
   hGETX: 3675783 # GETX hits
   mGETS: 9879202 # GETS misses
   mGETXIM: 1874290 # GETX I->M misses
   mGETXSM: 147799 # GETX S->M misses (upgrade misses)
   PUTS: 0 # Clean evictions (from lower level)
   PUTX: 0 # Dirty evictions (from lower level)
   INV: 164 # Invalidates (from upper level)
   INVX: 2058 # Downgrades (from upper level)
   FWD: 0 # Forwards (from upper level)
   latGETnl: 784070768 # GET request latency on next level
   latGETnet: 0 # GET request latency on network to next level
  l1d-1: # Filter cache stats
   fhGETS: 44457666 # Filtered GETS hits
   fhGETX: 408478 # Filtered GETX hits
   hGETS: 3140023 # GETS hits
   hGETX: 159467 # GETX hits
   mGETS: 7823598 # GETS misses
   mGETXIM: 71577 # GETX I->M misses
   mGETXSM: 482 # GETX S->M misses (upgrade misses)
   PUTS: 0 # Clean evictions (from lower level)
   PUTX: 0 # Dirty evictions (from lower level)
   INV: 1757 # Invalidates (from upper level)
   INVX: 3376 # Downgrades (from upper level)
   FWD: 0 # Forwards (from upper level)
   latGETnl: 572997440 # GET request latency on next level
   latGETnet: 0 # GET request latency on network to next level
  l1d-2: # Filter cache stats
   fhGETS: 44449703 # Filtered GETS hits
   fhGETX: 408388 # Filtered GETX hits
   hGETS: 3147191 # GETS hits
   hGETX: 160087 # GETX hits
   mGETS: 7823464 # GETS misses
   mGETXIM: 71558 # GETX I->M misses
   mGETXSM: 335 # GETX S->M misses (upgrade misses)
   PUTS: 0 # Clean evictions (from lower level)
   PUTX: 0 # Dirty evictions (from lower level)
   INV: 1754 # Invalidates (from upper level)
   INVX: 3357 # Downgrades (from upper level)
   FWD: 0 # Forwards (from upper level)
   latGETnl: 572926628 # GET request latency on next level
   latGETnet: 0 # GET request latency on network to next level
  l1d-3: # Filter cache stats
   fhGETS: 44448212 # Filtered GETS hits
   fhGETX: 408794 # Filtered GETX hits
   hGETS: 3149050 # GETS hits
   hGETX: 160787 # GETX hits
   mGETS: 7823608 # GETS misses
   mGETXIM: 71563 # GETX I->M misses
   mGETXSM: 181 # GETX S->M misses (upgrade misses)
   PUTS: 0 # Clean evictions (from lower level)
   PUTX: 0 # Dirty evictions (from lower level)
   INV: 1752 # Invalidates (from upper level)
   INVX: 3466 # Downgrades (from upper level)
   FWD: 0 # Forwards (from upper level)
   latGETnl: 572891107 # GET request latency on next level
   latGETnet: 0 # GET request latency on network to next level
  l1d-4: # Filter cache stats
   fhGETS: 44461486 # Filtered GETS hits
   fhGETX: 408862 # Filtered GETX hits
   hGETS: 3133360 # GETS hits
   hGETX: 160055 # GETX hits
   mGETS: 7823250 # GETS misses
   mGETXIM: 71556 # GETX I->M misses
   mGETXSM: 255 # GETX S->M misses (upgrade misses)
   PUTS: 0 # Clean evictions (from lower level)
   PUTX: 0 # Dirty evictions (from lower level)
   INV: 1747 # Invalidates (from upper level)
   INVX: 3275 # Downgrades (from upper level)
   FWD: 0 # Forwards (from upper level)
   latGETnl: 572408748 # GET request latency on next level
   latGETnet: 0 # GET request latency on network to next level
  l1d-5: # Filter cache stats
   fhGETS: 44471568 # Filtered GETS hits
   fhGETX: 408250 # Filtered GETX hits
   hGETS: 3124989 # GETS hits
   hGETX: 159679 # GETX hits
   mGETS: 7823476 # GETS misses
   mGETXIM: 71563 # GETX I->M misses
   mGETXSM: 607 # GETX S->M misses (upgrade misses)
   PUTS: 0 # Clean evictions (from lower level)
   PUTX: 0 # Dirty evictions (from lower level)
   INV: 1746 # Invalidates (from upper level)
   INVX: 3315 # Downgrades (from upper level)
   FWD: 0 # Forwards (from upper level)
   latGETnl: 571415316 # GET request latency on next level
   latGETnet: 0 # GET request latency on network to next level
  l1d-6: # Filter cache stats
   fhGETS: 44462848 # Filtered GETS hits
   fhGETX: 407649 # Filtered GETX hits
   hGETS: 3142694 # GETS hits
   hGETX: 159612 # GETX hits
   mGETS: 7824915 # GETS misses
   mGETXIM: 71578 # GETX I->M misses
   mGETXSM: 229 # GETX S->M misses (upgrade misses)
   PUTS: 0 # Clean evictions (from lower level)
   PUTX: 0 # Dirty evictions (from lower level)
   INV: 1732 # Invalidates (from upper level)
   INVX: 1778 # Downgrades (from upper level)
   FWD: 0 # Forwards (from upper level)
   latGETnl: 570832504 # GET request latency on next level
   latGETnet: 0 # GET request latency on network to next level
 l2: # Cache stats
  l2-0: # Cache stats
   hGETS: 298827 # GETS hits
   hGETX: 3 # GETX hits
   mGETS: 9581137 # GETS misses
   mGETXIM: 1874287 # GETX I->M misses
   mGETXSM: 147799 # GETX S->M misses (upgrade misses)
   PUTS: 8169204 # Clean evictions (from lower level)
   PUTX: 3583761 # Dirty evictions (from lower level)
   INV: 3867 # Invalidates (from upper level)
   INVX: 41020 # Downgrades (from upper level)
   FWD: 0 # Forwards (from upper level)
   latGETnl: 688905855 # GET request latency on next level
   latGETnet: 0 # GET request latency on network to next level
  l2-1: # Cache stats
   hGETS: 3797 # GETS hits
   hGETX: 0 # GETX hits
   mGETS: 7819992 # GETS misses
   mGETXIM: 71577 # GETX I->M misses
   mGETXSM: 482 # GETX S->M misses (upgrade misses)
   PUTS: 7675300 # Clean evictions (from lower level)
   PUTX: 217607 # Dirty evictions (from lower level)
   INV: 27656 # Invalidates (from upper level)
   INVX: 49988 # Downgrades (from upper level)
   FWD: 0 # Forwards (from upper level)
   latGETnl: 509837015 # GET request latency on next level
   latGETnet: 0 # GET request latency on network to next level
  l2-2: # Cache stats
   hGETS: 3653 # GETS hits
   hGETX: 0 # GETX hits
   mGETS: 7819922 # GETS misses
   mGETXIM: 71558 # GETX I->M misses
   mGETXSM: 335 # GETX S->M misses (upgrade misses)
   PUTS: 7674851 # Clean evictions (from lower level)
   PUTX: 217905 # Dirty evictions (from lower level)
   INV: 27509 # Invalidates (from upper level)
   INVX: 50808 # Downgrades (from upper level)
   FWD: 0 # Forwards (from upper level)
   latGETnl: 509766907 # GET request latency on next level
   latGETnet: 0 # GET request latency on network to next level
  l2-3: # Cache stats
   hGETS: 3549 # GETS hits
   hGETX: 0 # GETX hits
   mGETS: 7820173 # GETS misses
   mGETXIM: 71563 # GETX I->M misses
   mGETXSM: 181 # GETX S->M misses (upgrade misses)
   PUTS: 7674486 # Clean evictions (from lower level)
   PUTX: 218421 # Dirty evictions (from lower level)
   INV: 28435 # Invalidates (from upper level)
   INVX: 51065 # Downgrades (from upper level)
   FWD: 0 # Forwards (from upper level)
   latGETnl: 509730565 # GET request latency on next level
   latGETnet: 0 # GET request latency on network to next level
  l2-4: # Cache stats
   hGETS: 3457 # GETS hits
   hGETX: 0 # GETX hits
   mGETS: 7819903 # GETS misses
   mGETXIM: 71556 # GETX I->M misses
   mGETXSM: 255 # GETX S->M misses (upgrade misses)
   PUTS: 7674694 # Clean evictions (from lower level)
   PUTX: 217853 # Dirty evictions (from lower level)
   INV: 27723 # Invalidates (from upper level)
   INVX: 51213 # Downgrades (from upper level)
   FWD: 0 # Forwards (from upper level)
   latGETnl: 509250178 # GET request latency on next level
   latGETnet: 0 # GET request latency on network to next level
  l2-5: # Cache stats
   hGETS: 3494 # GETS hits
   hGETX: 0 # GETX hits
   mGETS: 7820093 # GETS misses
   mGETXIM: 71563 # GETX I->M misses
   mGETXSM: 607 # GETX S->M misses (upgrade misses)
   PUTS: 7675011 # Clean evictions (from lower level)
   PUTX: 217770 # Dirty evictions (from lower level)
   INV: 27841 # Invalidates (from upper level)
   INVX: 50553 # Downgrades (from upper level)
   FWD: 0 # Forwards (from upper level)
   latGETnl: 508252323 # GET request latency on next level
   latGETnet: 0 # GET request latency on network to next level
  l2-6: # Cache stats
   hGETS: 3702 # GETS hits
   hGETX: 0 # GETX hits
   mGETS: 7821403 # GETS misses
   mGETXIM: 71578 # GETX I->M misses
   mGETXSM: 229 # GETX S->M misses (upgrade misses)
   PUTS: 7676950 # Clean evictions (from lower level)
   PUTX: 217301 # Dirty evictions (from lower level)
   INV: 27972 # Invalidates (from upper level)
   INVX: 32661 # Downgrades (from upper level)
   FWD: 0 # Forwards (from upper level)
   latGETnl: 507663302 # GET request latency on next level
   latGETnet: 0 # GET request latency on network to next level
 l3: # Cache stats
  l3-0: # Cache stats
   hGETS: 1761819 # GETS hits
   hGETX: 169201 # GETX hits
   mGETS: 54740804 # GETS misses
   mGETXIM: 2284369 # GETX I->M misses
   mGETXSM: 0 # GETX S->M misses (upgrade misses)
   PUTS: 53989410 # Clean evictions (from lower level)
   PUTX: 4588548 # Dirty evictions (from lower level)
   INV: 0 # Invalidates (from upper level)
   INVX: 0 # Downgrades (from upper level)
   FWD: 0 # Forwards (from upper level)
   latGETnl: 2737208304 # GET request latency on next level
   latGETnet: 0 # GET request latency on network to next level
 mem: # Memory controller stats
  mem-0: # Memory controller stats
   rd: 31088437 # Read requests
   wr: 1855449 # Write requests
   rdlat: 2756285803 # Total latency experienced by read requests
   wrlat: 406781085 # Total latency experienced by write requests
   rdhits: 40546 # Read row hits
   wrhits: 50290 # Write row hits
   mlh: # latency histogram for memory requests
    0: 0
    1: 0
    2: 0
    3: 0
    4: 0
    5: 2
    6: 1064
    7: 17012764
    8: 8844877
    9: 1762589
    10: 551778
    11: 291774
    12: 311462
    13: 562589
    14: 376249
    15: 344488
    16: 309189
    17: 78067
    18: 55963
    19: 51273
    20: 41674
    21: 53190
    22: 65290
    23: 38143
    24: 36126
    25: 38407
    26: 37131
    27: 35166
    28: 41893
    29: 39096
    30: 34598
    31: 27138
    32: 14512
    33: 7326
    34: 4963
    35: 3985
    36: 3462
    37: 2701
    38: 2138
    39: 1714
    40: 1308
    41: 729
    42: 647
    43: 518
    44: 489
    45: 390
    46: 258
    47: 189
    48: 164
    49: 125
    50: 97
    51: 97
    52: 93
    53: 106
    54: 104
    55: 95
    56: 76
    57: 72
    58: 22
    59: 24
    60: 11
    61: 8
    62: 8
    63: 2
    64: 5
    65: 2
    66: 2
    67: 4
    68: 3
    69: 0
    70: 1
    71: 1
    72: 2
    73: 0
    74: 2
    75: 0
    76: 0
    77: 0
    78: 0
    79: 1
    80: 0
    81: 0
    82: 0
    83: 0
    84: 1
    85: 0
    86: 0
    87: 0
    88: 0
    89: 0
    90: 0
    91: 0
    92: 0
    93: 0
    94: 0
    95: 0
    96: 0
    97: 0
    98: 0
    99: 0
  mem-1: # Memory controller stats
   rd: 25936502 # Read requests
   wr: 1854018 # Write requests
   rdlat: 2177849187 # Total latency experienced by read requests
   wrlat: 349748389 # Total latency experienced by write requests
   rdhits: 23437 # Read row hits
   wrhits: 40758 # Write row hits
   mlh: # latency histogram for memory requests
    0: 0
    1: 0
    2: 0
    3: 0
    4: 0
    5: 0
    6: 485
    7: 16935278
    8: 6282225
    9: 1435545
    10: 277546
    11: 118524
    12: 94058
    13: 94016
    14: 110399
    15: 131958
    16: 109495
    17: 18981
    18: 17699
    19: 14439
    20: 11933
    21: 15306
    22: 28303
    23: 20470
    24: 23625
    25: 27493
    26: 28553
    27: 27658
    28: 32220
    29: 26653
    30: 21986
    31: 13341
    32: 6599
    33: 2807
    34: 1733
    35: 1507
    36: 1411
    37: 789
    38: 751
    39: 523
    40: 484
    41: 218
    42: 169
    43: 175
    44: 218
    45: 106
    46: 99
    47: 62
    48: 45
    49: 76
    50: 60
    51: 50
    52: 57
    53: 47
    54: 84
    55: 78
    56: 53
    57: 46
    58: 19
    59: 15
    60: 21
    61: 0
    62: 1
    63: 2
    64: 1
    65: 2
    66: 3
    67: 2
    68: 0
    69: 0
    70: 0
    71: 0
    72: 0
    73: 0
    74: 0
    75: 0
    76: 0
    77: 0
    78: 0
    79: 0
    80: 0
    81: 0
    82: 0
    83: 0
    84: 0
    85: 0
    86: 0
    87: 0
    88: 0
    89: 0
    90: 0
    91: 0
    92: 0
    93: 0
    94: 0
    95: 0
    96: 0
    97: 0
    98: 0
    99: 0
 sched: # Scheduler stats
  thCr: 7 # Threads created
  thFn: 0 # Threads finished
  schedEvs: 7 # Schedule events
  waitEvs: 0 # Wait events
  handoffEvs: 0 # Handoff events
  sleepEvs: 0 # Sleep events
  idlePhases: 0 # Phases with no thread active
  idlePeriods: 0 # Periods with no thread active
  occHist: # Occupancy histogram
   0: 0
   1: 80442
   2: 0
   3: 1
   4: 0
   5: 0
   6: 0
   7: 112772
  rqSzHist: # Run queue size histogram
   0: 193215
   1: 0
   2: 0
   3: 0
   4: 0
   5: 0
   6: 0
   7: 0
   8: 0
   9: 0
   10: 0
   11: 0
   12: 0
   13: 0
   14: 0
   15: 0
   16: 0
 procCycles: # Per-process unhalted core cycles
  0: 7553432505
  1: 0
  2: 0
  3: 0
  4: 0
  5: 0
  6: 0
  7: 0
  8: 0
  9: 0
  10: 0
  11: 0
  12: 0
  13: 0
  14: 0
  15: 0
  16: 0
  17: 0
  18: 0
  19: 0
  20: 0
  21: 0
  22: 0
  23: 0
  24: 0
  25: 0
  26: 0
  27: 0
  28: 0
  29: 0
  30: 0
  31: 0
  32: 0
  33: 0
  34: 0
  35: 0
  36: 0
  37: 0
  38: 0
  39: 0
  40: 0
  41: 0
  42: 0
  43: 0
  44: 0
  45: 0
  46: 0
  47: 0
  48: 0
  49: 0
  50: 0
  51: 0
  52: 0
  53: 0
  54: 0
  55: 0
  56: 0
  57: 0
  58: 0
  59: 0
  60: 0
  61: 0
  62: 0
  63: 0
 procInstrs: # Per-process instructions
  0: 5000007722
  1: 0
  2: 0
  3: 0
  4: 0
  5: 0
  6: 0
  7: 0
  8: 0
  9: 0
  10: 0
  11: 0
  12: 0
  13: 0
  14: 0
  15: 0
  16: 0
  17: 0
  18: 0
  19: 0
  20: 0
  21: 0
  22: 0
  23: 0
  24: 0
  25: 0
  26: 0
  27: 0
  28: 0
  29: 0
  30: 0
  31: 0
  32: 0
  33: 0
  34: 0
  35: 0
  36: 0
  37: 0
  38: 0
  39: 0
  40: 0
  41: 0
  42: 0
  43: 0
  44: 0
  45: 0
  46: 0
  47: 0
  48: 0
  49: 0
  50: 0
  51: 0
  52: 0
  53: 0
  54: 0
  55: 0
  56: 0
  57: 0
  58: 0
  59: 0
  60: 0
  61: 0
  62: 0
  63: 0
 heartbeats: # Per-process heartbeats
  0: 0
  1: 0
  2: 0
  3: 0
  4: 0
  5: 0
  6: 0
  7: 0
  8: 0
  9: 0
  10: 0
  11: 0
  12: 0
  13: 0
  14: 0
  15: 0
  16: 0
  17: 0
  18: 0
  19: 0
  20: 0
  21: 0
  22: 0
  23: 0
  24: 0
  25: 0
  26: 0
  27: 0
  28: 0
  29: 0
  30: 0
  31: 0
  32: 0
  33: 0
  34: 0
  35: 0
  36: 0
  37: 0
  38: 0
  39: 0
  40: 0
  41: 0
  42: 0
  43: 0
  44: 0
  45: 0
  46: 0
  47: 0
  48: 0
  49: 0
  50: 0
  51: 0
  52: 0
  53: 0
  54: 0
  55: 0
  56: 0
  57: 0
  58: 0
  59: 0
  60: 0
  61: 0
  62: 0
  63: 0
===
